2023-04-18,00:05:17.479900,#RCBvsCSK,74912
2023-04-18,00:05:17.480664,Maxwell,29858
2023-04-18,00:05:17.480810,#MSDhoni𓃵,13021
2023-04-18,00:05:17.480935,#WhistlePodu,67195
2023-04-18,00:05:17.481043,#FafDuPlessis,None
2023-04-18,00:05:17.481145,Maxi,19103
2023-04-18,00:05:17.481243,Chinnaswamy,51928
2023-04-18,00:05:17.481340,Rahane,13986
2023-04-18,00:05:17.481435,#HiddenSecretsInGita,309921
2023-04-18,00:05:17.481534,Parnell,None
2023-04-18,00:05:17.481629,Pathirana,10379
2023-04-18,00:05:17.481724,Malinga,None
2023-04-18,00:05:17.481819,Hasaranga,None
2023-04-18,00:05:17.481914,Dube,19758
2023-04-18,00:05:17.482007,Theekshana,None
2023-04-18,00:05:17.482100,Shahbaz,None
2023-04-18,00:05:17.482196,hobi,382416
2023-04-18,00:05:17.482288,Conway,11413
2023-04-18,00:05:17.482380,Harshal Patel,None
2023-04-18,00:05:17.482475,Chennai Super Kings,None
2023-04-18,00:05:17.482570,Haarcb,None
2023-04-18,00:05:17.482663,Arun Jaitley Stadium,None
2023-04-18,00:05:17.482759,Ross T,None
2023-04-18,00:05:17.482853,Ankit R,None
2023-04-18,00:05:17.482946,Jadeja,None
2023-04-18,00:05:17.483041,Santner,None
2023-04-18,00:05:17.483142,Match,283046
2023-04-18,00:05:17.483194,Andre R,None
2023-04-18,00:05:17.483246,SAB MOH MAYA HAI,21580
2023-04-18,00:05:17.483299,Prabhudesai,None
2023-04-18,00:05:17.483350,Tushar Deshpande,None
2023-04-18,00:05:17.483403,Chokers,None
2023-04-18,00:05:17.483455,Suyash,None
2023-04-18,00:05:17.483508,Dinesh Karthik,None
2023-04-18,00:05:17.483562,Akash Singh,None
2023-04-18,00:05:17.483615,Hesson,None
2023-04-18,00:05:17.483667,Siraj,None
2023-04-18,00:05:17.483739,Only RCB,None
2023-04-18,00:05:17.483793,RCB RCB,121501
2023-04-18,00:05:17.483850,Vintage RCB,None
2023-04-18,00:05:17.483921,पवित्र पुस्तक ज्ञान गंगा,60077
2023-04-18,00:05:17.484004,Wicket,15388
2023-04-18,00:05:17.484057,Willey,None
2023-04-18,00:05:17.484127,महिला अधिकारी,None
2023-04-18,00:05:17.484183,गीता ज्ञान दाता,61556
2023-04-18,00:05:17.484236,RCBians,None
2023-04-18,00:05:17.484288,Lomror,None
2023-04-18,00:05:17.484341,Moeen,None
2023-04-18,00:05:17.484394,अनमोल पुस्तक ज्ञान गंगा,64361
2023-04-18,00:05:17.484447,Rishab P,None
2023-04-18,00:11:51.827845,#RCBvsCSK,76001
2023-04-18,00:11:51.828359,#MSDhoni𓃵,13559
2023-04-18,00:11:51.828448,Maxwell,30192
2023-04-18,00:11:51.828545,Dhoni,98899
2023-04-18,00:11:51.828607,#WhistlePodu,69098
2023-04-18,00:11:51.828665,#FafDuPlessis,None
2023-04-18,00:11:51.828723,Maxi,19227
2023-04-18,00:11:51.828778,Rahane,14344
2023-04-18,00:11:51.828833,Chinnaswamy,52315
2023-04-18,00:11:51.828887,Parnell,None
2023-04-18,00:11:51.828941,#HiddenSecretsInGita,310178
2023-04-18,00:11:51.828995,Pathirana,10829
2023-04-18,00:11:51.829059,Malinga,None
2023-04-18,00:11:51.829109,Hasaranga,None
2023-04-18,00:11:51.829158,hobi,384072
2023-04-18,00:11:51.829208,Dube,19839
2023-04-18,00:11:51.829258,Theekshana,None
2023-04-18,00:11:51.829307,Shahbaz,None
2023-04-18,00:11:51.829357,Harshal Patel,None
2023-04-18,00:11:51.829407,Conway,11542
2023-04-18,00:11:51.829456,Haarcb,None
2023-04-18,00:11:51.829506,Jadeja,None
2023-04-18,00:11:51.829556,Arun Jaitley Stadium,None
2023-04-18,00:11:51.829606,Match,285215
2023-04-18,00:11:51.829655,Ankit R,None
2023-04-18,00:11:51.829705,Ross T,None
2023-04-18,00:11:51.829754,Santner,None
2023-04-18,00:11:51.829820,Andre R,None
2023-04-18,00:11:51.829872,Tushar Deshpande,None
2023-04-18,00:11:51.829927,SAB MOH MAYA HAI,21671
2023-04-18,00:11:51.829980,Chokers,None
2023-04-18,00:11:51.830033,Prabhudesai,None
2023-04-18,00:11:51.830086,Suyash,None
2023-04-18,00:11:51.830138,Dinesh Karthik,None
2023-04-18,00:11:51.830192,Akash Singh,None
2023-04-18,00:11:51.830244,Hesson,None
2023-04-18,00:11:51.830297,Only RCB,None
2023-04-18,00:11:51.830350,Siraj,None
2023-04-18,00:11:51.830402,RCB RCB,123313
2023-04-18,00:11:51.830466,पवित्र पुस्तक ज्ञान गंगा,60125
2023-04-18,00:11:51.830517,Wicket,15506
2023-04-18,00:11:51.830566,Vintage RCB,None
2023-04-18,00:11:51.830630,महिला अधिकारी,None
2023-04-18,00:11:51.830683,Willey,None
2023-04-18,00:11:51.830734,Moeen,None
2023-04-18,00:11:51.830783,Jeet,None
2023-04-18,00:11:51.830832,RCBians,None
2023-04-18,00:11:51.830881,Jaddu,None
2023-04-18,00:11:51.830930,Lomror,None
2023-04-18,00:11:51.830979,अनमोल पुस्तक ज्ञान गंगा,64418
2023-04-18,00:18:24.520049,#RCBvsCSK,77438
2023-04-18,00:18:24.520515,#MSDhoni𓃵,14058
2023-04-18,00:18:24.520591,Maxwell,30542
2023-04-18,00:18:24.520646,Dhoni,100526
2023-04-18,00:18:24.520697,#WhistlePodu,70149
2023-04-18,00:18:24.520746,#FafDuPlessis,None
2023-04-18,00:18:24.520794,Maxi,19336
2023-04-18,00:18:24.520841,Rahane,14723
2023-04-18,00:18:24.520887,Chinnaswamy,52933
2023-04-18,00:18:24.520935,Parnell,None
2023-04-18,00:18:24.520981,#HiddenSecretsInGita,310423
2023-04-18,00:18:24.521029,Pathirana,11070
2023-04-18,00:18:24.521075,Malinga,None
2023-04-18,00:18:24.521121,Hasaranga,None
2023-04-18,00:18:24.521167,hobi,386096
2023-04-18,00:18:24.521212,Theekshana,None
2023-04-18,00:18:24.521258,Dube,19976
2023-04-18,00:18:24.521303,Shahbaz,None
2023-04-18,00:18:24.521349,Harshal Patel,None
2023-04-18,00:18:24.521395,Conway,11683
2023-04-18,00:18:24.521440,Haarcb,None
2023-04-18,00:18:24.521486,Arun Jaitley Stadium,None
2023-04-18,00:18:24.521534,Jadeja,None
2023-04-18,00:18:24.521580,Match,287811
2023-04-18,00:18:24.521626,Ankit R,None
2023-04-18,00:18:24.521672,Ross T,None
2023-04-18,00:18:24.521718,Santner,None
2023-04-18,00:18:24.521764,Andre R,None
2023-04-18,00:18:24.521809,SAB MOH MAYA HAI,21774
2023-04-18,00:18:24.521856,Tushar Deshpande,None
2023-04-18,00:18:24.521902,Chokers,None
2023-04-18,00:18:24.521948,Prabhudesai,None
2023-04-18,00:18:24.521994,Suyash,None
2023-04-18,00:18:24.522039,Dinesh Karthik,None
2023-04-18,00:18:24.522085,Akash Singh,None
2023-04-18,00:18:24.522131,Hesson,None
2023-04-18,00:18:24.522176,Only RCB,None
2023-04-18,00:18:24.522222,RCB RCB,124771
2023-04-18,00:18:24.522268,पवित्र पुस्तक ज्ञान गंगा,60173
2023-04-18,00:18:24.522316,Siraj,None
2023-04-18,00:18:24.522363,Wicket,15729
2023-04-18,00:18:24.522409,Vintage RCB,None
2023-04-18,00:18:24.522455,महिला अधिकारी,None
2023-04-18,00:18:24.522502,Willey,None
2023-04-18,00:18:24.522553,Jeet,None
2023-04-18,00:18:24.522598,RCBians,None
2023-04-18,00:18:24.522644,Jaddu,None
2023-04-18,00:18:24.522689,Moeen,None
2023-04-18,00:18:24.522734,Lomror,None
2023-04-18,00:18:24.522780,अनमोल पुस्तक ज्ञान गंगा,64469
2023-04-18,00:25:04.496659,#RCBvsCSK,78582
2023-04-18,00:25:04.497113,#MSDhoni𓃵,14704
2023-04-18,00:25:04.497191,Maxwell,30925
2023-04-18,00:25:04.497246,Dhoni,102535
2023-04-18,00:25:04.497298,#WhistlePodu,71247
2023-04-18,00:25:04.497382,#FafDuPlessis,None
2023-04-18,00:25:04.497434,Maxi,19535
2023-04-18,00:25:04.497482,Rahane,14902
2023-04-18,00:25:04.497529,Chinnaswamy,53267
2023-04-18,00:25:04.497577,Parnell,None
2023-04-18,00:25:04.497624,#Yellove,55922
2023-04-18,00:25:04.497671,Pathirana,11305
2023-04-18,00:25:04.497717,Malinga,None
2023-04-18,00:25:04.497764,Hasaranga,None
2023-04-18,00:25:04.497810,hobi,387400
2023-04-18,00:25:04.497856,Theekshana,None
2023-04-18,00:25:04.497903,Dube,20067
2023-04-18,00:25:04.497948,Shahbaz,None
2023-04-18,00:25:04.497995,Harshal Patel,None
2023-04-18,00:25:04.498042,Haarcb,None
2023-04-18,00:25:04.498089,Conway,11773
2023-04-18,00:25:04.498135,Arun Jaitley Stadium,None
2023-04-18,00:25:04.498182,Jadeja,None
2023-04-18,00:25:04.498228,Ross T,None
2023-04-18,00:25:04.498274,Ankit R,None
2023-04-18,00:25:04.498320,Santner,None
2023-04-18,00:25:04.498366,Match,289553
2023-04-18,00:25:04.498411,Andre R,None
2023-04-18,00:25:04.498458,SAB MOH MAYA HAI,21820
2023-04-18,00:25:04.498504,Tushar Deshpande,None
2023-04-18,00:25:04.498550,Chokers,None
2023-04-18,00:25:04.498596,Prabhudesai,None
2023-04-18,00:25:04.498642,Suyash,None
2023-04-18,00:25:04.498688,Dinesh Karthik,None
2023-04-18,00:25:04.498745,Hesson,None
2023-04-18,00:25:04.498793,Only RCB,None
2023-04-18,00:25:04.498839,Akash Singh,None
2023-04-18,00:25:04.498885,RCB RCB,126499
2023-04-18,00:25:04.498931,पवित्र पुस्तक ज्ञान गंगा,60237
2023-04-18,00:25:04.498979,Siraj,None
2023-04-18,00:25:04.499026,Wicket,15882
2023-04-18,00:25:04.499071,Vintage RCB,None
2023-04-18,00:25:04.499122,महिला अधिकारी,None
2023-04-18,00:25:04.499169,Willey,None
2023-04-18,00:25:04.499217,Jeet,None
2023-04-18,00:25:04.499263,Jaddu,None
2023-04-18,00:25:04.499315,Moeen,None
2023-04-18,00:25:04.499361,Lomror,None
2023-04-18,00:25:04.499406,Bowlers,None
2023-04-18,00:25:04.499452,अनमोल पुस्तक ज्ञान गंगा,64511
2023-04-18,00:34:05.710575,#RCBvsCSK,79242
2023-04-18,00:34:05.710982,#MSDhoni𓃵,15153
2023-04-18,00:34:05.711058,Maxwell,30439
2023-04-18,00:34:05.711112,Dhoni,103790
2023-04-18,00:34:05.711163,#WhistlePodu,71893
2023-04-18,00:34:05.711212,#FafDuPlessis,None
2023-04-18,00:34:05.711262,Rahane,15082
2023-04-18,00:34:05.711311,Maxi,19076
2023-04-18,00:34:05.711358,Chinnaswamy,53492
2023-04-18,00:34:05.711406,Parnell,None
2023-04-18,00:34:05.711454,#Yellove,56392
2023-04-18,00:34:05.711502,Pathirana,11563
2023-04-18,00:34:05.711548,Malinga,None
2023-04-18,00:34:05.711596,Hasaranga,None
2023-04-18,00:34:05.711642,hobi,370888
2023-04-18,00:34:05.711688,Shahbaz,None
2023-04-18,00:34:05.711735,Theekshana,None
2023-04-18,00:34:05.711782,Dube,20084
2023-04-18,00:34:05.711828,Haarcb,None
2023-04-18,00:34:05.711874,Conway,11766
2023-04-18,00:34:05.711921,Harshal,None
2023-04-18,00:34:05.711967,Arun Jaitley Stadium,None
2023-04-18,00:34:05.712015,Ankit R,None
2023-04-18,00:34:05.712061,Jadeja,None
2023-04-18,00:34:05.712108,Ross T,None
2023-04-18,00:34:05.712156,Santner,None
2023-04-18,00:34:05.712202,Andre R,None
2023-04-18,00:34:05.712247,Match,277759
2023-04-18,00:34:05.712294,SAB MOH MAYA HAI,22008
2023-04-18,00:34:05.712341,Tushar Deshpande,None
2023-04-18,00:34:05.712389,Prabhudesai,None
2023-04-18,00:34:05.712435,Dinesh Karthik,None
2023-04-18,00:34:05.712480,Suyash,None
2023-04-18,00:34:05.712526,Hesson,None
2023-04-18,00:34:05.712572,Chokers,None
2023-04-18,00:34:05.712618,Only RCB,None
2023-04-18,00:34:05.712663,Akash Singh,None
2023-04-18,00:34:05.712709,RCB RCB,127212
2023-04-18,00:34:05.712781,Siraj,None
2023-04-18,00:34:05.712830,पवित्र पुस्तक ज्ञान गंगा,60262
2023-04-18,00:34:05.712878,Wicket,15863
2023-04-18,00:34:05.712924,Vintage RCB,None
2023-04-18,00:34:05.712975,महिला अधिकारी,None
2023-04-18,00:34:05.713023,Willey,None
2023-04-18,00:34:05.713070,Jaddu,None
2023-04-18,00:34:05.713116,Moeen,None
2023-04-18,00:34:05.713162,Lomror,None
2023-04-18,00:34:05.713208,Jeet,None
2023-04-18,00:34:05.713254,अनमोल पुस्तक ज्ञान गंगा,64549
2023-04-18,00:34:05.713300,Gyan Ganga,31256
