2023-04-14,00:01:32.641671,#PBKSvGT,None
2023-04-14,00:01:32.642141,#MashalKrantiGwalior,None
2023-04-14,00:01:32.642225,B Cutting,None
2023-04-14,00:01:32.642290,Rahul Tewatia,None
2023-04-14,00:01:32.642349,#AskStar,None
2023-04-14,00:01:32.642407,विकास दुबे,None
2023-04-14,00:01:32.642465,David W,None
2023-04-14,00:01:32.642521,#PappuLogic,None
2023-04-14,00:01:32.642575,पूर्व संध्या,None
2023-04-14,00:01:32.642633,Sam Curran,None
2023-04-14,00:01:32.642687,उमेश पाल,41957
2023-04-14,00:01:32.642743,#AyushmannKhurrana,None
2023-04-14,00:01:32.642797,Mohit Sharma,None
2023-04-14,00:01:32.642851,Amit M,None
2023-04-14,00:01:32.642905,आदित्य राणा,None
2023-04-14,00:01:32.642960,Rashid K,None
2023-04-14,00:01:32.643015,Miller,35718
2023-04-14,00:01:32.643069,राजू पाल,None
2023-04-14,00:01:32.643123,Rabada,None
2023-04-14,00:01:32.643177,अखिलेश यादव,21898
2023-04-14,00:01:32.643231,PINNACLE OF INDIAN CINEMA YASH,21892
2023-04-14,00:01:32.643285,Vikas Dubey,None
2023-04-14,00:01:32.643339,Yogi,60169
2023-04-14,00:01:32.643398,Saha,10723
2023-04-14,00:01:32.643451,4 Wickets,None
2023-04-14,00:01:32.643505,भीमराव अंबेडकर,None
2023-04-14,00:01:32.643559,मोनू मानेसर,None
2023-04-14,00:01:32.643614,इंडिया मुस्लिम,None
2023-04-14,00:01:32.643668,WE LUV U HARSHADCHOPDA,18145
2023-04-14,00:01:32.643722,Relationships - 0,None
2023-04-14,00:01:32.643776,असद अहमद,79683
2023-04-14,00:01:32.643860,Hardik Pandya,None
2023-04-14,00:01:32.643916,haruto,105529
2023-04-14,00:01:32.643970,Umesh,34400
2023-04-14,00:01:32.644024,Mafia,106526
2023-04-14,00:01:32.644078,Atiq,51624
2023-04-14,00:01:32.644130,Same Director,10305
2023-04-14,00:01:32.644182,tannie,61821
2023-04-14,00:01:32.644234,Matthew,124524
2023-04-14,00:01:32.644288,हज़रत मौलाना,None
2023-04-14,00:01:32.644342,योगी सरकार,11409
2023-04-14,00:01:32.644396,गुड्डू मुस्लिम,13554
2023-04-14,00:01:32.644450,अम्बेडकर जयंती,None
2023-04-14,00:01:32.644504,Chronology Of Events InSSRCase,50000
2023-04-14,00:01:32.644558,Criminals,79300
2023-04-14,00:01:32.644611,Finvasia,None
2023-04-14,00:01:32.644668,CCTV,19411
2023-04-14,00:01:32.644722,Mane,136700
2023-04-14,00:01:32.644775,Rona,None
2023-04-14,00:01:32.644838,Mohali,None
2023-04-14,00:08:46.910323,#PBKSvGT,None
2023-04-14,00:08:46.910876,Rahul Tewatia,None
2023-04-14,00:08:46.910973,#AskStar,None
2023-04-14,00:08:46.911050,#MashalKrantiGwalior,None
2023-04-14,00:08:46.911123,B Cutting,None
2023-04-14,00:08:46.911191,विकास दुबे,None
2023-04-14,00:08:46.911261,David W,None
2023-04-14,00:08:46.911328,#AmbedkarJayanti2023,None
2023-04-14,00:08:46.911395,#PappuLogic,None
2023-04-14,00:08:46.911460,Gujarat Titans,None
2023-04-14,00:08:46.911523,पूर्व संध्या,None
2023-04-14,00:08:46.911590,Sam Curran,None
2023-04-14,00:08:46.911654,Mohit Sharma,None
2023-04-14,00:08:46.911719,उमेश पाल,42177
2023-04-14,00:08:46.911785,आदित्य राणा,None
2023-04-14,00:08:46.911850,Rashid K,None
2023-04-14,00:08:46.911916,Shubman Gill,None
2023-04-14,00:08:46.911980,Amit M,None
2023-04-14,00:08:46.912044,Miller,35996
2023-04-14,00:08:46.912109,Vikas Dubey,None
2023-04-14,00:08:46.912173,Rabada,None
2023-04-14,00:08:46.912236,राजू पाल,None
2023-04-14,00:08:46.912308,Yogi,60463
2023-04-14,00:08:46.912372,PINNACLE OF INDIAN CINEMA YASH,22043
2023-04-14,00:08:46.912436,मोनू मानेसर,None
2023-04-14,00:08:46.912502,Saha,10791
2023-04-14,00:08:46.912566,4 Wickets,None
2023-04-14,00:08:46.912629,भीमराव अंबेडकर,None
2023-04-14,00:08:46.912694,अखिलेश यादव,21974
2023-04-14,00:08:46.912759,WE LUV U HARSHADCHOPDA,18236
2023-04-14,00:08:46.912823,Relationships - 0,None
2023-04-14,00:08:46.912887,Hardik Pandya,None
2023-04-14,00:08:46.912950,इंडिया मुस्लिम,None
2023-04-14,00:08:46.913027,Umesh,34525
2023-04-14,00:08:46.913129,भारत रत्न,None
2023-04-14,00:08:46.913198,Mafia,107124
2023-04-14,00:08:46.913262,Atiq,51899
2023-04-14,00:08:46.913325,Same Director,10407
2023-04-14,00:08:46.913388,Mohali,None
2023-04-14,00:08:46.913453,haruto,105925
2023-04-14,00:08:46.913516,Matthew,125297
2023-04-14,00:08:46.913579,Rona,None
2023-04-14,00:08:46.913642,हज़रत मौलाना,None
2023-04-14,00:08:46.913707,योगी सरकार,11431
2023-04-14,00:08:46.913773,गुड्डू मुस्लिम,13606
2023-04-14,00:08:46.913837,अम्बेडकर जयंती,None
2023-04-14,00:08:46.913908,Chronology Of Events InSSRCase,50154
2023-04-14,00:08:46.913973,Criminals,80005
2023-04-14,00:08:46.914037,Owaisi,None
2023-04-14,00:08:46.914101,Finvasia,None
