2023-04-02,00:06:45.670929,#LSGvsDC,None
2023-04-02,00:06:45.671681,Zendaya,50644
2023-04-02,00:06:45.671780,Mark Wood,None
2023-04-02,00:06:45.671862,Potter,123491
2023-04-02,00:06:45.671938,#CheAvl,45403
2023-04-02,00:06:45.672011,Chelsea,223069
2023-04-02,00:06:45.672082,#NMACC,29672
2023-04-02,00:06:45.672154,#IPL23,None
2023-04-02,00:06:45.672225,Gigi,27710
2023-04-02,00:06:45.672305,Warner,31759
2023-04-02,00:06:45.672377,Tuchel,46692
2023-04-02,00:06:45.672448,Dortmund,70290
2023-04-02,00:06:45.672567,#LucknowSuperGiants,None
2023-04-02,00:06:45.672647,HBD COMIC ICON KAPIL,None
2023-04-02,00:06:45.672721,Kante,32065
2023-04-02,00:06:45.672792,Eric,100826
2023-04-02,00:06:45.672878,Chilwell,None
2023-04-02,00:06:45.672948,Sohail T,None
2023-04-02,00:06:45.673017,Kyle Mayers,None
2023-04-02,00:06:45.673088,Mudryk,31241
2023-04-02,00:06:45.673158,Suresh R,None
2023-04-02,00:06:45.673237,Cucurella,11536
2023-04-02,00:06:45.673308,Villa,95539
2023-04-02,00:06:45.673378,Mahela J,None
2023-04-02,00:06:45.673447,Sarfaraz,None
2023-04-02,00:06:45.673517,Shaw,31257
2023-04-02,00:06:45.673598,TWELVE HELLYLICIOUS YEARS,None
2023-04-02,00:06:45.673669,Gowtham,11548
2023-04-02,00:06:45.673740,Bundesliga,27495
2023-04-02,00:06:45.673813,Marsh,19943
2023-04-02,00:06:45.673884,Unibersity,None
2023-04-02,00:06:45.673955,Liverpool,308888
2023-04-02,00:06:45.674038,Trossard,37493
2023-04-02,00:06:45.674107,Rajat Sharma,None
2023-04-02,00:06:45.674179,Gambhir,None
2023-04-02,00:06:45.674249,Xhaka,18547
2023-04-02,00:06:45.674318,Pooran,None
2023-04-02,00:06:45.674387,deepika,None
2023-04-02,00:06:45.674455,Ambani,26350
2023-04-02,00:06:45.674525,Saree,10095
2023-04-02,00:06:45.674594,Punjab Kings,None
2023-04-02,00:06:45.674662,Grealish,65388
2023-04-02,00:06:45.674739,Shraddha,None
2023-04-02,00:06:45.674810,Trent,45706
2023-04-02,00:06:45.674881,Anfield,None
2023-04-02,00:06:45.674950,Jesus,321315
2023-04-02,00:06:45.675019,CBI Disappointing Us InSSRCase,46394
2023-04-02,00:06:45.675088,Alia,11921
2023-04-02,00:06:45.675156,The 10,682354
2023-04-02,00:06:45.675225,#DelhiCapitals,None
