2023-04-22,00:03:15.813750,#CSKvSRH,55076
2023-04-22,00:03:15.814236,#EidMubarak,200216
2023-04-22,00:03:15.814322,#MSDhoni,10918
2023-04-22,00:03:15.814385,#MessageOfAllahOnEid,401629
2023-04-22,00:03:15.814445,Allah Is Kabir,337973
2023-04-22,00:03:15.814502,Conway,11358
2023-04-22,00:03:15.814558,#tarekfatah,None
2023-04-22,00:03:15.814615,Chepauk,20466
2023-04-22,00:03:15.814669,ONLY SHAH RUKH KHAN RULES,22564
2023-04-22,00:03:15.814724,May Allah,134443
2023-04-22,00:03:15.814778,चांद मुबारक,None
2023-04-22,00:03:15.814834,Happy Eid,185026
2023-04-22,00:03:15.814888,David W,None
2023-04-22,00:03:15.814942,100 NIGHTS WITH KATHA ANKAHEE,11539
2023-04-22,00:03:15.814996,Manish P,None
2023-04-22,00:03:15.815049,भगवान परशुराम,None
2023-04-22,00:03:15.815105,Poch,22506
2023-04-22,00:03:15.815158,Harsha Bhogle,None
2023-04-22,00:03:15.815211,Sawai Mansingh Stadium,None
2023-04-22,00:03:15.815265,Rayudu,None
2023-04-22,00:03:15.815319,Chennai Super Kings,None
2023-04-22,00:03:15.815372,SHEHNAAZ GLORIFYING BTFW,29096
2023-04-22,00:03:15.815433,Aapko,None
2023-04-22,00:03:15.815486,gigi,52488
2023-04-22,00:03:15.815539,कबीर अल्लाह,99772
2023-04-22,00:03:15.815595,Nagelsmann,44713
2023-04-22,00:03:15.815649,Enrique,41526
2023-04-22,00:03:15.815730,Xhaka,None
2023-04-22,00:03:15.815788,Shubman G,None
2023-04-22,00:03:15.815843,Rutu,None
2023-04-22,00:03:15.815896,Dale S,None
2023-04-22,00:03:15.815957,Markram,None
2023-04-22,00:03:15.816004,पाक पुस्तक,29847
2023-04-22,00:03:15.816051,भगवान विष्णु,None
2023-04-22,00:03:15.816099,Kompany,19548
2023-04-22,00:03:15.816146,Tripathi,None
2023-04-22,00:03:15.816192,श्री परशुराम,None
2023-04-22,00:03:15.816239,Mayank,None
2023-04-22,00:03:15.816285,हजरत मुहम्मद,26311
2023-04-22,00:03:15.816333,Jaddu,None
2023-04-22,00:03:15.816380,Jansen,None
2023-04-22,00:03:15.816426,Moeen,None
2023-04-22,00:03:15.816472,भगवान कबीर,12166
2023-04-22,00:03:15.816519,Pathirana,None
2023-04-22,00:03:15.816570,Hazrat Muhammad,21840
2023-04-22,00:03:15.816618,holy quran,26090
2023-04-22,00:03:15.816664,साकार सिद्ध,None
2023-04-22,00:03:15.816711,तथा आसमान,None
2023-04-22,00:03:15.816757,आकर मिला,None
2023-04-22,00:03:15.816804,Klassen,None
