2023-04-13,00:06:20.803498,#UnstoppableJioStudios,None
2023-04-13,00:06:20.803955,#CSKvsRR,65258
2023-04-13,00:06:20.804040,Buttler,None
2023-04-13,00:06:20.804104,#BloodyDaddy,None
2023-04-13,00:06:20.804162,#Thala200,11535
2023-04-13,00:06:20.804219,Vicky Kaushal Career Drops,None
2023-04-13,00:06:20.804274,Om Shanti,None
2023-04-13,00:06:20.804330,Ashwin,None
2023-04-13,00:06:20.804385,#SK21,None
2023-04-13,00:06:20.804445,Moeen Ali,None
2023-04-13,00:06:20.804499,Santner,None
2023-04-13,00:06:20.804554,Akash Singh,None
2023-04-13,00:06:20.804607,Chepauk,16476
2023-04-13,00:06:20.804661,INSAS,None
2023-04-13,00:06:20.804715,Theekshana,None
2023-04-13,00:06:20.804768,नीतीश कुमार,15035
2023-04-13,00:06:20.804825,Aguero,21261
2023-04-13,00:06:20.804879,Ghee,16042
2023-04-13,00:06:20.804932,भीमराव अंबेडकर,None
2023-04-13,00:06:20.804987,Chennai Super Kings,11696
2023-04-13,00:06:20.805042,सोनू सूद,20884
2023-04-13,00:06:20.805097,हेमंत यादव,36562
2023-04-13,00:06:20.805158,US CPI,None
2023-04-13,00:06:20.805214,Elon Musk,205934
2023-04-13,00:06:20.805269,CBI Answerable InSSRCase,46946
2023-04-13,00:06:20.805323,Bellingham,80353
2023-04-13,00:06:20.805376,रेल मंत्री,None
2023-04-13,00:06:20.805431,#MooseWalaOnBillboard,None
2023-04-13,00:06:20.805484,#realmenarzoN55OnAmazon,None
2023-04-13,00:06:20.805539,#1YearOfBeast,None
2023-04-13,00:06:20.805592,#ShahidKapoor,None
2023-04-13,00:06:20.805644,#GehlotKaMehngaiRahatCamp,None
2023-04-13,00:06:20.805698,#NitishKumar,None
2023-04-13,00:06:20.805752,#SanjayDutt,None
2023-04-13,00:06:20.805806,#KBFC,None
2023-04-13,00:06:20.805859,#AliAbbasZafar,None
2023-04-13,00:06:20.805913,#inflation,15665
2023-04-13,00:06:20.805966,#AnanyaBirla,None
2023-04-13,00:06:20.806019,#Jawan,13346
2023-04-13,00:06:20.806073,#SanjuSamson,None
2023-04-13,00:06:20.806126,#हेमंत_यादव_को_न्याय_दो,17141
2023-04-13,00:06:20.806180,#AmbedkarJayanti2023,None
2023-04-13,00:06:20.806233,#BombThreat,None
2023-04-13,00:06:20.806286,#FOMC,None
2023-04-13,00:06:20.806340,#PatnaAirport,None
2023-04-13,00:06:20.806398,#KeshubMahindra,None
2023-04-13,00:06:20.806452,#SuhanaKhan,None
2023-04-13,00:06:20.806506,#TejashwiYadav,None
2023-04-13,00:06:20.806559,#सशक्त_नारी_समृद्ध_भारत,11873
2023-04-13,00:06:20.806614,#IndiaWithModiJi,12664
