2023-04-20,00:04:16.521375,moonbin,1434308
2023-04-20,00:04:16.521863,#RRvsLSG,14813
2023-04-20,00:04:16.522011,Riyan Parag,None
2023-04-20,00:04:16.522093,Jurel,None
2023-04-20,00:04:16.522172,#IPL2O23,None
2023-04-20,00:04:16.522252,Astro,620578
2023-04-20,00:04:16.522356,Buttler,None
2023-04-20,00:04:16.522431,KL Rahul,13120
2023-04-20,00:04:16.522495,Padikkal,None
2023-04-20,00:04:16.522586,Holder,40336
2023-04-20,00:04:16.522651,Ashwin,None
2023-04-20,00:04:16.522737,Harshal P,None
2023-04-20,00:04:16.522815,Aroha,113568
2023-04-20,00:04:16.522895,#ArbFlokiAI,None
2023-04-20,00:04:16.522955,#5YearsForBBBharatAneNenu,None
2023-04-20,00:04:16.523016,M Shami,None
2023-04-20,00:04:16.523078,Shubman G,None
2023-04-20,00:04:16.523139,Avesh Khan,None
2023-04-20,00:04:16.523239,$SHIBAI,59403
2023-04-20,00:04:16.523345,#Haegeum,357203
2023-04-20,00:04:16.523419,D Bravo,None
2023-04-20,00:04:16.523485,Andrew McD,None
2023-04-20,00:04:16.523552,Hooda,None
2023-04-20,00:04:16.523652,Paddikal,None
2023-04-20,00:04:16.523714,महिला सभा,None
2023-04-20,00:04:16.523812,fantagio,100913
2023-04-20,00:04:16.523872,Stoinis,None
2023-04-20,00:04:16.523932,रियान पराग,None
2023-04-20,00:04:16.523994,eunwoo,39173
2023-04-20,00:04:16.524072,Samson,12173
2023-04-20,00:04:16.524130,Romance,62814
2023-04-20,00:04:16.524194,Naveen,None
2023-04-20,00:04:16.524256,Mayers,None
2023-04-20,00:04:16.524314,Jaipur,14050
2023-04-20,00:04:16.524374,Jaiswal,None
2023-04-20,00:04:16.524433,Nadda,11557
2023-04-20,00:04:16.524491,National Quantum Mission,None
2023-04-20,00:04:16.524550,MIN YOONGI,39336
2023-04-20,00:04:16.524608,जनसंख्या नियंत्रण,None
2023-04-20,00:04:16.524670,Mohali,None
2023-04-20,00:04:16.524747,राजस्थान रॉयल्स,None
2023-04-20,00:04:16.524810,Collegium,None
2023-04-20,00:04:16.524877,Angel,238290
2023-04-20,00:04:16.524940,WhatsApp University,None
2023-04-20,00:04:16.525005,joon,25761
2023-04-20,00:04:16.525098,Bharat Ratna,None
2023-04-20,00:04:16.525157,रामप्रसाद मीणा,11030
2023-04-20,00:04:16.525217,Biden,507397
2023-04-20,00:04:16.525275,पीस कमेटी,None
2023-04-20,00:04:16.525335,कर्नाटक चुनाव,None
