2023-04-05,00:06:48.917107,#DCvsGT,11543
2023-04-05,00:06:48.917677,#GTvsDC,None
2023-04-05,00:06:48.917766,#DonaldTrump,14912
2023-04-05,00:06:48.917831,Sheikh Zayed Stadium,None
2023-04-05,00:06:48.917893,Miller,44366
2023-04-05,00:06:48.917951,Sai Sudharsan,None
2023-04-05,00:06:48.918009,Vijay Shankar,None
2023-04-05,00:06:48.918066,Barbie,521732
2023-04-05,00:06:48.918122,#RishabhPant,None
2023-04-05,00:06:48.918178,Gujarat Titans,13918
2023-04-05,00:06:48.918232,#BounceBackAnurag,None
2023-04-05,00:06:48.918288,Axar,None
2023-04-05,00:06:48.918343,PEOPLE PT,417924
2023-04-05,00:06:48.918398,Nortje,None
2023-04-05,00:06:48.918452,Klopp,17739
2023-04-05,00:06:48.918506,Sarfaraz,None
2023-04-05,00:06:48.918562,Jannah,None
2023-04-05,00:06:48.918616,पूर्व राष्ट्रपति डोनाल्ड,None
2023-04-05,00:06:48.918673,Warner,64661
2023-04-05,00:06:48.918729,Kante,30662
2023-04-05,00:06:48.918784,Margot Robbie,57144
2023-04-05,00:06:48.918843,Assamese,13166
2023-04-05,00:06:48.918899,Manhattan,214213
2023-04-05,00:06:48.918953,Nupur Sharma,12489
2023-04-05,00:06:48.919007,Drinks - No,None
2023-04-05,00:06:48.919062,Zubair,18260
2023-04-05,00:06:48.919116,Greta Gerwig,104227
2023-04-05,00:06:48.919170,Marsh,14565
2023-04-05,00:06:48.919224,Aaron F,None
2023-04-05,00:06:48.919280,Ryan Gosling,40593
2023-04-05,00:06:48.919341,Breakup - No,None
2023-04-05,00:06:48.919395,Mumbai City FC,None
2023-04-05,00:06:48.919449,Smoking - No,None
2023-04-05,00:06:48.919503,1 YR TO MISHTY MITHAI,None
2023-04-05,00:06:48.919559,हनुमान बेनीवाल,None
2023-04-05,00:06:48.919615,ऋषभ पंत,None
2023-04-05,00:06:48.919670,Kane Williamson,None
2023-04-05,00:06:48.919723,Shaw,34397
2023-04-05,00:06:48.919777,Powell,13568
2023-04-05,00:06:48.919831,LKFC,None
2023-04-05,00:06:48.919885,Imran Khan,141657
2023-04-05,00:06:48.919938,STSJ,None
2023-04-05,00:06:48.919992,उद्धव ठाकरे,13838
2023-04-05,00:06:48.920051,समाचार मिला,None
2023-04-05,00:06:48.920109,मुख्यमंत्री श्री अशोक गहलोत,None
2023-04-05,00:06:48.920163,Sai Baba,None
2023-04-05,00:06:48.920218,हनुमान जयंती,None
2023-04-05,00:06:48.920272,Suga,718126
2023-04-05,00:06:48.920336,Enrique,84360
2023-04-05,00:06:48.920382,#Vi20FANFest,10266
2023-04-05,00:13:36.390294,#DCvsGT,11340
2023-04-05,00:13:36.390704,#GTvsDC,None
2023-04-05,00:13:36.390778,#DonaldTrump,15279
2023-04-05,00:13:36.390831,Sheikh Zayed Stadium,None
2023-04-05,00:13:36.390881,Miller,44832
2023-04-05,00:13:36.390928,Sai Sudharsan,None
2023-04-05,00:13:36.390976,Barbie,531313
2023-04-05,00:13:36.391023,#RishabhPant,None
2023-04-05,00:13:36.391070,Gujarat Titans,14019
2023-04-05,00:13:36.391118,#BounceBackAnurag,None
2023-04-05,00:13:36.391164,Vijay Shankar,None
2023-04-05,00:13:36.391211,Axar,None
2023-04-05,00:13:36.391257,PEOPLE PT,403019
2023-04-05,00:13:36.391303,Nortje,None
2023-04-05,00:13:36.391349,पूर्व राष्ट्रपति डोनाल्ड,None
2023-04-05,00:13:36.391397,Warner,65146
2023-04-05,00:13:36.391444,Margot Robbie,57576
2023-04-05,00:13:36.391490,Sarfaraz,None
2023-04-05,00:13:36.391536,Klopp,18210
2023-04-05,00:13:36.391582,Jannah,None
2023-04-05,00:13:36.391627,Assamese,13255
2023-04-05,00:13:36.391676,Drinks - No,None
2023-04-05,00:13:36.391722,Manhattan,219163
2023-04-05,00:13:36.391766,Kante,31649
2023-04-05,00:13:36.391811,Greta Gerwig,105713
2023-04-05,00:13:36.391857,Zubair,18598
2023-04-05,00:13:36.391903,Breakup - No,None
2023-04-05,00:13:36.391948,Aaron F,None
2023-04-05,00:13:36.391993,Nupur Sharma,12678
2023-04-05,00:13:36.392039,Ryan Gosling,41008
2023-04-05,00:13:36.392083,Marsh,14688
2023-04-05,00:13:36.392128,Mumbai City FC,None
2023-04-05,00:13:36.392174,Smoking - No,None
2023-04-05,00:13:36.392220,1 YR TO MISHTY MITHAI,None
2023-04-05,00:13:36.392267,ऋषभ पंत,None
2023-04-05,00:13:36.392314,LKFC,None
2023-04-05,00:13:36.392361,हनुमान बेनीवाल,None
2023-04-05,00:13:36.392407,Kane Williamson,None
2023-04-05,00:13:36.392461,Powell,13641
2023-04-05,00:13:36.392509,Shaw,34470
2023-04-05,00:13:36.392555,STSJ,None
2023-04-05,00:13:36.392600,Imran Khan,142331
2023-04-05,00:13:36.392644,मुख्यमंत्री श्री अशोक गहलोत,None
2023-04-05,00:13:36.392694,उद्धव ठाकरे,13889
2023-04-05,00:13:36.392774,हनुमान जयंती,None
2023-04-05,00:13:36.392824,Harry Potter,94694
2023-04-05,00:13:36.392870,Sai Baba,None
2023-04-05,00:13:36.392916,Suga,700931
2023-04-05,00:13:36.392962,Enrique,84647
2023-04-05,00:13:36.393006,KOHLI APNE KUTTE SAMBHAL,52735
