2023-04-19,00:05:56.045665,#MIvsSRH,10816
2023-04-19,00:05:56.046301,Arjun Tendulkar,16780
2023-04-19,00:05:56.046413,Samad,None
2023-04-19,00:05:56.046502,#MumbaiIndians,15260
2023-04-19,00:05:56.046585,Tim David,None
2023-04-19,00:05:56.046663,#Adipurush,38537
2023-04-19,00:05:56.046785,Lampard,33137
2023-04-19,00:05:56.046864,#RohitSharma𓃵,None
2023-04-19,00:05:56.046949,Sundar,None
2023-04-19,00:05:56.047026,#AgentTrailer,31463
2023-04-19,00:05:56.047100,Mayank,None
2023-04-19,00:05:56.047175,Gallagher,19350
2023-04-19,00:05:56.047249,Klassen,None
2023-04-19,00:05:56.047324,Cameron Green,None
2023-04-19,00:05:56.047397,Yorkers,14902
2023-04-19,00:05:56.047471,Meredith,10295
2023-04-19,00:05:56.047546,Bhuvi,None
2023-04-19,00:05:56.047620,MAHUA LARS BRORSON,None
2023-04-19,00:05:56.047693,Tilak,16183
2023-04-19,00:05:56.047769,Bhuvneshwar Kumar,None
2023-04-19,00:05:56.047844,Havertz,19177
2023-04-19,00:05:56.047918,Prashant S,None
2023-04-19,00:05:56.047993,Jaishankar,None
2023-04-19,00:05:56.048067,KBKJ ADV BOOKING STARTS,33233
2023-04-19,00:05:56.048142,Jansen,None
2023-04-19,00:05:56.048217,पुरानी दिल्ली,None
2023-04-19,00:05:56.048295,D Govindjee,None
2023-04-19,00:05:56.048369,बंगाली मार्केट,None
2023-04-19,00:05:56.048445,Chawla,None
2023-04-19,00:05:56.048519,World Premiere,17760
2023-04-19,00:05:56.048593,VVPAT,None
2023-04-19,00:05:56.048666,Nattu,None
2023-04-19,00:05:56.048739,Markram,None
2023-04-19,00:05:56.048812,Archer,18607
2023-04-19,00:05:56.048887,Sudan,133651
2023-04-19,00:05:56.048961,अर्जुन तेंदुलकर,None
2023-04-19,00:05:56.049036,Gender,160761
2023-04-19,00:05:56.049110,New York,253426
2023-04-19,00:05:56.049183,NHRC,None
2023-04-19,00:05:56.049258,Kavya,None
2023-04-19,00:05:56.049331,मुंबई इंडियंस,None
2023-04-19,00:05:56.049405,Jason,52020
2023-04-19,00:05:56.049489,Dera Sacha Sauda,52993
2023-04-19,00:05:56.049547,Madrid,603030
2023-04-19,00:05:56.049603,Wicket,18234
2023-04-19,00:05:56.049655,Male,183834
2023-04-19,00:05:56.049708,LGBTQ,77688
2023-04-19,00:05:56.049761,Ishan Kishan,None
2023-04-19,00:05:56.049814,बिलकिस बानो,None
2023-04-19,00:05:56.049869,Hard 2Ignore Facts InSSRCase,50236
2023-04-19,00:12:26.470574,#MIvsSRH,11132
2023-04-19,00:12:26.471311,Arjun Tendulkar,17436
2023-04-19,00:12:26.471456,#MumbaiIndians,15588
2023-04-19,00:12:26.471571,Samad,None
2023-04-19,00:12:26.471679,Tim David,None
2023-04-19,00:12:26.471781,#Adipurush,39107
2023-04-19,00:12:26.471880,Lampard,35387
2023-04-19,00:12:26.472028,#RohitSharma𓃵,None
2023-04-19,00:12:26.472138,Sundar,None
2023-04-19,00:12:26.472238,#AgentTrailer,31596
2023-04-19,00:12:26.472334,Mayank,None
2023-04-19,00:12:26.472430,Cameron Green,None
2023-04-19,00:12:26.472524,Gallagher,20027
2023-04-19,00:12:26.472620,Klassen,None
2023-04-19,00:12:26.472713,Yorkers,14984
2023-04-19,00:12:26.472808,Meredith,10374
2023-04-19,00:12:26.472903,Bhuvi,None
2023-04-19,00:12:26.472999,MAHUA LARS BRORSON,None
2023-04-19,00:12:26.473095,Tilak,16540
2023-04-19,00:12:26.473191,Bhuvneshwar Kumar,None
2023-04-19,00:12:26.473286,Havertz,19489
2023-04-19,00:12:26.473382,Prashant S,None
2023-04-19,00:12:26.473449,पुरानी दिल्ली,None
2023-04-19,00:12:26.473500,Jaishankar,None
2023-04-19,00:12:26.473550,KBKJ ADV BOOKING STARTS,33425
2023-04-19,00:12:26.473601,Jansen,None
2023-04-19,00:12:26.473650,बंगाली मार्केट,None
2023-04-19,00:12:26.473701,D Govindjee,None
2023-04-19,00:12:26.473751,VVPAT,None
2023-04-19,00:12:26.473801,Chawla,None
2023-04-19,00:12:26.473850,Nattu,None
2023-04-19,00:12:26.473899,World Premiere,17882
2023-04-19,00:12:26.473948,Archer,18793
2023-04-19,00:12:26.473997,Markram,None
2023-04-19,00:12:26.474047,Sudan,134199
2023-04-19,00:12:26.474096,अर्जुन तेंदुलकर,None
2023-04-19,00:12:26.474146,Gender,161561
2023-04-19,00:12:26.474195,New York,254536
2023-04-19,00:12:26.474244,NHRC,None
2023-04-19,00:12:26.474294,Jason,52444
2023-04-19,00:12:26.474342,Kavya,None
2023-04-19,00:12:26.474402,मुंबई इंडियंस,None
2023-04-19,00:12:26.474453,Madrid,609840
2023-04-19,00:12:26.474508,Dera Sacha Sauda,53002
2023-04-19,00:12:26.474559,Wicket,18884
2023-04-19,00:12:26.474608,Male,184673
2023-04-19,00:12:26.474657,LGBTQ,78054
2023-04-19,00:12:26.474707,Ishan Kishan,None
2023-04-19,00:12:26.474756,बिलकिस बानो,None
2023-04-19,00:12:26.474807,Hard 2Ignore Facts InSSRCase,50295
2023-04-19,00:19:04.460502,#MIvsSRH,11295
2023-04-19,00:19:04.460958,Arjun Tendulkar,18651
2023-04-19,00:19:04.461039,#MumbaiIndians,16025
2023-04-19,00:19:04.461103,Samad,None
2023-04-19,00:19:04.461164,Tim David,None
2023-04-19,00:19:04.461221,#Adipurush,39580
2023-04-19,00:19:04.461277,Lampard,36327
2023-04-19,00:19:04.461332,#RohitSharma𓃵,None
2023-04-19,00:19:04.461393,Sundar,None
2023-04-19,00:19:04.461449,Mayank,None
2023-04-19,00:19:04.461503,#CameronGreen,None
2023-04-19,00:19:04.461558,Gallagher,20489
2023-04-19,00:19:04.461612,Yorkers,15053
2023-04-19,00:19:04.461666,Klassen,None
2023-04-19,00:19:04.461720,Meredith,10489
2023-04-19,00:19:04.461773,Bhuvi,None
2023-04-19,00:19:04.461827,MAHUA LARS BRORSON,None
2023-04-19,00:19:04.461882,Tilak,16815
2023-04-19,00:19:04.461935,Havertz,19876
2023-04-19,00:19:04.461989,Bhuvneshwar Kumar,None
2023-04-19,00:19:04.462044,Jansen,None
2023-04-19,00:19:04.462099,पुरानी दिल्ली,None
2023-04-19,00:19:04.462156,Prashant S,None
2023-04-19,00:19:04.462211,KBKJ ADV BOOKING STARTS,33509
2023-04-19,00:19:04.462265,Jaishankar,None
2023-04-19,00:19:04.462319,बंगाली मार्केट,None
2023-04-19,00:19:04.462375,D Govindjee,None
2023-04-19,00:19:04.462429,VVPAT,None
2023-04-19,00:19:04.462484,Markram,None
2023-04-19,00:19:04.462538,World Premiere,18141
2023-04-19,00:19:04.462592,Nattu,None
2023-04-19,00:19:04.462646,Archer,18978
2023-04-19,00:19:04.462700,Sudan,135148
2023-04-19,00:19:04.462754,अर्जुन तेंदुलकर,None
2023-04-19,00:19:04.462810,Brook,17587
2023-04-19,00:19:04.462864,Gender,162877
2023-04-19,00:19:04.462918,Chawla,None
2023-04-19,00:19:04.462971,New York,255422
2023-04-19,00:19:04.463025,Tripathi,None
2023-04-19,00:19:04.463079,NHRC,None
2023-04-19,00:19:04.463132,Jason,52788
2023-04-19,00:19:04.463185,Madrid,618303
2023-04-19,00:19:04.463238,मुंबई इंडियंस,None
2023-04-19,00:19:04.463297,Abhishek Sharma,None
2023-04-19,00:19:04.463353,Dera Sacha Sauda,53016
2023-04-19,00:19:04.463407,Wicket,19331
2023-04-19,00:19:04.463460,गुजरात सरकार,None
2023-04-19,00:19:04.463515,Male,185862
2023-04-19,00:19:04.463569,बिलकिस बानो,None
2023-04-19,00:19:04.463623,Ishan Kishan,None
2023-04-19,00:25:47.185385,#MIvsSRH,11444
2023-04-19,00:25:47.185880,Arjun Tendulkar,19345
2023-04-19,00:25:47.185964,#MumbaiIndians,16308
2023-04-19,00:25:47.186029,Samad,None
2023-04-19,00:25:47.186092,Tim David,None
2023-04-19,00:25:47.186150,#Adipurush,40315
2023-04-19,00:25:47.186207,Lampard,37782
2023-04-19,00:25:47.186262,#RohitSharma𓃵,None
2023-04-19,00:25:47.186323,Sundar,None
2023-04-19,00:25:47.186413,#AgentTrailer,32082
2023-04-19,00:25:47.186468,Mayank,None
2023-04-19,00:25:47.186524,Cameron Green,None
2023-04-19,00:25:47.186578,Gallagher,20830
2023-04-19,00:25:47.186633,Yorkers,15116
2023-04-19,00:25:47.186686,Klassen,None
2023-04-19,00:25:47.186741,Meredith,10555
2023-04-19,00:25:47.186795,Bhuvi,None
2023-04-19,00:25:47.186855,MAHUA LARS BRORSON,None
2023-04-19,00:25:47.186909,Tilak,17024
2023-04-19,00:25:47.186963,Bhuvneshwar Kumar,None
2023-04-19,00:25:47.187017,Havertz,20235
2023-04-19,00:25:47.187071,Jaishankar,None
2023-04-19,00:25:47.187126,पुरानी दिल्ली,None
2023-04-19,00:25:47.187181,Prashant S,None
2023-04-19,00:25:47.187235,Jansen,None
2023-04-19,00:25:47.187290,बंगाली मार्केट,None
2023-04-19,00:25:47.187345,KBKJ ADV BOOKING STARTS,33666
2023-04-19,00:25:47.187399,D Govindjee,None
2023-04-19,00:25:47.187453,VVPAT,None
2023-04-19,00:25:47.187507,Sudan,136098
2023-04-19,00:25:47.187571,Chawla,None
2023-04-19,00:25:47.187626,Nattu,None
2023-04-19,00:25:47.187679,World Premiere,18284
2023-04-19,00:25:47.187732,Archer,19074
2023-04-19,00:25:47.187787,Markram,None
2023-04-19,00:25:47.187841,अर्जुन तेंदुलकर,None
2023-04-19,00:25:47.187895,Gender,163731
2023-04-19,00:25:47.187948,New York,256564
2023-04-19,00:25:47.188001,NHRC,None
2023-04-19,00:25:47.188056,Jason,53165
2023-04-19,00:25:47.188109,मुंबई इंडियंस,None
2023-04-19,00:25:47.188164,Kavya,None
2023-04-19,00:25:47.188217,Madrid,625869
2023-04-19,00:25:47.188276,Siddaramaiah,16252
2023-04-19,00:25:47.188331,Dera Sacha Sauda,53030
2023-04-19,00:25:47.188386,Wicket,19662
2023-04-19,00:25:47.188438,Male,187099
2023-04-19,00:25:47.188491,Ishan Kishan,None
2023-04-19,00:25:47.188544,बिलकिस बानो,None
2023-04-19,00:25:47.188599,LGBTQ,78905
2023-04-19,00:36:33.349532,#MIvsSRH,11712
2023-04-19,00:36:33.350110,Arjun Tendulkar,20056
2023-04-19,00:36:33.350245,#MumbaiIndians,16461
2023-04-19,00:36:33.350328,Samad,None
2023-04-19,00:36:33.350390,Tim David,None
2023-04-19,00:36:33.350448,#Adipurush,40847
2023-04-19,00:36:33.350507,Lampard,39244
2023-04-19,00:36:33.350563,#RohitSharma𓃵,None
2023-04-19,00:36:33.350628,Sundar,None
2023-04-19,00:36:33.350687,#AgentTrailer,32374
2023-04-19,00:36:33.350810,Mayank,None
2023-04-19,00:36:33.350872,Gallagher,20850
2023-04-19,00:36:33.350933,Klassen,None
2023-04-19,00:36:33.350995,Yorkers,13685
2023-04-19,00:36:33.351070,Meredith,10184
2023-04-19,00:36:33.351160,Bhuvi,None
2023-04-19,00:36:33.351216,MAHUA LARS BRORSON,None
2023-04-19,00:36:33.351272,Jaishankar,None
2023-04-19,00:36:33.351327,Bhuvneshwar Kumar,None
2023-04-19,00:36:33.351384,Tilak,17103
2023-04-19,00:36:33.351439,Havertz,18783
2023-04-19,00:36:33.351495,बंगाली मार्केट,None
2023-04-19,00:36:33.351553,पुरानी दिल्ली,None
2023-04-19,00:36:33.351609,Prashant S,None
2023-04-19,00:36:33.351664,Jansen,None
2023-04-19,00:36:33.351776,VVPAT,None
2023-04-19,00:36:33.351858,KBKJ ADV BOOKING STARTS,33910
2023-04-19,00:36:33.351929,D Govindjee,None
2023-04-19,00:36:33.351993,Sudan,131230
2023-04-19,00:36:33.352056,Chawla,None
2023-04-19,00:36:33.352164,Nattu,None
2023-04-19,00:36:33.352237,World Premiere,18388
2023-04-19,00:36:33.352292,Archer,18443
2023-04-19,00:36:33.352347,Markram,None
2023-04-19,00:36:33.352450,Napoli,76526
2023-04-19,00:36:33.352511,अर्जुन तेंदुलकर,None
2023-04-19,00:36:33.352571,Gender,157594
2023-04-19,00:36:33.352629,Madrid,626746
2023-04-19,00:36:33.352685,New York,241906
2023-04-19,00:36:33.352826,NHRC,None
2023-04-19,00:36:33.352886,Jason,51249
2023-04-19,00:36:33.352945,मुंबई इंडियंस,None
2023-04-19,00:36:33.353023,Kavya,None
2023-04-19,00:36:33.353123,Siddaramaiah,16453
2023-04-19,00:36:33.353217,Wicket,19328
2023-04-19,00:36:33.353275,LGBTQ,76318
2023-04-19,00:36:33.353334,बिलकिस बानो,None
2023-04-19,00:36:33.353395,Hard 2Ignore Facts InSSRCase,50911
2023-04-19,00:36:33.353470,Ishan Kishan,None
2023-04-19,00:36:33.353562,Woke,177975
2023-04-19,00:46:43.156007,#MIvsSRH,11892
2023-04-19,00:46:43.156422,Arjun Tendulkar,20777
2023-04-19,00:46:43.156490,#MumbaiIndians,16783
2023-04-19,00:46:43.156544,Samad,None
2023-04-19,00:46:43.156595,Tim David,None
2023-04-19,00:46:43.156645,#Adipurush,41443
2023-04-19,00:46:43.156694,Lampard,40717
2023-04-19,00:46:43.156742,#RohitSharma𓃵,None
2023-04-19,00:46:43.156796,Gallagher,22134
2023-04-19,00:46:43.156845,#CHERMA,24553
2023-04-19,00:46:43.156892,Sundar,None
2023-04-19,00:46:43.156940,Mayank,None
2023-04-19,00:46:43.156987,Yorkers,13789
2023-04-19,00:46:43.157035,Klassen,None
2023-04-19,00:46:43.157082,Meredith,10341
2023-04-19,00:46:43.157129,Bhuvi,None
2023-04-19,00:46:43.157203,MAHUA LARS BRORSON,None
2023-04-19,00:46:43.157255,Jaishankar,None
2023-04-19,00:46:43.157303,Bhuvneshwar Kumar,None
2023-04-19,00:46:43.157352,Tilak,17933
2023-04-19,00:46:43.157398,Havertz,19191
2023-04-19,00:46:43.157454,बंगाली मार्केट,None
2023-04-19,00:46:43.157504,पुरानी दिल्ली,None
2023-04-19,00:46:43.157551,Jansen,None
2023-04-19,00:46:43.157598,Prashant S,None
2023-04-19,00:46:43.157645,VVPAT,None
2023-04-19,00:46:43.157691,Sudan,132290
2023-04-19,00:46:43.157739,Markram,None
2023-04-19,00:46:43.157785,KBKJ ADV BOOKING STARTS,34104
2023-04-19,00:46:43.157833,Napoli,81174
2023-04-19,00:46:43.157879,D Govindjee,None
2023-04-19,00:46:43.157925,Archer,18610
2023-04-19,00:46:43.157972,World Premiere,18625
2023-04-19,00:46:43.158019,Nattu,None
2023-04-19,00:46:43.158067,अर्जुन तेंदुलकर,None
2023-04-19,00:46:43.158114,Brook,17300
2023-04-19,00:46:43.158161,Gender,159126
2023-04-19,00:46:43.158206,New York,243061
2023-04-19,00:46:43.158252,Siddaramaiah,16827
2023-04-19,00:46:43.158299,Tripathi,None
2023-04-19,00:46:43.158344,Piyush Chawla,None
2023-04-19,00:46:43.158390,NHRC,None
2023-04-19,00:46:43.158435,Jason,51742
2023-04-19,00:46:43.158483,मुंबई इंडियंस,None
2023-04-19,00:46:43.158531,Wicket,20339
2023-04-19,00:46:43.158576,गुजरात सरकार,None
2023-04-19,00:46:43.158623,LGBTQ,76971
2023-04-19,00:46:43.158668,बिलकिस बानो,None
2023-04-19,00:46:43.158715,Hard 2Ignore Facts InSSRCase,51085
2023-04-19,00:46:43.158762,Ishan Kishan,None
2023-04-19,00:53:37.896761,#MIvsSRH,11971
2023-04-19,00:53:37.897169,Arjun Tendulkar,21078
2023-04-19,00:53:37.897253,#MumbaiIndians,16926
2023-04-19,00:53:37.897325,Samad,None
2023-04-19,00:53:37.897395,Tim David,None
2023-04-19,00:53:37.897461,#Adipurush,41626
2023-04-19,00:53:37.897525,Lampard,41463
2023-04-19,00:53:37.897589,#RohitSharma𓃵,None
2023-04-19,00:53:37.897662,Gallagher,22610
2023-04-19,00:53:37.897728,#CHERMA,30441
2023-04-19,00:53:37.897790,Sundar,None
2023-04-19,00:53:37.897854,Mayank,None
2023-04-19,00:53:37.897917,Klassen,None
2023-04-19,00:53:37.897981,Yorkers,13868
2023-04-19,00:53:37.898044,Meredith,10383
2023-04-19,00:53:37.898106,Bhuvi,None
2023-04-19,00:53:37.898169,MAHUA LARS BRORSON,None
2023-04-19,00:53:37.898231,Jaishankar,None
2023-04-19,00:53:37.898303,Tilak,18274
2023-04-19,00:53:37.898366,Bhuvneshwar Kumar,None
2023-04-19,00:53:37.898429,बंगाली मार्केट,None
2023-04-19,00:53:37.898494,पुरानी दिल्ली,None
2023-04-19,00:53:37.898559,Havertz,19484
2023-04-19,00:53:37.898622,Sudan,133012
2023-04-19,00:53:37.898684,Jansen,None
2023-04-19,00:53:37.898747,Prashant S,None
2023-04-19,00:53:37.898810,VVPAT,None
2023-04-19,00:53:37.898872,Napoli,84787
2023-04-19,00:53:37.898933,Archer,18741
2023-04-19,00:53:37.898996,KBKJ ADV BOOKING STARTS,34232
2023-04-19,00:53:37.899058,D Govindjee,None
2023-04-19,00:53:37.899120,Markram,None
2023-04-19,00:53:37.899181,Chawla,None
2023-04-19,00:53:37.899242,Nattu,None
2023-04-19,00:53:37.899306,World Premiere,18725
2023-04-19,00:53:37.899368,अर्जुन तेंदुलकर,None
2023-04-19,00:53:37.899445,Gender,160024
2023-04-19,00:53:37.899507,Siddaramaiah,17048
2023-04-19,00:53:37.899567,New York,244089
2023-04-19,00:53:37.899629,NHRC,None
2023-04-19,00:53:37.899690,Jason,52220
2023-04-19,00:53:37.899750,मुंबई इंडियंस,None
2023-04-19,00:53:37.899812,Kavya,None
2023-04-19,00:53:37.899873,LGBTQ,75786
2023-04-19,00:53:37.899943,Wicket,20843
2023-04-19,00:53:37.900005,बिलकिस बानो,None
2023-04-19,00:53:37.900096,Hard 2Ignore Facts InSSRCase,51189
2023-04-19,00:53:37.900183,Ishan Kishan,None
2023-04-19,00:53:37.900252,Woke,180453
2023-04-19,00:53:37.900320,Galaxy M14 5G,None
2023-04-19,01:00:13.055104,#MIvsSRH,12036
2023-04-19,01:00:13.055585,Arjun Tendulkar,21313
2023-04-19,01:00:13.055670,#MumbaiIndians,17098
2023-04-19,01:00:13.055735,Samad,None
2023-04-19,01:00:13.055797,Tim David,None
2023-04-19,01:00:13.055854,Giroud,10531
2023-04-19,01:00:13.055911,Lampard,41908
2023-04-19,01:00:13.055966,#Adipurush,41906
2023-04-19,01:00:13.056021,#RohitSharma𓃵,None
2023-04-19,01:00:13.056083,Gallagher,22887
2023-04-19,01:00:13.056148,#CHERMA,32728
2023-04-19,01:00:13.056204,Sundar,None
2023-04-19,01:00:13.056259,Mayank,None
2023-04-19,01:00:13.056314,Kante,16227
2023-04-19,01:00:13.056368,Yorkers,13931
2023-04-19,01:00:13.056422,Klassen,None
2023-04-19,01:00:13.056477,Meredith,10462
2023-04-19,01:00:13.056531,Bhuvi,None
2023-04-19,01:00:13.056585,MAHUA LARS BRORSON,None
2023-04-19,01:00:13.056640,Jaishankar,None
2023-04-19,01:00:13.056695,Tilak,18578
2023-04-19,01:00:13.056749,Napoli,89608
2023-04-19,01:00:13.056804,Bhuvneshwar Kumar,None
2023-04-19,01:00:13.056888,बंगाली मार्केट,None
2023-04-19,01:00:13.056947,Havertz,19785
2023-04-19,01:00:13.057003,पुरानी दिल्ली,None
2023-04-19,01:00:13.057058,Sudan,133397
2023-04-19,01:00:13.057112,Prashant S,None
2023-04-19,01:00:13.057167,VVPAT,None
2023-04-19,01:00:13.057222,Archer,18805
2023-04-19,01:00:13.057276,Jansen,None
2023-04-19,01:00:13.057329,KBKJ ADV BOOKING STARTS,34373
2023-04-19,01:00:13.057384,Markram,None
2023-04-19,01:00:13.057438,D Govindjee,None
2023-04-19,01:00:13.057493,World Premiere,18780
2023-04-19,01:00:13.057547,Nattu,None
2023-04-19,01:00:13.057601,अर्जुन तेंदुलकर,None
2023-04-19,01:00:13.057656,Gender,161132
2023-04-19,01:00:13.057710,Siddaramaiah,17288
2023-04-19,01:00:13.057765,Brook,17461
2023-04-19,01:00:13.057818,New York,245039
2023-04-19,01:00:13.057871,Tripathi,None
2023-04-19,01:00:13.057926,Piyush Chawla,None
2023-04-19,01:00:13.057986,NHRC,None
2023-04-19,01:00:13.058042,Jason,52526
2023-04-19,01:00:13.058096,मुंबई इंडियंस,None
2023-04-19,01:00:13.058151,LGBTQ,77849
2023-04-19,01:00:13.058205,Wicket,21139
2023-04-19,01:00:13.058259,गुजरात सरकार,None
2023-04-19,01:00:13.058319,बिलकिस बानो,None
2023-04-19,01:06:53.669032,#MIvsSRH,12106
2023-04-19,01:06:53.669500,Arjun Tendulkar,21472
2023-04-19,01:06:53.669618,#MumbaiIndians,17236
2023-04-19,01:06:53.669699,Samad,None
2023-04-19,01:06:53.669790,Giroud,15482
2023-04-19,01:06:53.669867,Tim David,None
2023-04-19,01:06:53.669943,#Adipurush,41944
2023-04-19,01:06:53.670019,Lampard,42492
2023-04-19,01:06:53.670103,#CHERMA,36403
2023-04-19,01:06:53.670191,Gallagher,23719
2023-04-19,01:06:53.670277,#RohitSharma𓃵,None
2023-04-19,01:06:53.670363,Sundar,None
2023-04-19,01:06:53.670438,Mayank,None
2023-04-19,01:06:53.670512,Klassen,None
2023-04-19,01:06:53.670585,Yorkers,13991
2023-04-19,01:06:53.670657,Jaishankar,None
2023-04-19,01:06:53.670730,Meredith,10497
2023-04-19,01:06:53.670802,Bhuvi,None
2023-04-19,01:06:53.670874,Napoli,93403
2023-04-19,01:06:53.670976,MAHUA LARS BRORSON,None
2023-04-19,01:06:53.671042,Tilak,18777
2023-04-19,01:06:53.671106,Bhuvneshwar Kumar,None
2023-04-19,01:06:53.671171,बंगाली मार्केट,None
2023-04-19,01:06:53.671238,Havertz,20131
2023-04-19,01:06:53.671303,पुरानी दिल्ली,None
2023-04-19,01:06:53.671382,Prashant S,None
2023-04-19,01:06:53.671451,Sudan,134237
2023-04-19,01:06:53.671518,VVPAT,None
2023-04-19,01:06:53.671586,Archer,18923
2023-04-19,01:06:53.671656,KBKJ ADV BOOKING STARTS,34517
2023-04-19,01:06:53.671724,D Govindjee,None
2023-04-19,01:06:53.671792,Madrid,665553
2023-04-19,01:06:53.671872,Jansen,None
2023-04-19,01:06:53.671941,Markram,None
2023-04-19,01:06:53.672013,Chawla,None
2023-04-19,01:06:53.672082,Nattu,None
2023-04-19,01:06:53.672150,World Premiere,18889
2023-04-19,01:06:53.672232,अर्जुन तेंदुलकर,None
2023-04-19,01:06:53.672324,Siddaramaiah,17498
2023-04-19,01:06:53.672405,Gender,161856
2023-04-19,01:06:53.672490,New York,246093
2023-04-19,01:06:53.672572,NHRC,None
2023-04-19,01:06:53.672640,Jason,52871
2023-04-19,01:06:53.672716,Milan,109790
2023-04-19,01:06:53.672785,मुंबई इंडियंस,None
2023-04-19,01:06:53.672855,Kavya,None
2023-04-19,01:06:53.672923,LGBTQ,78344
2023-04-19,01:06:53.672990,Wicket,21430
2023-04-19,01:06:53.673057,बिलकिस बानो,None
2023-04-19,01:06:53.673127,Woke,182321
