2023-04-04,00:09:17.343929,#CSKvsLSG,47075
2023-04-04,00:09:17.344421,PARK JIMIN,239221
2023-04-04,00:09:17.344511,#LikeCrazyNo1Hot100,282622
2023-04-04,00:09:17.344574,#Dhoni,11119
2023-04-04,00:09:17.344634,Badoni,None
2023-04-04,00:09:17.344703,#DOGE,40624
2023-04-04,00:09:17.344753,Tushar Deshpande,None
2023-04-04,00:09:17.344802,#WhistlePodu,71281
2023-04-04,00:09:17.344850,hobi,128545
2023-04-04,00:09:17.344897,Jiminie,13286
2023-04-04,00:09:17.344944,Pooran,None
2023-04-04,00:09:17.344992,Chepauk,48985
2023-04-04,00:09:17.345038,TONY MONTANA,None
2023-04-04,00:09:17.345086,JIMIN HISTORY MAKER,275208
2023-04-04,00:09:17.345132,Mughals,15248
2023-04-04,00:09:17.345178,JIMIN JIMIN,2279169
2023-04-04,00:09:17.345226,Mayers,None
2023-04-04,00:09:17.345272,Santner,None
2023-04-04,00:09:17.345319,Stoinis,None
2023-04-04,00:09:17.345366,KL Rahul,None
2023-04-04,00:09:17.345412,Stokes,12485
2023-04-04,00:09:17.345464,Chahar,None
2023-04-04,00:09:17.345512,Pdogg,19828
2023-04-04,00:09:17.345558,Ali Bhai,None
2023-04-04,00:09:17.345605,JOON,34348
2023-04-04,00:09:17.345652,FATHER ON TOP,22683
2023-04-04,00:09:17.345698,Jadeja,None
2023-04-04,00:09:17.345744,Conway,10769
2023-04-04,00:09:17.345790,Hooda,None
2023-04-04,00:09:17.345838,MY BABY,132678
2023-04-04,00:09:17.345884,Dube,None
2023-04-04,00:09:17.345930,JIMINS,14032
2023-04-04,00:09:17.345976,PR ARMYs,28483
2023-04-04,00:09:17.346022,Mimi,71425
2023-04-04,00:09:17.346070,hyung,90950
2023-04-04,00:09:17.346117,Krunal,None
2023-04-04,00:09:17.346163,Impact,200284
2023-04-04,00:09:17.346210,Future of India,13197
2023-04-04,00:09:17.346256,Gambhir,None
2023-04-04,00:09:17.346304,Billboard,1302329
2023-04-04,00:09:17.346350,Wood,58379
2023-04-04,00:09:17.346396,Gowtham,None
2023-04-04,00:09:17.346446,Taj Mahal,None
2023-04-04,00:09:17.346493,Bishnoi,None
2023-04-04,00:09:17.346540,Jaddu,None
2023-04-04,00:09:17.346586,Sixes,32770
2023-04-04,00:09:17.346632,Theekshana,None
2023-04-04,00:09:17.346678,नीरज यादव,None
2023-04-04,00:09:17.346750,#ChennaiSuperKings,None
2023-04-04,00:09:17.346804,#MoeenAli,None
2023-04-04,00:15:43.194377,#CSKvsLSG,47913
2023-04-04,00:15:43.194856,PARK JIMIN,246835
2023-04-04,00:15:43.194939,#LikeCrazyNo1Hot100,293586
2023-04-04,00:15:43.195003,#Dhoni,11502
2023-04-04,00:15:43.195062,#DOGE,42132
2023-04-04,00:15:43.195117,Badoni,None
2023-04-04,00:15:43.195174,Tushar Deshpande,None
2023-04-04,00:15:43.195231,hobi,137846
2023-04-04,00:15:43.195285,#WhistlePodu,72890
2023-04-04,00:15:43.195340,Jiminie,13718
2023-04-04,00:15:43.195394,Pooran,None
2023-04-04,00:15:43.195447,Chepauk,49427
2023-04-04,00:15:43.195500,TONY MONTANA,None
2023-04-04,00:15:43.195555,JIMIN HISTORY MAKER,283776
2023-04-04,00:15:43.195609,Mughals,15415
2023-04-04,00:15:43.195662,JIMIN JIMIN,2243507
2023-04-04,00:15:43.195716,Santner,None
2023-04-04,00:15:43.195769,Mayers,None
2023-04-04,00:15:43.195821,Stoinis,None
2023-04-04,00:15:43.195875,KL Rahul,None
2023-04-04,00:15:43.195928,Stokes,12550
2023-04-04,00:15:43.195985,Chahar,None
2023-04-04,00:15:43.196040,Pdogg,20749
2023-04-04,00:15:43.196092,Ali Bhai,None
2023-04-04,00:15:43.196145,joon,34722
2023-04-04,00:15:43.196198,FATHER ON TOP,23003
2023-04-04,00:15:43.196251,Jadeja,None
2023-04-04,00:15:43.196303,JIMINS,14481
2023-04-04,00:15:43.196356,Hooda,None
2023-04-04,00:15:43.196411,Conway,10947
2023-04-04,00:15:43.196463,MY BABY,133699
2023-04-04,00:15:43.196515,Dube,None
2023-04-04,00:15:43.196567,PR ARMYs,28669
2023-04-04,00:15:43.196620,Mimi,72526
2023-04-04,00:15:43.196673,Krunal,None
2023-04-04,00:15:43.196725,Impact,201271
2023-04-04,00:15:43.196778,Gambhir,None
2023-04-04,00:15:43.196830,hyung,97573
2023-04-04,00:15:43.196882,Future of India,13304
2023-04-04,00:15:43.196936,Billboard,1286441
2023-04-04,00:15:43.196988,Wood,58800
2023-04-04,00:15:43.197039,Gowtham,None
2023-04-04,00:15:43.197096,Taj Mahal,None
2023-04-04,00:15:43.197148,Jaddu,None
2023-04-04,00:15:43.197202,Bishnoi,None
2023-04-04,00:15:43.197255,Sixes,33217
2023-04-04,00:15:43.197307,Theekshana,None
2023-04-04,00:15:43.197360,नीरज यादव,None
2023-04-04,00:15:43.197425,#ChennaiSuperKings,None
2023-04-04,00:15:43.197481,#MoeenAli,None
