2023-03-31,00:05:18.906645,संसद भवन,13104
2023-03-31,00:05:18.907127,#Rolex,14091
2023-03-31,00:05:18.907212,#VaadiVaasal,26285
2023-03-31,00:05:18.907276,शोभा यात्रा,41360
2023-03-31,00:05:18.907337,#VikatanAwards,18244
2023-03-31,00:05:18.907394,#NewParliamentBuilding,None
2023-03-31,00:05:18.907451,#FanBanJaoge,None
2023-03-31,00:05:18.907507,DEBUTANT TEJASSWI AT FILMFARE,39680
2023-03-31,00:05:18.907561,Akash Singh,None
2023-03-31,00:05:18.907617,MALLIKA SANDALWOOD DEBUT,11820
2023-03-31,00:05:18.907671,Surprise,148958
2023-03-31,00:05:18.907725,ME BY JISOO D-DAY,116235
2023-03-31,00:05:18.907778,Masjid,23519
2023-03-31,00:05:18.907832,Fanaa,None
2023-03-31,00:05:18.907885,Mukesh Choudhary,None
2023-03-31,00:05:18.907939,मुस्लिम समुदाय,None
2023-03-31,00:05:18.907996,Germany,108710
2023-03-31,00:05:18.908050,SSR Working On Many Projects,49018
2023-03-31,00:05:18.908103,Murtasim,None
2023-03-31,00:05:18.908158,Meerab,None
2023-03-31,00:05:18.908211,त्रिपुरा विधानसभा,18428
2023-03-31,00:05:18.908266,Where is Rohit,None
2023-03-31,00:05:18.908321,Bengal,32130
2023-03-31,00:05:18.908382,SEVENTEEN,233791
2023-03-31,00:05:18.908440,Nani,64299
2023-03-31,00:05:18.908500,पश्चिम बंगाल,None
2023-03-31,00:05:18.908548,Suga,374185
2023-03-31,00:05:18.908594,BJP MLA,27783
2023-03-31,00:05:18.908640,महादेव मंदिर,17791
2023-03-31,00:05:18.908689,Entry,279108
2023-03-31,00:05:18.908735,Rohit Sharma,20776
2023-03-31,00:05:18.908781,Ben Stokes,None
2023-03-31,00:05:18.908828,Lalit,21891
2023-03-31,00:05:18.908874,Congratulations Jimin,144204
2023-03-31,00:05:18.908921,#Howrah,None
2023-03-31,00:05:18.908968,#TereBin,18760
2023-03-31,00:05:18.909014,#Virushka,None
2023-03-31,00:05:18.909061,#DiorFall23xMileApo,594095
2023-03-31,00:05:18.909107,#KarTaiyaari,None
2023-03-31,00:05:18.909155,#AVCinemaAwards,14622
2023-03-31,00:05:18.909200,#CSKvGT,None
2023-03-31,00:05:18.909246,#दैनिक_भास्कर_दलाल_है,27204
2023-03-31,00:05:18.909293,#AnandaVikatan,10570
2023-03-31,00:05:18.909339,#TATAIPL,19120
2023-03-31,00:05:18.909386,#MEetingJISOOToday,117583
2023-03-31,00:05:18.909433,#Vadodara,None
2023-03-31,00:05:18.909482,#Modi_Hatao_Desh_Bachao,49666
2023-03-31,00:05:18.909528,#Simhadri4K,30281
2023-03-31,00:05:18.909574,#LISAXCELINE,1057190
2023-03-31,00:05:18.909621,#PathuThalaBlockBuster,None
