2023-04-07,00:03:15.087779,#KKRvRCB,59202
2023-04-07,00:03:15.088565,Vintage RCB,None
2023-04-07,00:03:15.088715,Lord Shardul,14538
2023-04-07,00:03:15.088861,#IPL23,None
2023-04-07,00:03:15.088976,#MazaarJihad,None
2023-04-07,00:03:15.089079,Harshal,None
2023-04-07,00:03:15.089180,Narine,None
2023-04-07,00:03:15.089279,Suyash Sharma,None
2023-04-07,00:03:15.089378,Maxwell,21202
2023-04-07,00:03:15.089476,BJP Against OBC,47476
2023-04-07,00:03:15.089573,Wriddhiman S,None
2023-04-07,00:03:15.089681,Varun,None
2023-04-07,00:03:15.089778,Bracewell,None
2023-04-07,00:03:15.089884,Russell,55266
2023-04-07,00:03:15.089938,#AmiKKR,15872
2023-04-07,00:03:15.089991,#viratkholi,None
2023-04-07,00:03:15.090046,Chinnaswamy Stadium,None
2023-04-07,00:03:15.090100,Haarcb,None
2023-04-07,00:03:15.090154,Siraj,None
2023-04-07,00:03:15.090207,Eden,207787
2023-04-07,00:03:15.090260,Anuj Rawat,None
2023-04-07,00:03:15.090319,Rinku,11765
2023-04-07,00:03:15.090374,Willey,None
2023-04-07,00:03:15.090428,Just RCB,None
2023-04-07,00:03:15.090482,Neeraj Chopra,None
2023-04-07,00:03:15.090537,Karn Sharma,None
2023-04-07,00:03:15.090590,Southee,None
2023-04-07,00:03:15.090643,Mandeep Singh,None
2023-04-07,00:03:15.090697,Lomror,None
2023-04-07,00:03:15.090751,मनीष कश्यप,51550
2023-04-07,00:03:15.090807,Gurbaz,None
2023-04-07,00:03:15.090861,Dinesh Karthik,None
2023-04-07,00:03:15.090913,King Khan,10741
2023-04-07,00:03:15.090966,Mentor,21979
2023-04-07,00:03:15.091020,RCB RCB,85428
2023-04-07,00:03:15.091073,Umesh,None
2023-04-07,00:03:15.091126,Nitish Rana,None
2023-04-07,00:03:15.091179,Reece Topley,None
2023-04-07,00:03:15.091232,Akash Deep,None
2023-04-07,00:03:15.091286,Riley Meredith,None
2023-04-07,00:03:15.091339,UAPA,None
2023-04-07,00:03:15.091392,Sudeep,None
2023-04-07,00:03:15.091450,Anil,22199
2023-04-07,00:03:15.091503,AK Antony,None
2023-04-07,00:03:15.091558,Lebanon,39551
2023-04-07,00:03:15.091611,Prakash Raj,None
2023-04-07,00:03:15.091664,Good Friday,42238
2023-04-07,00:03:15.091717,फेक न्यूज,None
2023-04-07,00:03:15.091771,#IplInBhojpuri,None
2023-04-07,00:03:15.091825,#ShahRukhKhan,33747
