2023-03-30,00:11:45.752074,#PS2Trailer,29159
2023-03-30,00:11:45.752622,#मैं_भी_सावरकर,32660
2023-03-30,00:11:45.752727,#Who_Is_AadiRam,425328
2023-03-30,00:11:45.752813,Kabir Is God,384436
2023-03-30,00:11:45.752892,#RamNavmi,None
2023-03-30,00:11:45.752969,#ShahAtNews18RisingIndia,18950
2023-03-30,00:11:45.753044,Brahmins,23232
2023-03-30,00:11:45.753120,ज्ञान गंगा,213181
2023-03-30,00:11:45.753195,WAITING FOR SID AS YODHA,11574
2023-03-30,00:11:45.753270,Karnataka,82241
2023-03-30,00:11:45.753343,SID SHUKLA FOREVER,45214
2023-03-30,00:11:45.753416,Meerab,None
2023-03-30,00:11:45.753489,Gyan Ganga,118360
2023-03-30,00:11:45.753563,Justice Joseph,25730
2023-03-30,00:11:45.753635,राम भगवान,34237
2023-03-30,00:11:45.753709,Supreme God,85612
2023-03-30,00:11:45.753784,Satlok Ashram Youtube Channel,46286
2023-03-30,00:11:45.753857,Periyar,None
2023-03-30,00:11:45.753931,राम दशरथ,17336
2023-03-30,00:11:45.754007,पत्नी शिवांगी,10745
2023-03-30,00:11:45.754081,राम कृष्ण,46533
2023-03-30,00:11:45.754155,समय धरती,18244
2023-03-30,00:11:45.754230,पूर्ण गुरु,19805
2023-03-30,00:11:45.754303,Family Didnot See SSR Hanging,61517
2023-03-30,00:11:45.754385,शोभा यात्रा,None
2023-03-30,00:11:45.754461,Bhutan,None
2023-03-30,00:11:45.754534,सम्राट अशोक,41690
2023-03-30,00:11:45.754607,भगवान श्री राम,18861
2023-03-30,00:11:45.754681,चुनाव आयोग,None
2023-03-30,00:11:45.754756,विधान सभा,None
2023-03-30,00:11:45.754830,Ross,41388
2023-03-30,00:11:45.754902,EVMs,None
2023-03-30,00:11:45.755018,Shri Ram,48951
2023-03-30,00:11:45.755095,Cheetah,19375
2023-03-30,00:11:45.755171,DESHDROHI VIRAT CHOKLI,37935
2023-03-30,00:11:45.755245,#Dasara,81396
2023-03-30,00:11:45.755317,#AdipurushAagamanam,58192
2023-03-30,00:11:45.755398,#ManiRatnam,28746
2023-03-30,00:11:45.755472,#रामनवमी२०२३,None
2023-03-30,00:11:45.755550,#AishwaryaRaiBachchan,None
2023-03-30,00:11:45.755625,#ProudMomentForIndia,None
2023-03-30,00:11:45.755699,#Trisha,None
2023-03-30,00:11:45.755772,#CholasAreBack,15339
2023-03-30,00:11:45.755845,#पुष्पेंद्र_यादव_को_न्याय_दो,21130
2023-03-30,00:11:45.756036,#SilambarasanTR,28520
2023-03-30,00:11:45.756119,#ChiyaanVikram,12775
2023-03-30,00:11:45.756195,#JaiShreeRam,None
2023-03-30,00:11:45.756270,#HateSpeech,None
2023-03-30,00:11:45.756354,#ARRahman,None
2023-03-30,00:11:45.756429,#HappyBirthdayNithiin,None
