2023-04-08,00:03:03.329582,#Vanakkam_Modi,287126
2023-04-08,00:03:03.330028,#LSGvsSRH,10580
2023-04-08,00:03:03.330104,#Aadujeevitham,None
2023-04-08,00:03:03.330162,#GobackModi,26554
2023-04-08,00:03:03.330214,#HappyBirthdayAlluArjun,159274
2023-04-08,00:03:03.330265,SHAME ON KRSNA FANS,20643
2023-04-08,00:03:03.330314,Delhi & Rajasthan,None
2023-04-08,00:03:03.330363,शरद पवार,None
2023-04-08,00:03:03.330413,TEJASSWI AT PV STYLEICONS,17349
2023-04-08,00:03:03.330462,Naman O,None
2023-04-08,00:03:03.330510,STYLISH KARAN AT PINKVILLA,14718
2023-04-08,00:03:03.330558,Vineet K,None
2023-04-08,00:03:03.330606,Chinnaswamy Stadium,None
2023-04-08,00:03:03.330654,TEJRAN EMBLAZING PINKVILLA,17267
2023-04-08,00:03:03.330702,Lucknow,11204
2023-04-08,00:03:03.330750,Kavya,None
2023-04-08,00:03:03.330799,Amit Mishra,None
2023-04-08,00:03:03.330846,Lakshmipathy B,None
2023-04-08,00:03:03.330894,WE LOVE SIDKIARA,None
2023-04-08,00:03:03.330973,PRIYANKA GRACING PINKVILLA,110455
2023-04-08,00:03:03.331021,Harry Brook,None
2023-04-08,00:03:03.331069,नम्रता सिंह,None
2023-04-08,00:03:03.331119,Greece,20214
2023-04-08,00:03:03.331166,Sundar,None
2023-04-08,00:03:03.331217,Rashid,None
2023-04-08,00:03:03.331266,कैलाश विजयवर्गीय,None
2023-04-08,00:03:03.331315,प्रतीक्षा पांडेय,None
2023-04-08,00:03:03.331363,Modani China Saga,49524
2023-04-08,00:03:03.331410,Markande,None
2023-04-08,00:03:03.331458,Farooqi,None
2023-04-08,00:03:03.331506,Samad,None
2023-04-08,00:03:03.331553,Klassen,None
2023-04-08,00:03:03.331600,8M FANMILY OF SHIVANGI,12323
2023-04-08,00:03:03.331646,Wankhede,None
2023-04-08,00:03:03.331694,chanyeol,82391
2023-04-08,00:03:03.331740,Pitch,51884
2023-04-08,00:03:03.331787,Taiwan,83810
2023-04-08,00:03:03.331834,Markram,None
2023-04-08,00:03:03.331881,First Look,82054
2023-04-08,00:03:03.331927,Trailer,187375
2023-04-08,00:03:03.331974,BhAAi,17014
2023-04-08,00:03:03.332020,Happy Easter,133189
2023-04-08,00:03:03.332067,#Pushpa2TheRule,170653
2023-04-08,00:03:03.332114,#PrithvirajSukumaran,None
2023-04-08,00:03:03.332162,#11YearsWithEXO,531431
2023-04-08,00:03:03.332209,#MIvsCSK,None
2023-04-08,00:03:03.332260,#KrunalPandya,None
2023-04-08,00:03:03.332307,#Blessy,None
2023-04-08,00:03:03.332355,#Eterna11oveForEXO,445154
2023-04-08,00:03:03.332402,#SharadPawar,None
