2023-03-28,00:05:03.793108,jungkook,1088550
2023-03-28,00:05:03.793523,#20ICONICyearsOfAlluArjun,237092
2023-03-28,00:05:03.793599,#Nashville,10748
2023-03-28,00:05:03.793680,#हम_भैराराम_के_साथ_है,32952
2023-03-28,00:05:03.793735,#MSDhoni𓃵,None
2023-03-28,00:05:03.793789,#KedarJadhav,None
2023-03-28,00:05:03.793839,सरकारी बंगला,None
2023-03-28,00:05:03.793889,Suchwita,160965
2023-03-28,00:05:03.793936,Israel,513376
2023-03-28,00:05:03.793983,GO WELL CSK,None
2023-03-28,00:05:03.794031,GLOBAL ICON ALLUARJUN,103871
2023-03-28,00:05:03.794078,मादा चीता,None
2023-03-28,00:05:03.794126,नेशनल पार्क,None
2023-03-28,00:05:03.794175,सरकारी आवास,None
2023-03-28,00:05:03.794222,Sasha,22654
2023-03-28,00:05:03.794270,Netanyahu,389394
2023-03-28,00:05:03.794317,Namibia,None
2023-03-28,00:05:03.794363,Scotland,99978
2023-03-28,00:05:03.794409,Sandeep Sharma,None
2023-03-28,00:05:03.794457,yoonmin,107558
2023-03-28,00:05:03.794502,Usual Suspects In SSRCase,53259
2023-03-28,00:05:03.794549,नैनी जेल,None
2023-03-28,00:05:03.794598,Olympics,25087
2023-03-28,00:05:03.794646,EPFO,38085
2023-03-28,00:05:03.794693,काला जादू,None
2023-03-28,00:05:03.794740,Suga,545540
2023-03-28,00:05:03.794786,Bilkis Bano,26478
2023-03-28,00:05:03.794831,Smriti Irani,None
2023-03-28,00:05:03.794878,प्रदेश कार्यालय,None
2023-03-28,00:05:03.794926,bangtan,79637
2023-03-28,00:05:03.794973,#BoyapatiRAPOOnOct20,None
2023-03-28,00:05:03.795019,#OsarattumPathuThala,None
2023-03-28,00:05:03.795066,#aajtak,None
2023-03-28,00:05:03.795112,#Cheetah,None
2023-03-28,00:05:03.795159,#MAGICMANJacksonDay,71644
2023-03-28,00:05:03.795205,#मूत्रकारिता,None
2023-03-28,00:05:03.795253,#atikahmad,None
2023-03-28,00:05:03.795299,#AddMoreScreensToDasara,None
2023-03-28,00:05:03.795345,#KunoNationalPark,None
2023-03-28,00:05:03.795393,#WhistlePodu,34023
2023-03-28,00:05:03.795438,#JacksonWang,75226
2023-03-28,00:05:03.795484,#AdithaKarikalan,None
2023-03-28,00:05:03.795529,#Maaveeran,None
2023-03-28,00:05:03.795575,#Sivakarthikeyan,None
2023-03-28,00:05:03.795622,#NitishRana,None
2023-03-28,00:05:03.795668,#AnbuDen,None
2023-03-28,00:05:03.795714,#ChennaiSuperKings,None
2023-03-28,00:05:03.795762,#RahulGhandi,None
2023-03-28,00:05:03.795808,#1947August16,None
2023-03-28,00:05:03.795853,#madalvirupakshappa,None
2023-03-28,00:13:34.296154,jungkook,1092076
2023-03-28,00:13:34.296599,#20ICONICyearsOfAlluArjun,238428
2023-03-28,00:13:34.296669,#Nashville,11491
2023-03-28,00:13:34.296724,#हम_भैराराम_के_साथ_है,33025
2023-03-28,00:13:34.296776,#MSDhoni𓃵,None
2023-03-28,00:13:34.296832,#KedarJadhav,None
2023-03-28,00:13:34.296880,सरकारी बंगला,None
2023-03-28,00:13:34.296930,Suchwita,164904
2023-03-28,00:13:34.296976,GO WELL CSK,None
2023-03-28,00:13:34.297023,Israel,515792
2023-03-28,00:13:34.297070,GLOBAL ICON ALLUARJUN,104553
2023-03-28,00:13:34.297116,मादा चीता,None
2023-03-28,00:13:34.297163,नेशनल पार्क,None
2023-03-28,00:13:34.297211,सरकारी आवास,None
2023-03-28,00:13:34.297258,Sasha,22809
2023-03-28,00:13:34.297304,Netanyahu,391177
2023-03-28,00:13:34.297350,Namibia,None
2023-03-28,00:13:34.297396,Scotland,101330
2023-03-28,00:13:34.297441,Sandeep Sharma,None
2023-03-28,00:13:34.297488,yoonmin,109311
2023-03-28,00:13:34.297534,Usual Suspects In SSRCase,53604
2023-03-28,00:13:34.297580,नैनी जेल,None
2023-03-28,00:13:34.297629,Olympics,25278
2023-03-28,00:13:34.297675,EPFO,38230
2023-03-28,00:13:34.297720,काला जादू,None
2023-03-28,00:13:34.297769,Suga,547427
2023-03-28,00:13:34.297815,Bilkis Bano,26536
2023-03-28,00:13:34.297860,Smriti Irani,None
2023-03-28,00:13:34.297906,प्रदेश कार्यालय,None
2023-03-28,00:13:34.297953,bangtan,80392
2023-03-28,00:13:34.297999,#BoyapatiRAPOOnOct20,None
2023-03-28,00:13:34.298045,#aajtak,None
2023-03-28,00:13:34.298092,#मूत्रकारिता,None
2023-03-28,00:13:34.298149,#OsarattumPathuThala,None
2023-03-28,00:13:34.298198,#atikahmad,None
2023-03-28,00:13:34.298245,#Cheetah,None
2023-03-28,00:13:34.298292,#MAGICMANJacksonDay,72605
2023-03-28,00:13:34.298338,#AddMoreScreensToDasara,None
2023-03-28,00:13:34.298385,#KunoNationalPark,None
2023-03-28,00:13:34.298432,#WhistlePodu,34307
2023-03-28,00:13:34.298478,#JacksonWang,75883
2023-03-28,00:13:34.298524,#AdithaKarikalan,None
2023-03-28,00:13:34.298570,#Maaveeran,None
2023-03-28,00:13:34.298616,#Sivakarthikeyan,None
2023-03-28,00:13:34.298664,#RahulGhandi,None
2023-03-28,00:13:34.298709,#AnbuDen,None
2023-03-28,00:13:34.298755,#ChennaiSuperKings,None
2023-03-28,00:13:34.298805,#1947August16,None
2023-03-28,00:13:34.298850,#madalvirupakshappa,None
2023-03-28,00:13:34.298896,#RTHBill,None
2023-03-28,00:20:12.138406,jungkook,1099607
2023-03-28,00:20:12.138875,#20ICONICyearsOfAlluArjun,238949
2023-03-28,00:20:12.138960,#Nashville,12291
2023-03-28,00:20:12.139024,#MSDhoni𓃵,None
2023-03-28,00:20:12.139091,#हम_भैराराम_के_साथ_है,33055
2023-03-28,00:20:12.139150,#KedarJadhav,None
2023-03-28,00:20:12.139207,सरकारी बंगला,None
2023-03-28,00:20:12.139264,Suchwita,167892
2023-03-28,00:20:12.139319,Israel,517340
2023-03-28,00:20:12.139374,GO WELL CSK,None
2023-03-28,00:20:12.139429,GLOBAL ICON ALLUARJUN,104842
2023-03-28,00:20:12.139485,मादा चीता,None
2023-03-28,00:20:12.139540,नेशनल पार्क,None
2023-03-28,00:20:12.139597,सरकारी आवास,None
2023-03-28,00:20:12.139652,Sasha,22983
2023-03-28,00:20:12.139705,Netanyahu,393410
2023-03-28,00:20:12.139760,Namibia,None
2023-03-28,00:20:12.139814,Scotland,102651
2023-03-28,00:20:12.139867,Sandeep Sharma,None
2023-03-28,00:20:12.139921,yoonmin,110756
2023-03-28,00:20:12.139981,Usual Suspects In SSRCase,53772
2023-03-28,00:20:12.140035,नैनी जेल,None
2023-03-28,00:20:12.140091,Olympics,25388
2023-03-28,00:20:12.140146,EPFO,38318
2023-03-28,00:20:12.140200,काला जादू,None
2023-03-28,00:20:12.140255,Suga,549051
2023-03-28,00:20:12.140309,Bilkis Bano,26600
2023-03-28,00:20:12.140362,Smriti Irani,None
2023-03-28,00:20:12.140416,प्रदेश कार्यालय,None
2023-03-28,00:20:12.140471,#BoyapatiRAPOOnOct20,None
2023-03-28,00:20:12.140526,#aajtak,None
2023-03-28,00:20:12.140579,#atikahmad,None
2023-03-28,00:20:12.140632,#मूत्रकारिता,None
2023-03-28,00:20:12.140713,#Cheetah,None
2023-03-28,00:20:12.140771,#AddMoreScreensToDasara,None
2023-03-28,00:20:12.140825,#MAGICMANJacksonDay,73034
2023-03-28,00:20:12.140879,#KunoNationalPark,None
2023-03-28,00:20:12.140933,#WhistlePodu,34471
2023-03-28,00:20:12.140987,#JacksonWang,76451
2023-03-28,00:20:12.141047,#AdithaKarikalan,None
2023-03-28,00:20:12.141094,#Maaveeran,None
2023-03-28,00:20:12.141140,#OsarattumPathuThala,None
2023-03-28,00:20:12.141186,#RahulGhandi,None
2023-03-28,00:20:12.141233,#Sivakarthikeyan,None
2023-03-28,00:20:12.141280,#AnbuDen,None
2023-03-28,00:20:12.141327,#ChennaiSuperKings,None
2023-03-28,00:20:12.141373,#1947August16,None
2023-03-28,00:20:12.141424,#madalvirupakshappa,None
2023-03-28,00:20:12.141470,#RTHBill,None
2023-03-28,00:20:12.141516,#NitishRana,None
2023-03-28,00:26:54.139961,jungkook,1152667
2023-03-28,00:26:54.140404,#20ICONICyearsOfAlluArjun,239829
2023-03-28,00:26:54.140476,#Nashville,12718
2023-03-28,00:26:54.140531,#MSDhoni𓃵,None
2023-03-28,00:26:54.140591,#हम_भैराराम_के_साथ_है,33070
2023-03-28,00:26:54.140644,#KedarJadhav,None
2023-03-28,00:26:54.140694,सरकारी बंगला,None
2023-03-28,00:26:54.140743,Suchwita,175803
2023-03-28,00:26:54.140791,Israel,518851
2023-03-28,00:26:54.140840,GO WELL CSK,None
2023-03-28,00:26:54.140888,GLOBAL ICON ALLUARJUN,105222
2023-03-28,00:26:54.140936,मादा चीता,None
2023-03-28,00:26:54.140983,नेशनल पार्क,None
2023-03-28,00:26:54.141032,सरकारी आवास,None
2023-03-28,00:26:54.141089,Netanyahu,394616
2023-03-28,00:26:54.141138,Namibia,None
2023-03-28,00:26:54.141186,Scotland,103539
2023-03-28,00:26:54.141233,yoonmin,111576
2023-03-28,00:26:54.141280,Sandeep Sharma,None
2023-03-28,00:26:54.141327,Usual Suspects In SSRCase,54073
2023-03-28,00:26:54.141374,नैनी जेल,None
2023-03-28,00:26:54.141422,Olympics,25485
2023-03-28,00:26:54.141469,EPFO,38439
2023-03-28,00:26:54.141516,काला जादू,None
2023-03-28,00:26:54.141563,Suga,550096
2023-03-28,00:26:54.141611,Bilkis Bano,26681
2023-03-28,00:26:54.141657,Smriti Irani,None
2023-03-28,00:26:54.141704,प्रदेश कार्यालय,None
2023-03-28,00:26:54.141751,#BoyapatiRAPOOnOct20,None
2023-03-28,00:26:54.141799,#atikahmad,None
2023-03-28,00:26:54.141846,#मूत्रकारिता,None
2023-03-28,00:26:54.141894,#aajtak,None
2023-03-28,00:26:54.141940,#Cheetah,None
2023-03-28,00:26:54.142017,#AddMoreScreensToDasara,None
2023-03-28,00:26:54.142069,#MAGICMANJacksonDay,73676
2023-03-28,00:26:54.142116,#KunoNationalPark,None
2023-03-28,00:26:54.142162,#JacksonWang,76843
2023-03-28,00:26:54.142209,#WhistlePodu,34568
2023-03-28,00:26:54.142255,#AdithaKarikalan,None
2023-03-28,00:26:54.142302,#Maaveeran,None
2023-03-28,00:26:54.142349,#OsarattumPathuThala,None
2023-03-28,00:26:54.142396,#RahulGhandi,None
2023-03-28,00:26:54.142443,#Sivakarthikeyan,None
2023-03-28,00:26:54.142489,#AnbuDen,10033
2023-03-28,00:26:54.142538,#ChennaiSuperKings,None
2023-03-28,00:26:54.142584,#1947August16,None
2023-03-28,00:26:54.142630,#madalvirupakshappa,None
2023-03-28,00:26:54.142682,#NitishRana,None
2023-03-28,00:26:54.142729,#RTHBill,None
2023-03-28,00:26:54.142775,#RandeepRai,None
2023-03-28,00:38:38.984747,jungkook,1153119
2023-03-28,00:38:38.985214,#Nashville,13803
2023-03-28,00:38:38.985306,#20ICONICyearsOfAlluArjun,241075
2023-03-28,00:38:38.985395,#MSDhoni𓃵,None
2023-03-28,00:38:38.985475,#हम_भैराराम_के_साथ_है,33094
2023-03-28,00:38:38.985548,#KedarJadhav,None
2023-03-28,00:38:38.985615,सरकारी बंगला,None
2023-03-28,00:38:38.985684,Suchwita,179425
2023-03-28,00:38:38.985751,Israel,510730
2023-03-28,00:38:38.985818,GO WELL CSK,None
2023-03-28,00:38:38.985894,GLOBAL ICON ALLUARJUN,105602
2023-03-28,00:38:38.985962,मादा चीता,None
2023-03-28,00:38:38.986028,नेशनल पार्क,None
2023-03-28,00:38:38.986096,सरकारी आवास,None
2023-03-28,00:38:38.986161,Namibia,None
2023-03-28,00:38:38.986225,Scotland,103553
2023-03-28,00:38:38.986291,Netanyahu,382111
2023-03-28,00:38:38.986355,yoonmin,112246
2023-03-28,00:38:38.986418,Sandeep Sharma,None
2023-03-28,00:38:38.986484,Usual Suspects In SSRCase,54540
2023-03-28,00:38:38.986547,Olympics,24333
2023-03-28,00:38:38.986612,नैनी जेल,None
2023-03-28,00:38:38.986679,EPFO,38528
2023-03-28,00:38:38.986744,काला जादू,None
2023-03-28,00:38:38.986811,Suga,548926
2023-03-28,00:38:38.986919,Bilkis Bano,25929
2023-03-28,00:38:38.986995,Smriti Irani,None
2023-03-28,00:38:38.987065,प्रदेश कार्यालय,None
2023-03-28,00:38:38.987135,#BoyapatiRAPOOnOct20,None
2023-03-28,00:38:38.987218,#मूत्रकारिता,None
2023-03-28,00:38:38.987284,#atikahmad,None
2023-03-28,00:38:38.987349,#aajtak,None
2023-03-28,00:38:38.987413,#Cheetah,None
2023-03-28,00:38:38.987477,#MAGICMANJacksonDay,74571
2023-03-28,00:38:38.987543,#AddMoreScreensToDasara,None
2023-03-28,00:38:38.987608,#KunoNationalPark,None
2023-03-28,00:38:38.987673,#JacksonWang,77476
2023-03-28,00:38:38.987737,#WhistlePodu,34538
2023-03-28,00:38:38.987816,#AdithaKarikalan,None
2023-03-28,00:38:38.987885,#Maaveeran,None
2023-03-28,00:38:38.987953,#OsarattumPathuThala,None
2023-03-28,00:38:38.988020,#Sivakarthikeyan,None
2023-03-28,00:38:38.988089,#RahulGhandi,None
2023-03-28,00:38:38.988166,#AnbuDen,10121
2023-03-28,00:38:38.988232,#ChennaiSuperKings,None
2023-03-28,00:38:38.988297,#1947August16,None
2023-03-28,00:38:38.988361,#madalvirupakshappa,None
2023-03-28,00:38:38.988443,#NitishRana,None
2023-03-28,00:38:38.988510,#RandeepRai,None
2023-03-28,00:38:38.988574,#RTHBill,None
