2023-03-27,00:05:20.273391,#WPLFinal,24661
2023-03-27,00:05:20.273803,#MumbaiIndians,27549
2023-03-27,00:05:20.273877,#WPL2023final,None
2023-03-27,00:05:20.273932,#MIvsDC,None
2023-03-27,00:05:20.273982,#Innocent,None
2023-03-27,00:05:20.274030,Shikha P,None
2023-03-27,00:05:20.274077,Nat Sciver,None
2023-03-27,00:05:20.274125,Meg Lanning,None
2023-03-27,00:05:20.274172,RIP Legend,None
2023-03-27,00:05:20.274219,Calvin Klein,95559
2023-03-27,00:05:20.274265,South Africa,46182
2023-03-27,00:05:20.274312,Champions,88284
2023-03-27,00:05:20.274358,Women's Premier League,None
2023-03-27,00:05:20.274406,Congratulations MI,None
2023-03-27,00:05:20.274452,Saka,112451
2023-03-27,00:05:20.274499,Bumrah,None
2023-03-27,00:05:20.274547,Hayley Matthews,None
2023-03-27,00:05:20.274593,Ambani,None
2023-03-27,00:05:20.274640,मुंबई इंडियंस,None
2023-03-27,00:05:20.274689,Game Changer,49574
2023-03-27,00:05:20.274735,Amelia Kerr,None
2023-03-27,00:05:20.274781,SAY LALISA DAY,696473
2023-03-27,00:05:20.274833,JEON JUNGKOOK,19668
2023-03-27,00:05:20.274879,आकाश आनंद,None
2023-03-27,00:05:20.274927,Trophy,43904
2023-03-27,00:05:20.275000,Lisa S,198234
2023-03-27,00:05:20.275050,Abdullah Shafique,None
2023-03-27,00:05:20.275096,Deandra D,None
2023-03-27,00:05:20.275143,Umpire,None
2023-03-27,00:05:20.275194,Gold,278211
2023-03-27,00:05:20.275241,विकास दुबे,None
2023-03-27,00:05:20.275288,Wong,24151
2023-03-27,00:05:20.275334,निकहत ज़रीन,None
2023-03-27,00:05:20.275380,Caitlin Parker,None
2023-03-27,00:05:20.275426,FARHAD DONT RUIN HERAPHERI,None
2023-03-27,00:05:20.275472,Gyan Ganga,72063
2023-03-27,00:05:20.275517,Harvard,28941
2023-03-27,00:05:20.275562,Sushant Butterfly Effect,51332
2023-03-27,00:05:20.275608,Centurion,None
2023-03-27,00:05:20.275654,#DCvMI,23283
2023-03-27,00:05:20.275700,#HBDGlobalStarRamCharan,127238
2023-03-27,00:05:20.275746,#राइट_टू_हेल्थ_संजीवनी_है,126418
2023-03-27,00:05:20.275792,#HarmanpreetKaur,None
2023-03-27,00:05:20.275838,#SAvWI,13661
2023-03-27,00:05:20.275885,#OneFamily,20058
2023-03-27,00:05:20.275935,#UntoldStory_Of_GoddessDurga,299415
2023-03-27,00:05:20.275981,#NikhatZareen,None
2023-03-27,00:05:20.276026,#AtiqAhmed,None
2023-03-27,00:05:20.276073,#SundaysWithAmaal,None
2023-03-27,00:05:20.276119,#AaliRe,16901
2023-03-27,00:11:56.307628,#WPLFinal,25266
2023-03-27,00:11:56.308094,#MumbaiIndians,28003
2023-03-27,00:11:56.308174,#WPL2023final,None
2023-03-27,00:11:56.308239,#HBDGlobalStarRamCharan,131220
2023-03-27,00:11:56.308299,#MIvsDC,None
2023-03-27,00:11:56.308356,Shikha P,None
2023-03-27,00:11:56.308412,Nat Sciver,None
2023-03-27,00:11:56.308471,RIP Legend,None
2023-03-27,00:11:56.308517,Meg Lanning,None
2023-03-27,00:11:56.308564,Calvin Klein,97489
2023-03-27,00:11:56.308609,South Africa,46442
2023-03-27,00:11:56.308656,Champions,89091
2023-03-27,00:11:56.308702,Bumrah,None
2023-03-27,00:11:56.308748,Congratulations MI,None
2023-03-27,00:11:56.308794,Women's Premier League,None
2023-03-27,00:11:56.308840,Saka,113861
2023-03-27,00:11:56.308886,Hayley Matthews,None
2023-03-27,00:11:56.308932,Ambani,None
2023-03-27,00:11:56.308978,मुंबई इंडियंस,None
2023-03-27,00:11:56.309028,Game Changer,49648
2023-03-27,00:11:56.309074,Charan Anna,None
2023-03-27,00:11:56.309119,Happy Birthday Anna,12283
2023-03-27,00:11:56.309171,Amelia Kerr,None
2023-03-27,00:11:56.309217,SAY LALISA DAY,699917
2023-03-27,00:11:56.309263,आकाश आनंद,None
2023-03-27,00:11:56.309312,JEON JUNGKOOK,20261
2023-03-27,00:11:56.309358,Abdullah Shafique,None
2023-03-27,00:11:56.309405,Trophy,44280
2023-03-27,00:11:56.309450,Lisa S,199064
2023-03-27,00:11:56.309496,Deandra D,None
2023-03-27,00:11:56.309542,Umpire,None
2023-03-27,00:11:56.309587,Gold,279371
2023-03-27,00:11:56.309633,विकास दुबे,None
2023-03-27,00:11:56.309679,निकहत ज़रीन,None
2023-03-27,00:11:56.309728,Wong,24277
2023-03-27,00:11:56.309774,Caitlin Parker,None
2023-03-27,00:11:56.309820,FARHAD DONT RUIN HERAPHERI,None
2023-03-27,00:11:56.309876,#Innocent,None
2023-03-27,00:11:56.309924,#DCvMI,23460
2023-03-27,00:11:56.309971,#राइट_टू_हेल्थ_संजीवनी_है,126705
2023-03-27,00:11:56.310018,#HarmanpreetKaur,None
2023-03-27,00:11:56.310065,#SAvWI,13755
2023-03-27,00:11:56.310111,#OneFamily,20861
2023-03-27,00:11:56.310157,#NikhatZareen,None
2023-03-27,00:11:56.310204,#UntoldStory_Of_GoddessDurga,299643
2023-03-27,00:11:56.310253,#AtiqAhmed,None
2023-03-27,00:11:56.310300,#AaliRe,17566
2023-03-27,00:11:56.310346,#SundaysWithAmaal,None
2023-03-27,00:11:56.310392,#LovlinaBorgohain,None
2023-03-27,00:11:56.310438,#SSMB28,412934
