2023-04-21,00:07:07.953151,#DCvKKR,None
2023-04-21,00:07:07.953703,#TerrorAttack,None
2023-04-21,00:07:07.953804,#Poonch,None
2023-04-21,00:07:07.953888,#EidUlFitr,21905
2023-04-21,00:07:07.953967,Eid Mubarak,72105
2023-04-21,00:07:07.954043,Om Shanti,None
2023-04-21,00:07:07.954138,#IndianArmy,None
2023-04-21,00:07:07.954232,जवान शहीद,13166
2023-04-21,00:07:07.954360,जम्मू कश्मीर,34762
2023-04-21,00:07:07.954477,David W,None
2023-04-21,00:07:07.954568,सऊदी अरब,None
2023-04-21,00:07:07.954666,भारतीय सेना,None
2023-04-21,00:07:07.954741,मुखर्जी नगर,16461
2023-04-21,00:07:07.954819,Marsh,11144
2023-04-21,00:07:07.954894,बाबू बजरंगी,16195
2023-04-21,00:07:07.954969,Ishant Sharma,None
2023-04-21,00:07:07.955046,Imran Pratapgarhi,10315
2023-04-21,00:07:07.955121,Mandeep,None
2023-04-21,00:07:07.955197,PAFF,None
2023-04-21,00:07:07.955273,keita,257472
2023-04-21,00:07:07.955347,Sonam Kapoor,None
2023-04-21,00:07:07.955421,AGUST D ITS YOUR D DAY,43704
2023-04-21,00:07:07.955497,Anukul Roy,None
2023-04-21,00:07:07.955580,ITS D DAY TODAY,44443
2023-04-21,00:07:07.955655,Buzzfeed,44971
2023-04-21,00:07:07.955730,Prithvi Shaw,None
2023-04-21,00:07:07.955805,निधन हृदय,None
2023-04-21,00:07:07.955880,Babu Bajrangi,14193
2023-04-21,00:07:07.955954,Siraj,38972
2023-04-21,00:07:07.956031,Beyonce,33924
2023-04-21,00:07:07.956104,माया कोडनानी,13941
2023-04-21,00:07:07.956179,ricky,229625
2023-04-21,00:07:07.956252,Rashtriya Rifles,None
2023-04-21,00:07:07.956326,Andre Russell,None
2023-04-21,00:07:07.956403,Saudi Arabia,49794
2023-04-21,00:07:07.956641,zhang hao,117504
2023-04-21,00:07:07.956743,Narine,None
2023-04-21,00:07:07.956842,24 GLORIOUS YRS OF SHILPA,None
2023-04-21,00:07:07.956920,Maya Kodnani,13854
2023-04-21,00:07:07.957016,Arunachal Pradesh,None
2023-04-21,00:07:07.957093,yujin,156104
2023-04-21,00:07:07.957170,Jason Roy,None
2023-04-21,00:07:07.957245,J&K.,33341
2023-04-21,00:07:07.957319,UPSC,15921
2023-04-21,00:07:07.957397,Tim Cook,16923
2023-04-21,00:07:07.957496,Godhra,None
2023-04-21,00:07:07.957572,D-Day,294483
2023-04-21,00:07:07.957644,सिविल सेवा,None
2023-04-21,00:07:07.957719,Chand,16834
2023-04-21,00:07:07.957792,Jaipur,18787
2023-04-21,00:13:49.173584,#DCvKKR,None
2023-04-21,00:13:49.173984,#TerrorAttack,None
2023-04-21,00:13:49.174054,#BlueTick,None
2023-04-21,00:13:49.174108,Eid Mubarak,73663
2023-04-21,00:13:49.174157,#EidUlFitr,22148
2023-04-21,00:13:49.174206,Om Shanti,None
2023-04-21,00:13:49.174253,#IndianArmy,None
2023-04-21,00:13:49.174301,जवान शहीद,13260
2023-04-21,00:13:49.174351,जम्मू कश्मीर,35035
2023-04-21,00:13:49.174401,David W,None
2023-04-21,00:13:49.174448,सऊदी अरब,None
2023-04-21,00:13:49.174497,भारतीय सेना,None
2023-04-21,00:13:49.174545,Jammu,19274
2023-04-21,00:13:49.174592,मुखर्जी नगर,16547
2023-04-21,00:13:49.174640,Prithvi Shaw,None
2023-04-21,00:13:49.174688,Marsh,11204
2023-04-21,00:13:49.174737,बाबू बजरंगी,16521
2023-04-21,00:13:49.174784,Ishant Sharma,None
2023-04-21,00:13:49.174832,Imran Pratapgarhi,10323
2023-04-21,00:13:49.174880,Mandeep,None
2023-04-21,00:13:49.174927,PAFF,None
2023-04-21,00:13:49.174974,AGUST D ITS YOUR D DAY,44333
2023-04-21,00:13:49.175025,Sonam Kapoor,None
2023-04-21,00:13:49.175072,ITS D DAY TODAY,44848
2023-04-21,00:13:49.175117,keita,258558
2023-04-21,00:13:49.175164,Anukul Roy,None
2023-04-21,00:13:49.175211,Beyonce,34912
2023-04-21,00:13:49.175257,Buzzfeed,45505
2023-04-21,00:13:49.175303,निधन हृदय,None
2023-04-21,00:13:49.175352,Siraj,39078
2023-04-21,00:13:49.175430,Babu Bajrangi,14326
2023-04-21,00:13:49.175481,Rashtriya Rifles,None
2023-04-21,00:13:49.175530,ricky,230672
2023-04-21,00:13:49.175577,माया कोडनानी,14071
2023-04-21,00:13:49.175625,Andre Russell,None
2023-04-21,00:13:49.175672,Saudi Arabia,50243
2023-04-21,00:13:49.175718,Delhi Capitals,None
2023-04-21,00:13:49.175773,zhang hao,131837
2023-04-21,00:13:49.175822,Narine,None
2023-04-21,00:13:49.175870,24 GLORIOUS YRS OF SHILPA,None
2023-04-21,00:13:49.175917,Maya Kodnani,14008
2023-04-21,00:13:49.175965,Arunachal Pradesh,None
2023-04-21,00:13:49.176012,yujin,156643
2023-04-21,00:13:49.176059,Jason Roy,None
2023-04-21,00:13:49.176106,Tim Cook,17023
2023-04-21,00:13:49.176156,J&K.,33558
2023-04-21,00:13:49.176203,D-Day,295400
2023-04-21,00:13:49.176250,Godhra,None
2023-04-21,00:13:49.176297,UPSC,15996
2023-04-21,00:13:49.176344,सिविल सेवा,None
2023-04-21,00:20:25.138133,#DCvKKR,10072
2023-04-21,00:20:25.138542,#TerrorAttack,None
2023-04-21,00:20:25.138615,#BlueTick,None
2023-04-21,00:20:25.138670,Eid Mubarak,75063
2023-04-21,00:20:25.138722,#EidUlFitr,22365
2023-04-21,00:20:25.138770,Om Shanti,None
2023-04-21,00:20:25.138819,#IndianArmy,None
2023-04-21,00:20:25.138866,जवान शहीद,13364
2023-04-21,00:20:25.138916,जम्मू कश्मीर,35363
2023-04-21,00:20:25.138963,David W,None
2023-04-21,00:20:25.139010,सऊदी अरब,None
2023-04-21,00:20:25.139058,भारतीय सेना,None
2023-04-21,00:20:25.139105,Jammu,19448
2023-04-21,00:20:25.139152,Litton Das,None
2023-04-21,00:20:25.139197,मुखर्जी नगर,16648
2023-04-21,00:20:25.139244,Prithvi Shaw,None
2023-04-21,00:20:25.139292,बाबू बजरंगी,16689
2023-04-21,00:20:25.139339,Marsh,11254
2023-04-21,00:20:25.139385,Axar,None
2023-04-21,00:20:25.139431,Ishant Sharma,None
2023-04-21,00:20:25.139483,Imran Pratapgarhi,10348
2023-04-21,00:20:25.139531,Mandeep,None
2023-04-21,00:20:25.139583,PAFF,None
2023-04-21,00:20:25.139630,Sonam Kapoor,None
2023-04-21,00:20:25.139677,AGUST D ITS YOUR D DAY,44700
2023-04-21,00:20:25.139725,ITS D DAY TODAY,45242
2023-04-21,00:20:25.139771,keita,259995
2023-04-21,00:20:25.139817,Anukul Roy,None
2023-04-21,00:20:25.139862,Rashtriya Rifles,None
2023-04-21,00:20:25.139909,Beyonce,35908
2023-04-21,00:20:25.139956,Buzzfeed,46510
2023-04-21,00:20:25.140024,निधन हृदय,None
2023-04-21,00:20:25.140077,Siraj,39138
2023-04-21,00:20:25.140124,Babu Bajrangi,14436
2023-04-21,00:20:25.140171,माया कोडनानी,14192
2023-04-21,00:20:25.140218,Andre Russell,None
2023-04-21,00:20:25.140263,Saudi Arabia,50690
2023-04-21,00:20:25.140309,Delhi Capitals,None
2023-04-21,00:20:25.140354,ricky,231977
2023-04-21,00:20:25.140401,zhang hao,132564
2023-04-21,00:20:25.140447,Narine,None
2023-04-21,00:20:25.140493,24 GLORIOUS YRS OF SHILPA,None
2023-04-21,00:20:25.140541,Maya Kodnani,14090
2023-04-21,00:20:25.140588,Arunachal Pradesh,None
2023-04-21,00:20:25.140639,Tim Cook,17207
2023-04-21,00:20:25.140686,yujin,157068
2023-04-21,00:20:25.140732,Jason Roy,None
2023-04-21,00:20:25.140778,UPSC,16097
2023-04-21,00:20:25.140825,J&K.,33859
2023-04-21,00:20:25.140870,D-Day,296276
2023-04-21,00:27:12.713023,#DCvKKR,10614
2023-04-21,00:27:12.713471,#BlueTick,None
2023-04-21,00:27:12.713542,#TerrorAttack,None
2023-04-21,00:27:12.713596,Eid Mubarak,77193
2023-04-21,00:27:12.713647,#EidUlFitr,22697
2023-04-21,00:27:12.713696,Om Shanti,None
2023-04-21,00:27:12.713744,#IndianArmy,None
2023-04-21,00:27:12.713791,जवान शहीद,13542
2023-04-21,00:27:12.713841,Russell,36755
2023-04-21,00:27:12.713889,Litton Das,None
2023-04-21,00:27:12.713936,जम्मू कश्मीर,35427
2023-04-21,00:27:12.713984,David W,None
2023-04-21,00:27:12.714031,Axar,None
2023-04-21,00:27:12.714079,सऊदी अरब,None
2023-04-21,00:27:12.714128,Delhi Capitals,None
2023-04-21,00:27:12.714174,भारतीय सेना,None
2023-04-21,00:27:12.714224,Jammu,19586
2023-04-21,00:27:12.714271,मुखर्जी नगर,16724
2023-04-21,00:27:12.714318,बाबू बजरंगी,17000
2023-04-21,00:27:12.714366,Marsh,11362
2023-04-21,00:27:12.714413,Prithvi Shaw,None
2023-04-21,00:27:12.714463,Ishant Sharma,None
2023-04-21,00:27:12.714511,Imran Pratapgarhi,10371
2023-04-21,00:27:12.714557,Sonam Kapoor,None
2023-04-21,00:27:12.714603,Mandeep,None
2023-04-21,00:27:12.714661,PAFF,None
2023-04-21,00:27:12.714709,Beyonce,36527
2023-04-21,00:27:12.714755,Narine,None
2023-04-21,00:27:12.714801,Rashtriya Rifles,None
2023-04-21,00:27:12.714847,AGUST D ITS YOUR D DAY,45119
2023-04-21,00:27:12.714895,ITS D DAY TODAY,45690
2023-04-21,00:27:12.714941,keita,260901
2023-04-21,00:27:12.714987,Anukul Roy,None
2023-04-21,00:27:12.715033,Buzzfeed,47240
2023-04-21,00:27:12.715079,निधन हृदय,None
2023-04-21,00:27:12.715126,Siraj,39236
2023-04-21,00:27:12.715173,Babu Bajrangi,14649
2023-04-21,00:27:12.715219,माया कोडनानी,14364
2023-04-21,00:27:12.715266,Tim Cook,17415
2023-04-21,00:27:12.715313,Saudi Arabia,50966
2023-04-21,00:27:12.715360,ricky,233386
2023-04-21,00:27:12.715406,zhang hao,119090
2023-04-21,00:27:12.715452,24 GLORIOUS YRS OF SHILPA,None
2023-04-21,00:27:12.715499,Maya Kodnani,14260
2023-04-21,00:27:12.715552,Arunachal Pradesh,None
2023-04-21,00:27:12.715599,D-Day,297526
2023-04-21,00:27:12.715646,yujin,157723
2023-04-21,00:27:12.715692,Jason Roy,None
2023-04-21,00:27:12.715739,UPSC,16191
2023-04-21,00:27:12.715786,J&K.,34086
2023-04-21,00:38:34.360815,#DCvKKR,11193
2023-04-21,00:38:34.361217,#BlueTick,None
2023-04-21,00:38:34.361288,#TerrorAttack,None
2023-04-21,00:38:34.361341,Eid Mubarak,79009
2023-04-21,00:38:34.361390,#EidUlFitr,23112
2023-04-21,00:38:34.361438,Om Shanti,None
2023-04-21,00:38:34.361486,Litton Das,None
2023-04-21,00:38:34.361534,#IndianArmy,10078
2023-04-21,00:38:34.361582,Nitish Rana,None
2023-04-21,00:38:34.361630,जवान शहीद,13713
2023-04-21,00:38:34.361679,Russell,35429
2023-04-21,00:38:34.361726,जम्मू कश्मीर,35924
2023-04-21,00:38:34.361773,David W,None
2023-04-21,00:38:34.361821,Delhi Capitals,None
2023-04-21,00:38:34.361868,Axar,None
2023-04-21,00:38:34.361914,सऊदी अरब,None
2023-04-21,00:38:34.361963,भारतीय सेना,None
2023-04-21,00:38:34.362011,Jammu,19641
2023-04-21,00:38:34.362057,Mandeep,None
2023-04-21,00:38:34.362104,मुखर्जी नगर,16872
2023-04-21,00:38:34.362150,बाबू बजरंगी,17298
2023-04-21,00:38:34.362200,Marsh,11010
2023-04-21,00:38:34.362247,Prithvi Shaw,None
2023-04-21,00:38:34.362294,Imran Pratapgarhi,10394
2023-04-21,00:38:34.362340,Beyonce,36246
2023-04-21,00:38:34.362386,Sevilla,84179
2023-04-21,00:38:34.362432,Anukul Roy,None
2023-04-21,00:38:34.362477,Ishant Sharma,None
2023-04-21,00:38:34.362521,Rashtriya Rifles,None
2023-04-21,00:38:34.362576,Narine,None
2023-04-21,00:38:34.362623,Sonam Kapoor,None
2023-04-21,00:38:34.362669,AGUST D ITS YOUR D DAY,45729
2023-04-21,00:38:34.362716,PAFF,None
2023-04-21,00:38:34.362764,ITS D DAY TODAY,46291
2023-04-21,00:38:34.362811,निधन हृदय,None
2023-04-21,00:38:34.362859,keita,262220
2023-04-21,00:38:34.362906,Buzzfeed,47952
2023-04-21,00:38:34.362952,Tim Cook,16941
2023-04-21,00:38:34.362998,Siraj,39306
2023-04-21,00:38:34.363045,माया कोडनानी,14573
2023-04-21,00:38:34.363092,Babu Bajrangi,14890
2023-04-21,00:38:34.363162,Saudi Arabia,50394
2023-04-21,00:38:34.363210,ricky,233635
2023-04-21,00:38:34.363256,zhang hao,119975
2023-04-21,00:38:34.363308,Maya Kodnani,14468
2023-04-21,00:38:34.363355,Arunachal Pradesh,None
2023-04-21,00:38:34.363401,D-Day,297598
2023-04-21,00:38:34.363447,Jason Roy,None
2023-04-21,00:38:34.363494,UPSC,16215
2023-04-21,00:38:34.363540,J&K.,33847
2023-04-21,00:47:56.561958,#DCvKKR,11432
2023-04-21,00:47:56.562457,#BlueTick,None
2023-04-21,00:47:56.562541,Maguire,65298
2023-04-21,00:47:56.562605,#TerrorAttack,None
2023-04-21,00:47:56.562666,#SEVMUN,16471
2023-04-21,00:47:56.562724,De Gea,18152
2023-04-21,00:47:56.562780,Eid Mubarak,81918
2023-04-21,00:47:56.562836,#EidUlFitr,23516
2023-04-21,00:47:56.562891,Om Shanti,None
2023-04-21,00:47:56.562946,Litton Das,None
2023-04-21,00:47:56.563001,Nitish Rana,None
2023-04-21,00:47:56.563056,जवान शहीद,13839
2023-04-21,00:47:56.563113,Russell,35798
2023-04-21,00:47:56.563168,Sevilla,94351
2023-04-21,00:47:56.563222,जम्मू कश्मीर,36290
2023-04-21,00:47:56.563289,David W,None
2023-04-21,00:47:56.563346,Axar,None
2023-04-21,00:47:56.563400,सऊदी अरब,None
2023-04-21,00:47:56.563455,भारतीय सेना,None
2023-04-21,00:47:56.563512,Jammu,19866
2023-04-21,00:47:56.563575,Mandeep,None
2023-04-21,00:47:56.563635,मुखर्जी नगर,17022
2023-04-21,00:47:56.563694,Marsh,11100
2023-04-21,00:47:56.563748,Prithvi Shaw,None
2023-04-21,00:47:56.563802,Beyonce,37187
2023-04-21,00:47:56.563858,Imran Pratapgarhi,10416
2023-04-21,00:47:56.563913,बाबू बजरंगी,17564
2023-04-21,00:47:56.563968,Narine,None
2023-04-21,00:47:56.564023,Ishant Sharma,None
2023-04-21,00:47:56.564078,Anukul Roy,None
2023-04-21,00:47:56.564133,Rashtriya Rifles,None
2023-04-21,00:47:56.564186,Sonam Kapoor,None
2023-04-21,00:47:56.564240,AGUST D ITS YOUR D DAY,46300
2023-04-21,00:47:56.564295,PAFF,None
2023-04-21,00:47:56.564350,ITS D DAY TODAY,46987
2023-04-21,00:47:56.564404,निधन हृदय,None
2023-04-21,00:47:56.564491,keita,263569
2023-04-21,00:47:56.564548,Buzzfeed,48664
2023-04-21,00:47:56.564603,Tim Cook,17060
2023-04-21,00:47:56.564659,Siraj,39445
2023-04-21,00:47:56.564714,Babu Bajrangi,15115
2023-04-21,00:47:56.564768,माया कोडनानी,14694
2023-04-21,00:47:56.564823,Saudi Arabia,50822
2023-04-21,00:47:56.564877,ricky,234815
2023-04-21,00:47:56.564939,zhang hao,135948
2023-04-21,00:47:56.564994,D-Day,298791
2023-04-21,00:47:56.565048,Maya Kodnani,14657
2023-04-21,00:47:56.565102,Arunachal Pradesh,None
2023-04-21,00:47:56.565156,Jason Roy,None
2023-04-21,00:47:56.565210,J&K.,34118
2023-04-21,00:54:38.509751,#BlueTick,None
2023-04-21,00:54:38.510277,#DCvKKR,11536
2023-04-21,00:54:38.510371,Maguire,84711
2023-04-21,00:54:38.510449,De Gea,26256
2023-04-21,00:54:38.510523,#TerrorAttack,None
2023-04-21,00:54:38.510595,#SEVMUN,21164
2023-04-21,00:54:38.510665,Eid Mubarak,84443
2023-04-21,00:54:38.510734,#EidUlFitr,23909
2023-04-21,00:54:38.510802,Om Shanti,None
2023-04-21,00:54:38.510871,Litton Das,None
2023-04-21,00:54:38.510940,Nitish Rana,None
2023-04-21,00:54:38.511020,Sevilla,103104
2023-04-21,00:54:38.511108,जवान शहीद,13948
2023-04-21,00:54:38.511182,Russell,36009
2023-04-21,00:54:38.511251,जम्मू कश्मीर,36519
2023-04-21,00:54:38.511322,David W,None
2023-04-21,00:54:38.511395,Axar,None
2023-04-21,00:54:38.511479,सऊदी अरब,None
2023-04-21,00:54:38.511546,भारतीय सेना,None
2023-04-21,00:54:38.511615,Jammu,20021
2023-04-21,00:54:38.511681,Mandeep,None
2023-04-21,00:54:38.511754,मुखर्जी नगर,17138
2023-04-21,00:54:38.511824,Ishant Sharma,None
2023-04-21,00:54:38.511891,Beyonce,38102
2023-04-21,00:54:38.511957,Prithvi Shaw,None
2023-04-21,00:54:38.512024,Marsh,11192
2023-04-21,00:54:38.512108,Narine,None
2023-04-21,00:54:38.512175,बाबू बजरंगी,17705
2023-04-21,00:54:38.512262,Anukul Roy,None
2023-04-21,00:54:38.512334,Rashtriya Rifles,None
2023-04-21,00:54:38.512406,Sonam Kapoor,None
2023-04-21,00:54:38.512476,AGUST D ITS YOUR D DAY,46850
2023-04-21,00:54:38.512562,PAFF,None
2023-04-21,00:54:38.512629,ITS D DAY TODAY,47407
2023-04-21,00:54:38.512725,निधन हृदय,None
2023-04-21,00:54:38.512805,Buzzfeed,49563
2023-04-21,00:54:38.512876,Tim Cook,17112
2023-04-21,00:54:38.512945,keita,264520
2023-04-21,00:54:38.513012,Siraj,39519
2023-04-21,00:54:38.513081,Babu Bajrangi,15212
2023-04-21,00:54:38.513254,माया कोडनानी,14826
2023-04-21,00:54:38.513340,ricky,236055
2023-04-21,00:54:38.513414,zhang hao,136515
2023-04-21,00:54:38.513493,D-Day,299884
2023-04-21,00:54:38.513570,Maya Kodnani,14732
2023-04-21,00:54:38.513642,Arunachal Pradesh,None
2023-04-21,00:54:38.513727,Saudi Arabia,51047
2023-04-21,00:54:38.513796,Jason Roy,None
2023-04-21,00:54:38.513864,J&K.,34382
2023-04-21,00:54:38.513933,Godhra,None
2023-04-21,01:01:25.111554,#BlueTick,None
2023-04-21,01:01:25.111931,Maguire,94299
2023-04-21,01:01:25.112001,#DCvKKR,11607
2023-04-21,01:01:25.112055,De Gea,29133
2023-04-21,01:01:25.112113,#SEVMUN,24173
2023-04-21,01:01:25.112164,#TerrorAttack,None
2023-04-21,01:01:25.112213,Eid Mubarak,85906
2023-04-21,01:01:25.112261,#EidUlFitr,24165
2023-04-21,01:01:25.112308,Om Shanti,None
2023-04-21,01:01:25.112357,Litton Das,None
2023-04-21,01:01:25.112405,Sevilla,108606
2023-04-21,01:01:25.112453,Nitish Rana,None
2023-04-21,01:01:25.112499,जवान शहीद,14054
2023-04-21,01:01:25.112550,Russell,36154
2023-04-21,01:01:25.112598,जम्मू कश्मीर,36645
2023-04-21,01:01:25.112646,David W,None
2023-04-21,01:01:25.112694,Axar,None
2023-04-21,01:01:25.112741,सऊदी अरब,None
2023-04-21,01:01:25.112789,भारतीय सेना,None
2023-04-21,01:01:25.112837,Jammu,20116
2023-04-21,01:01:25.112884,Mandeep,None
2023-04-21,01:01:25.112933,Ishant Sharma,None
2023-04-21,01:01:25.112979,मुखर्जी नगर,17205
2023-04-21,01:01:25.113026,Narine,None
2023-04-21,01:01:25.113073,Marsh,11237
2023-04-21,01:01:25.113119,Beyonce,38907
2023-04-21,01:01:25.113164,Prithvi Shaw,None
2023-04-21,01:01:25.113209,बाबू बजरंगी,17845
2023-04-21,01:01:25.113255,Anukul Roy,None
2023-04-21,01:01:25.113343,Legacy,99605
2023-04-21,01:01:25.113392,Rashtriya Rifles,None
2023-04-21,01:01:25.113439,निधन हृदय,None
2023-04-21,01:01:25.113487,Sonam Kapoor,None
2023-04-21,01:01:25.113534,AGUST D ITS YOUR D DAY,47022
2023-04-21,01:01:25.113582,PAFF,None
2023-04-21,01:01:25.113628,ITS D DAY TODAY,47598
2023-04-21,01:01:25.113674,Buzzfeed,50499
2023-04-21,01:01:25.113720,Tim Cook,17170
2023-04-21,01:01:25.113766,keita,265229
2023-04-21,01:01:25.113812,Siraj,39641
2023-04-21,01:01:25.113858,Babu Bajrangi,15372
2023-04-21,01:01:25.113903,माया कोडनानी,14933
2023-04-21,01:01:25.113951,ricky,236749
2023-04-21,01:01:25.114000,zhang hao,137194
2023-04-21,01:01:25.114048,D-Day,300692
2023-04-21,01:01:25.114094,Maya Kodnani,14854
2023-04-21,01:01:25.114140,Arunachal Pradesh,None
2023-04-21,01:01:25.114186,Saudi Arabia,51334
2023-04-21,01:01:25.114232,Jason Roy,None
2023-04-21,01:01:25.114278,J&K.,34606
2023-04-21,01:08:07.184281,#BlueTick,None
2023-04-21,01:08:07.184719,Maguire,101241
2023-04-21,01:08:07.184792,#DCvKKR,11690
2023-04-21,01:08:07.184847,De Gea,31981
2023-04-21,01:08:07.184899,#TerrorAttack,None
2023-04-21,01:08:07.184949,#SEVMUN,28311
2023-04-21,01:08:07.184997,Eid Mubarak,87927
2023-04-21,01:08:07.185046,Sevilla,115417
2023-04-21,01:08:07.185094,#EidUlFitr,24380
2023-04-21,01:08:07.185141,Om Shanti,None
2023-04-21,01:08:07.185189,Litton Das,None
2023-04-21,01:08:07.185237,Nitish Rana,None
2023-04-21,01:08:07.185284,जवान शहीद,14105
2023-04-21,01:08:07.185334,Russell,36425
2023-04-21,01:08:07.185381,जम्मू कश्मीर,36769
2023-04-21,01:08:07.185428,Delhi Capitals,None
2023-04-21,01:08:07.185476,David W,None
2023-04-21,01:08:07.185523,Axar,None
2023-04-21,01:08:07.185569,सऊदी अरब,None
2023-04-21,01:08:07.185618,भारतीय सेना,None
2023-04-21,01:08:07.185666,Jammu,20234
2023-04-21,01:08:07.185720,Mandeep,None
2023-04-21,01:08:07.185769,Ishant Sharma,None
2023-04-21,01:08:07.185815,Beyonce,39400
2023-04-21,01:08:07.185861,मुखर्जी नगर,17281
2023-04-21,01:08:07.185910,Narine,None
2023-04-21,01:08:07.185957,Marsh,11329
2023-04-21,01:08:07.186033,Rashtriya Rifles,None
2023-04-21,01:08:07.186082,Prithvi Shaw,None
2023-04-21,01:08:07.186130,बाबू बजरंगी,17996
2023-04-21,01:08:07.186178,Anukul Roy,None
2023-04-21,01:08:07.186225,Legacy,101390
2023-04-21,01:08:07.186271,निधन हृदय,None
2023-04-21,01:08:07.186319,Sonam Kapoor,None
2023-04-21,01:08:07.186368,AGUST D ITS YOUR D DAY,47223
2023-04-21,01:08:07.186415,PAFF,None
2023-04-21,01:08:07.186462,ITS D DAY TODAY,47878
2023-04-21,01:08:07.186509,Buzzfeed,51008
2023-04-21,01:08:07.186556,Tim Cook,17225
2023-04-21,01:08:07.186604,keita,266249
2023-04-21,01:08:07.186650,Siraj,39712
2023-04-21,01:08:07.186696,Babu Bajrangi,15475
2023-04-21,01:08:07.186753,माया कोडनानी,14992
2023-04-21,01:08:07.186805,ricky,237855
2023-04-21,01:08:07.186854,zhang hao,121967
2023-04-21,01:08:07.186900,D-Day,301895
2023-04-21,01:08:07.186947,Maya Kodnani,14940
2023-04-21,01:08:07.186993,Arunachal Pradesh,None
2023-04-21,01:08:07.187039,Saudi Arabia,51505
2023-04-21,01:08:07.187085,Jason Roy,None
