2023-04-11,00:03:57.182748,#RCBvsLSG,40863
2023-04-11,00:03:57.183309,Harshal,15531
2023-04-11,00:03:57.183433,#DeelanceBinanceLive,None
2023-04-11,00:03:57.183556,#ViratKohli,11754
2023-04-11,00:03:57.183649,#dineshkarthik,None
2023-04-11,00:03:57.183722,Stoinis,None
2023-04-11,00:03:57.183793,KL Rahul,10764
2023-04-11,00:03:57.184019,Pooran,23130
2023-04-11,00:03:57.184147,राष्ट्रीय पार्टी,21347
2023-04-11,00:03:57.184237,#JCOnKarnatakaElection,None
2023-04-11,00:03:57.184359,Mankad,None
2023-04-11,00:03:57.184451,Vintage RCB,None
2023-04-11,00:03:57.184524,Ashwin,None
2023-04-11,00:03:57.184611,Chinnaswamy,14458
2023-04-11,00:03:57.184679,Bishnoi,10623
2023-04-11,00:03:57.184757,Avesh Khan,None
2023-04-11,00:03:57.184828,Haarcb,None
2023-04-11,00:03:57.184896,Maxwell,30323
2023-04-11,00:03:57.185015,Parnell,None
2023-04-11,00:03:57.185116,Siraj,None
2023-04-11,00:03:57.185185,Gautam Gambhir,None
2023-04-11,00:03:57.185261,चुनाव आयोग,None
2023-04-11,00:03:57.185337,Badoni,None
2023-04-11,00:03:57.185407,आम आदमी पार्टी,17167
2023-04-11,00:03:57.185478,Shikhar Dhawan Viral Video,None
2023-04-11,00:03:57.185587,National Party,28361
2023-04-11,00:03:57.185660,Maxi,16692
2023-04-11,00:03:57.185731,Hooda,None
2023-04-11,00:03:57.185836,Aam Aadmi Party,None
2023-04-11,00:03:57.185926,Karn Sharma,None
2023-04-11,00:03:57.186011,Mark Wood,None
2023-04-11,00:03:57.186078,नेशनल पार्टी,None
2023-04-11,00:03:57.186165,Unadkat,None
2023-04-11,00:03:57.186253,Simon Doull,None
2023-04-11,00:03:57.186327,Mayers,None
2023-04-11,00:03:57.186398,Krunal Pandya,None
2023-04-11,00:03:57.186470,Anushka,None
2023-04-11,00:03:57.186606,Trinamool Congress,None
2023-04-11,00:03:57.186674,Amul,34100
2023-04-11,00:03:57.186743,तृणमूल कांग्रेस,None
2023-04-11,00:03:57.186831,Amit Mishra,None
2023-04-11,00:03:57.186900,BPSC,None
2023-04-11,00:03:57.186984,yeonjun,80433
2023-04-11,00:03:57.187051,Dalai Lama,188428
2023-04-11,00:03:57.187145,Tibet,22245
2023-04-11,00:03:57.187215,Jarur,None
2023-04-11,00:03:57.187286,IRCTC,None
2023-04-11,00:03:57.187355,Innocent,95471
2023-04-11,00:03:57.187425,Nandini,35915
2023-04-11,00:03:57.187503,विराट कोहली,None
