2023-04-23,00:01:15.241648,#MIvsPBKS,22947
2023-04-23,00:01:15.242124,Arshdeep Singh,13482
2023-04-23,00:01:15.242209,#IPL2O23,14213
2023-04-23,00:01:15.242273,#LSGvGT,23298
2023-04-23,00:01:15.242332,#PunjabKings,None
2023-04-23,00:01:15.242389,Tim David,None
2023-04-23,00:01:15.242445,#MumbaiIndinas,None
2023-04-23,00:01:15.242501,Arjun Tendulkar,10170
2023-04-23,00:01:15.242555,Sam Curran,None
2023-04-23,00:01:15.242610,KL Rahul,27711
2023-04-23,00:01:15.242664,Wankhede,None
2023-04-23,00:01:15.242719,Jitesh Sharma,None
2023-04-23,00:01:15.242773,Surya,18919
2023-04-23,00:01:15.242827,Green,240670
2023-04-23,00:01:15.242881,Yorkers,None
2023-04-23,00:01:15.242934,WE LOVE YOU TAEHYUNG,215553
2023-04-23,00:01:15.242988,Tilak,None
2023-04-23,00:01:15.243043,Ellis,18751
2023-04-23,00:01:15.243096,Bumrah,None
2023-04-23,00:01:15.243151,Archer,18576
2023-04-23,00:01:15.243204,Mohit Sharma,None
2023-04-23,00:01:15.243261,WE LOVE YOU JUNGKOOK,160018
2023-04-23,00:01:15.243317,Irfan P,None
2023-04-23,00:01:15.243370,Mahrez,30416
2023-04-23,00:01:15.243422,Dortmund,35506
2023-04-23,00:01:15.243476,S Narine,None
2023-04-23,00:01:15.243530,S Badrinath,None
2023-04-23,00:01:15.243583,B Hodge,None
2023-04-23,00:01:15.243635,Livingstone,None
2023-04-23,00:01:15.243690,13 Years for Classic DARLING,16410
2023-04-23,00:01:15.243744,SUMAAN GRACING EKRH,43422
2023-04-23,00:01:15.243799,WE LOVE YOU JIMIN,61117
2023-04-23,00:01:15.243852,Meredith,12801
2023-04-23,00:01:15.243906,Jota,28137
2023-04-23,00:01:15.243960,Tuchel,44703
2023-04-23,00:01:15.244013,Chawla,None
2023-04-23,00:01:15.244067,Shami,None
2023-04-23,00:01:15.244120,सरकारी बंगला,None
2023-04-23,00:01:15.244175,J Botha,None
2023-04-23,00:01:15.244260,Bhatia,None
2023-04-23,00:01:15.244317,I Kishan,None
2023-04-23,00:01:15.244371,chaeyoung,79187
2023-04-23,00:01:15.244425,लोक कल्याण मार्ग,None
2023-04-23,00:01:15.244480,Index Fund,None
2023-04-23,00:01:15.244540,सरकारी आवास,14305
2023-04-23,00:01:15.244596,Last 5,43686
2023-04-23,00:01:15.244651,Lucknow,14752
2023-04-23,00:01:15.244705,Gambhir,None
2023-04-23,00:01:15.244758,Klol,None
2023-04-23,00:01:15.244812,Bundesliga,24285
