2023-04-17,00:03:30.181966,#GTvRR,13212
2023-04-17,00:03:30.182447,#RRvsGT,None
2023-04-17,00:03:30.182530,#SanjuSamson,None
2023-04-17,00:03:30.182597,Antony,87017
2023-04-17,00:03:30.182660,Hetmyer,None
2023-04-17,00:03:30.182719,Ash Anna,None
2023-04-17,00:03:30.182778,Riyan Parag,None
2023-04-17,00:03:30.182839,Rajasthan Royals,None
2023-04-17,00:03:30.182898,#HallaBol,None
2023-04-17,00:03:30.183011,Rashid,12717
2023-04-17,00:03:30.183076,#NFOMUN,74779
2023-04-17,00:03:30.183140,Hardik,None
2023-04-17,00:03:30.183200,Arsenal,408567
2023-04-17,00:03:30.183281,Shami,None
2023-04-17,00:03:30.183339,Sachin T,None
2023-04-17,00:03:30.183397,Sancho,24751
2023-04-17,00:03:30.183530,Hetty,None
2023-04-17,00:03:30.183740,Dalot,31055
2023-04-17,00:03:30.183846,PROUD TO BE SIDNAAZIAN,None
2023-04-17,00:03:30.183929,Lasith M,None
2023-04-17,00:03:30.184076,Eriksen,19962
2023-04-17,00:03:30.184163,Maguire,59378
2023-04-17,00:03:30.184242,Mohit Sharma,None
2023-04-17,00:03:30.184333,Dhruv Jurel,None
2023-04-17,00:03:30.184436,Noor,23063
2023-04-17,00:03:30.184506,Xavi,47460
2023-04-17,00:03:30.184593,MIN YOONGI,35625
2023-04-17,00:03:30.184681,Navas,11916
2023-04-17,00:03:30.184751,Gujarat Titans,None
2023-04-17,00:03:30.184824,Saka,124707
2023-04-17,00:03:30.184895,Sidharth,75743
2023-04-17,00:03:30.184981,Lindelof,14020
2023-04-17,00:03:30.185069,De Gea,None
2023-04-17,00:03:30.185185,Miller,25969
2023-04-17,00:03:30.185248,Arjun,44655
2023-04-17,00:03:30.185309,राजस्थान रॉयल्स,None
2023-04-17,00:03:30.185374,Lawmaker,26404
2023-04-17,00:03:30.185437,Matthew H,None
2023-04-17,00:03:30.185498,INVINCIBLE SUMELLIKA,16082
2023-04-17,00:03:30.185562,THE SCAR,43657
2023-04-17,00:03:30.185624,Bruno Fernandes,19376
2023-04-17,00:03:30.185685,Pedri,14839
2023-04-17,00:03:30.185752,Reuters,94132
2023-04-17,00:03:30.185815,Boult,None
2023-04-17,00:03:30.185879,Gill,94825
2023-04-17,00:03:30.185942,Sana,347686
2023-04-17,00:03:30.186003,West Ham,113547
2023-04-17,00:03:30.186065,Shaun M,None
2023-04-17,00:03:30.186127,उत्तर प्रदेश नगर,None
2023-04-17,00:03:30.186190,D DAY CONCEPT PHOTO 1 SOON,168569
