2023-03-29,00:00:36.549579,#MeraGharAapkaGhar,27973
2023-03-29,00:00:36.550064,#DisqualifiedByUnqualified,16073
2023-03-29,00:00:36.550150,केंद्रीय कार्यालय,15145
2023-03-29,00:00:36.550218,#NURSES_WITH_RTH,36135
2023-03-29,00:00:36.550278,#PehleMyTeam11,None
2023-03-29,00:00:36.550338,#UstaadBhagatSingh,None
2023-03-29,00:00:36.550396,FLOWER MV TEASER,278073
2023-03-29,00:00:36.550453,लाल किले,18928
2023-03-29,00:00:36.550510,बचाओ अभियान,None
2023-03-29,00:00:36.550567,मुरली मनोहर जोशी,None
2023-03-29,00:00:36.550624,jisoo,634606
2023-03-29,00:00:36.550679,Latest Android 13,None
2023-03-29,00:00:36.550734,Red Fort,12294
2023-03-29,00:00:36.550796,4GB RAM,None
2023-03-29,00:00:36.550851,लोकतंत्र बचाओ,18676
2023-03-29,00:00:36.550906,Media Failed Us In SSRCase,54412
2023-03-29,00:00:36.550962,शांति मार्च,15881
2023-03-29,00:00:36.551016,Virat Kohli,38398
2023-03-29,00:00:36.551070,Ben Stokes,None
2023-03-29,00:00:36.551126,पैन कार्ड,None
2023-03-29,00:00:36.551181,GitHub,37072
2023-03-29,00:00:36.551235,#MEin2Days,181000
2023-03-29,00:00:36.551290,#SabsePehleVision11,None
2023-03-29,00:00:36.551345,#USABacksRahul,None
2023-03-29,00:00:36.551399,#SPOTIFYCORRUPT,146094
2023-03-29,00:00:36.551459,#Harshali,None
2023-03-29,00:00:36.551514,#IndianFootball,None
2023-03-29,00:00:36.551567,#KathaAnkahee,None
2023-03-29,00:00:36.551652,#stufflistingsgettingmarried,None
2023-03-29,00:00:36.551708,#MileApoFlyToMumbai,496259
2023-03-29,00:00:36.551763,#HeroTriNation,None
2023-03-29,00:00:36.551817,#motog13,None
2023-03-29,00:00:36.551872,#Desamuduru4KSpecialShows,26109
2023-03-29,00:00:36.551925,#योगी_हैं_तो_यकीन_है,24118
2023-03-29,00:00:36.551982,#ShahRukhKhan𓀠,11387
2023-03-29,00:00:36.552042,#FindYourEdge,None
2023-03-29,00:00:36.552095,#BlueTigers,None
2023-03-29,00:00:36.552149,#HatkeExperience,None
2023-03-29,00:00:36.552203,#KGZIND,None
2023-03-29,00:00:36.552257,#BackTheBlue,None
2023-03-29,00:00:36.552310,#bachelor,16813
2023-03-29,00:00:36.552364,#Simhadri4K,None
2023-03-29,00:00:36.552417,#PANcard,None
2023-03-29,00:00:36.552470,#PathashreeRastashree,17641
2023-03-29,00:00:36.552526,#tuesdayvibe,15816
2023-03-29,00:00:36.552579,#PriyankaChopra,None
2023-03-29,00:00:36.552632,#AbhishekSingh,None
2023-03-29,00:00:36.552686,#AdaniGroup,None
2023-03-29,00:00:36.552740,#GautamAdani,None
2023-03-29,00:00:36.552794,#VeerSavarkar,None
2023-03-29,00:09:48.985577,#MeraGharAapkaGhar,29124
2023-03-29,00:09:48.986018,#DisqualifiedByUnqualified,16404
2023-03-29,00:09:48.986087,केंद्रीय कार्यालय,15302
2023-03-29,00:09:48.986143,#NURSES_WITH_RTH,36196
2023-03-29,00:09:48.986193,#UstaadBhagatSingh,None
2023-03-29,00:09:48.986244,#MEin2Days,182607
2023-03-29,00:09:48.986292,FLOWER MV TEASER,280334
2023-03-29,00:09:48.986340,लाल किले,19232
2023-03-29,00:09:48.986390,बचाओ अभियान,None
2023-03-29,00:09:48.986439,मुरली मनोहर जोशी,None
2023-03-29,00:09:48.986486,jisoo,648429
2023-03-29,00:09:48.986534,Latest Android 13,None
2023-03-29,00:09:48.986581,Red Fort,12476
2023-03-29,00:09:48.986628,लोकतंत्र बचाओ,18446
2023-03-29,00:09:48.986675,4GB RAM,None
2023-03-29,00:09:48.986720,Media Failed Us In SSRCase,54632
2023-03-29,00:09:48.986766,शांति मार्च,16091
2023-03-29,00:09:48.986812,Virat Kohli,38641
2023-03-29,00:09:48.986857,Ben Stokes,None
2023-03-29,00:09:48.986904,पैन कार्ड,None
2023-03-29,00:09:48.986950,GitHub,37366
2023-03-29,00:09:48.986996,#SabsePehleVision11,None
2023-03-29,00:09:48.987042,#PehleMyTeam11,None
2023-03-29,00:09:48.987086,#USABacksRahul,None
2023-03-29,00:09:48.987133,#Harshali,None
2023-03-29,00:09:48.987183,#SPOTIFYCORRUPT,146765
2023-03-29,00:09:48.987247,#MileApoFlyToMumbai,500282
2023-03-29,00:09:48.987298,#KathaAnkahee,None
2023-03-29,00:09:48.987344,#IndianFootball,None
2023-03-29,00:09:48.987390,#Desamuduru4KSpecialShows,26429
2023-03-29,00:09:48.987447,#HeroTriNation,None
2023-03-29,00:09:48.987493,#योगी_हैं_तो_यकीन_है,23883
2023-03-29,00:09:48.987539,#ShahRukhKhan𓀠,11483
2023-03-29,00:09:48.987590,#motog13,None
2023-03-29,00:09:48.987637,#FindYourEdge,None
2023-03-29,00:09:48.987681,#BlueTigers,None
2023-03-29,00:09:48.987726,#HatkeExperience,None
2023-03-29,00:09:48.987770,#KGZIND,None
2023-03-29,00:09:48.987816,#BackTheBlue,None
2023-03-29,00:09:48.987862,#bachelor,16870
2023-03-29,00:09:48.987907,#Simhadri4K,None
2023-03-29,00:09:48.987951,#PathashreeRastashree,17804
2023-03-29,00:09:48.987995,#PANcard,None
2023-03-29,00:09:48.988039,#tuesdayvibe,16049
2023-03-29,00:09:48.988085,#PriyankaChopra,None
2023-03-29,00:09:48.988130,#AbhishekSingh,None
2023-03-29,00:09:48.988176,#AdaniGroup,None
2023-03-29,00:09:48.988221,#GautamAdani,None
2023-03-29,00:09:48.988265,#VeerSavarkar,None
2023-03-29,00:09:48.988312,#RTH_Bill,None
2023-03-29,00:16:47.327849,#MeraGharAapkaGhar,29870
2023-03-29,00:16:47.328314,#DisqualifiedByUnqualified,16630
2023-03-29,00:16:47.328399,केंद्रीय कार्यालय,15535
2023-03-29,00:16:47.328466,#NURSES_WITH_RTH,36239
2023-03-29,00:16:47.328525,#UstaadBhagatSingh,None
2023-03-29,00:16:47.328584,#MileApoFlyToMumbai,502260
2023-03-29,00:16:47.328640,FLOWER MV TEASER,281981
2023-03-29,00:16:47.328704,लाल किले,19372
2023-03-29,00:16:47.328753,बचाओ अभियान,None
2023-03-29,00:16:47.328809,मुरली मनोहर जोशी,None
2023-03-29,00:16:47.328857,Welcome to India,None
2023-03-29,00:16:47.328905,jisoo,647594
2023-03-29,00:16:47.328952,Latest Android 13,None
2023-03-29,00:16:47.329000,Red Fort,12633
2023-03-29,00:16:47.329048,लोकतंत्र बचाओ,18577
2023-03-29,00:16:47.329095,4GB RAM,None
2023-03-29,00:16:47.329143,Media Failed Us In SSRCase,54837
2023-03-29,00:16:47.329190,शांति मार्च,16180
2023-03-29,00:16:47.329238,Virat Kohli,38825
2023-03-29,00:16:47.329286,NDTV,29605
2023-03-29,00:16:47.329332,Ben Stokes,None
2023-03-29,00:16:47.329379,पैन कार्ड,None
2023-03-29,00:16:47.329427,GitHub,37570
2023-03-29,00:16:47.329474,#USABacksRahul,None
2023-03-29,00:16:47.329521,#SabsePehleVision11,None
2023-03-29,00:16:47.329573,#PehleMyTeam11,None
2023-03-29,00:16:47.329621,#Harshali,None
2023-03-29,00:16:47.329667,#SPOTIFYCORRUPT,147390
2023-03-29,00:16:47.329714,#KathaAnkahee,None
2023-03-29,00:16:47.329761,#IndianFootball,None
2023-03-29,00:16:47.329808,#MEin2Days,183590
2023-03-29,00:16:47.329854,#Desamuduru4KSpecialShows,26548
2023-03-29,00:16:47.329900,#HeroTriNation,None
2023-03-29,00:16:47.329947,#motog13,None
2023-03-29,00:16:47.329994,#ShahRukhKhan𓀠,11543
2023-03-29,00:16:47.330046,#योगी_हैं_तो_यकीन_है,23918
2023-03-29,00:16:47.330093,#FindYourEdge,None
2023-03-29,00:16:47.330140,#BlueTigers,None
2023-03-29,00:16:47.330186,#HatkeExperience,None
2023-03-29,00:16:47.330233,#KGZIND,None
2023-03-29,00:16:47.330279,#BackTheBlue,None
2023-03-29,00:16:47.330324,#bachelor,16903
2023-03-29,00:16:47.330370,#Simhadri4K,None
2023-03-29,00:16:47.330416,#PathashreeRastashree,17896
2023-03-29,00:16:47.330463,#tuesdayvibe,16249
2023-03-29,00:16:47.330509,#PriyankaChopra,None
2023-03-29,00:16:47.330555,#AbhishekSingh,None
2023-03-29,00:16:47.330602,#AdaniGroup,None
2023-03-29,00:16:47.330649,#GautamAdani,None
2023-03-29,00:16:47.330695,#VeerSavarkar,None
2023-03-29,00:23:29.985311,#MeraGharAapkaGhar,30581
2023-03-29,00:23:29.985746,#DisqualifiedByUnqualified,16971
2023-03-29,00:23:29.985827,केंद्रीय कार्यालय,15681
2023-03-29,00:23:29.985892,#NURSES_WITH_RTH,36278
2023-03-29,00:23:29.985953,#MileApoFlyToMumbai,504043
2023-03-29,00:23:29.986009,#UstaadBhagatSingh,None
2023-03-29,00:23:29.986067,लाल किले,19513
2023-03-29,00:23:29.986124,Welcome to India,None
2023-03-29,00:23:29.986180,बचाओ अभियान,None
2023-03-29,00:23:29.986237,मुरली मनोहर जोशी,None
2023-03-29,00:23:29.986301,jisoo,653418
2023-03-29,00:23:29.986358,Latest Android 13,None
2023-03-29,00:23:29.986413,Red Fort,12719
2023-03-29,00:23:29.986467,लोकतंत्र बचाओ,18715
2023-03-29,00:23:29.986521,4GB RAM,None
2023-03-29,00:23:29.986575,Media Failed Us In SSRCase,54979
2023-03-29,00:23:29.986630,शांति मार्च,16328
2023-03-29,00:23:29.986685,Virat Kohli,38951
2023-03-29,00:23:29.986738,NDTV,29725
2023-03-29,00:23:29.986792,Ben Stokes,None
2023-03-29,00:23:29.986846,पैन कार्ड,None
2023-03-29,00:23:29.986902,GitHub,37765
2023-03-29,00:23:29.986956,#USABacksRahul,None
2023-03-29,00:23:29.987010,#SabsePehleVision11,None
2023-03-29,00:23:29.987064,#PehleMyTeam11,None
2023-03-29,00:23:29.987123,#Harshali,None
2023-03-29,00:23:29.987178,#SPOTIFYCORRUPT,147837
2023-03-29,00:23:29.987232,#KathaAnkahee,None
2023-03-29,00:23:29.987285,#IndianFootball,None
2023-03-29,00:23:29.987340,#MEin2Days,184289
2023-03-29,00:23:29.987400,#FLOWER,386729
2023-03-29,00:23:29.987446,#Desamuduru4KSpecialShows,26736
2023-03-29,00:23:29.987493,#HeroTriNation,None
2023-03-29,00:23:29.987539,#motog13,None
2023-03-29,00:23:29.987586,#ShahRukhKhan𓀠,11597
2023-03-29,00:23:29.987637,#योगी_हैं_तो_यकीन_है,23918
2023-03-29,00:23:29.987684,#FindYourEdge,None
2023-03-29,00:23:29.987730,#BlueTigers,None
2023-03-29,00:23:29.987776,#HatkeExperience,None
2023-03-29,00:23:29.987852,#KGZIND,None
2023-03-29,00:23:29.987898,#BackTheBlue,None
2023-03-29,00:23:29.987944,#bachelor,16945
2023-03-29,00:23:29.987990,#Simhadri4K,None
2023-03-29,00:23:29.988036,#PathashreeRastashree,17960
2023-03-29,00:23:29.988084,#tuesdayvibe,16463
2023-03-29,00:23:29.988130,#AbhishekSingh,None
2023-03-29,00:23:29.988176,#AdaniGroup,None
2023-03-29,00:23:29.988223,#GautamAdani,None
2023-03-29,00:23:29.988269,#VeerSavarkar,None
2023-03-29,00:23:29.988315,#RTH_Bill,None
2023-03-29,00:30:09.329480,#MeraGharAapkaGhar,31210
2023-03-29,00:30:09.329992,#DisqualifiedByUnqualified,17135
2023-03-29,00:30:09.330077,केंद्रीय कार्यालय,15789
2023-03-29,00:30:09.330143,#MileApoFlyToMumbai,507245
2023-03-29,00:30:09.330202,#USABacksRahul,None
2023-03-29,00:30:09.330292,#UstaadBhagatSingh,None
2023-03-29,00:30:09.330353,Welcome to India,None
2023-03-29,00:30:09.330409,लाल किले,19678
2023-03-29,00:30:09.330466,बचाओ अभियान,None
2023-03-29,00:30:09.330523,मुरली मनोहर जोशी,None
2023-03-29,00:30:09.330579,jisoo,655009
2023-03-29,00:30:09.330634,Latest Android 13,None
2023-03-29,00:30:09.330688,लोकतंत्र बचाओ,18798
2023-03-29,00:30:09.330743,Red Fort,12813
2023-03-29,00:30:09.330797,Media Failed Us In SSRCase,55186
2023-03-29,00:30:09.330851,शांति मार्च,16417
2023-03-29,00:30:09.330907,NDTV,29812
2023-03-29,00:30:09.330961,Ben Stokes,None
2023-03-29,00:30:09.331014,पैन कार्ड,None
2023-03-29,00:30:09.331070,GitHub,37912
2023-03-29,00:30:09.331124,#SabsePehleVision11,None
2023-03-29,00:30:09.331177,#NURSES_WITH_RTH,36321
2023-03-29,00:30:09.331231,#PehleMyTeam11,None
2023-03-29,00:30:09.331285,#Harshali,None
2023-03-29,00:30:09.331339,#KathaAnkahee,None
2023-03-29,00:30:09.331399,#SPOTIFYCORRUPT,148425
2023-03-29,00:30:09.331453,#IndianFootball,None
2023-03-29,00:30:09.331506,#MEin2Days,184938
2023-03-29,00:30:09.331560,#FLOWER,388060
2023-03-29,00:30:09.331615,#Desamuduru4KSpecialShows,26827
2023-03-29,00:30:09.331668,#HeroTriNation,None
2023-03-29,00:30:09.331722,#ShahRukhKhan𓀠,11699
2023-03-29,00:30:09.331781,#motog13,None
2023-03-29,00:30:09.331835,#योगी_हैं_तो_यकीन_है,23949
2023-03-29,00:30:09.331890,#FindYourEdge,None
2023-03-29,00:30:09.331944,#BlueTigers,None
2023-03-29,00:30:09.331997,#HatkeExperience,None
2023-03-29,00:30:09.332050,#KGZIND,None
2023-03-29,00:30:09.332103,#BackTheBlue,None
2023-03-29,00:30:09.332157,#bachelor,16962
2023-03-29,00:30:09.332209,#Simhadri4K,None
2023-03-29,00:30:09.332262,#PathashreeRastashree,17986
2023-03-29,00:30:09.332325,#tuesdayvibe,16657
2023-03-29,00:30:09.332379,#AbhishekSingh,None
2023-03-29,00:30:09.332435,#AdaniGroup,None
2023-03-29,00:30:09.332488,#GautamAdani,None
2023-03-29,00:30:09.332541,#VetriMaaran,None
2023-03-29,00:30:09.332594,#VeerSavarkar,None
2023-03-29,00:30:09.332647,#RTH_Bill,None
2023-03-29,00:30:09.332700,#PathuThalaFDFS,None
