2023-04-03,00:02:59.192496,#RCBvsMI,32007
2023-04-03,00:02:59.193003,#ViratKohli𓃵,18118
2023-04-03,00:02:59.193111,#FafDuPlessis,None
2023-04-03,00:02:59.193196,Tilak Verma,12586
2023-04-03,00:02:59.193274,#NEWMUN,66458
2023-04-03,00:02:59.193349,#IPL23,16691
2023-04-03,00:02:59.193422,Rohit,56111
2023-04-03,00:02:59.193495,Archer,43358
2023-04-03,00:02:59.193585,Newcastle,133703
2023-04-03,00:02:59.193668,Casemiro,25524
2023-04-03,00:02:59.193787,Siraj,11832
2023-04-03,00:02:59.193864,Sanath J,None
2023-04-03,00:02:59.193978,Chinnaswamy,31657
2023-04-03,00:02:59.194073,McTominay,19288
2023-04-03,00:02:59.194142,Sancho,16336
2023-04-03,00:02:59.194251,Ten Hag,58773
2023-04-03,00:02:59.194323,Weghorst,30339
2023-04-03,00:02:59.194393,Antony,37429
2023-04-03,00:02:59.194464,Rashford,32788
2023-04-03,00:02:59.194535,Eriksen,None
2023-04-03,00:02:59.194606,Martial,25079
2023-04-03,00:02:59.194676,D-Day,714534
2023-04-03,00:02:59.194748,Manchester United,96308
2023-04-03,00:02:59.194818,Top 4,125921
2023-04-03,00:02:59.194888,De Gea,18323
2023-04-03,00:02:59.195054,Maxwell,34752
2023-04-03,00:02:59.195189,Ishan,None
2023-04-03,00:02:59.195268,SARA AT SHEHNAAZ SHOW,67270
2023-04-03,00:02:59.195429,SUGA,957747
2023-04-03,00:02:59.195519,Willock,18004
2023-04-03,00:02:59.195595,राजस्थान विधानसभा,None
2023-04-03,00:02:59.195689,Piyush Chawla,None
2023-04-03,00:02:59.195774,Dalot,16864
2023-04-03,00:02:59.195841,तिलक वर्मा,None
2023-04-03,00:02:59.195912,Arshad Khan,None
2023-04-03,00:02:59.195979,Varane,None
2023-04-03,00:02:59.196044,Hooghly,12657
2023-04-03,00:02:59.196110,Topley,None
2023-04-03,00:02:59.196176,Hazard,46643
2023-04-03,00:02:59.196244,Bracewell,None
2023-04-03,00:02:59.196310,Vinay K,None
2023-04-03,00:02:59.196376,Harshal,None
2023-04-03,00:02:59.196448,Man United,47432
2023-04-03,00:02:59.196516,MIN YOONGI,21718
2023-04-03,00:02:59.196585,Tim David,None
2023-04-03,00:02:59.196651,Chris G,None
2023-04-03,00:02:59.196716,Martinez,75191
2023-04-03,00:02:59.196781,#MumbaiIndians,18061
2023-04-03,00:02:59.196846,#indianidol13,None
2023-04-03,00:02:59.196911,#RishiSingh,None
2023-04-03,00:09:29.439111,#RCBvsMI,32830
2023-04-03,00:09:29.439729,#ViratKohli𓃵,18791
2023-04-03,00:09:29.439823,#FafDuPlessis,None
2023-04-03,00:09:29.439889,Tilak Verma,12649
2023-04-03,00:09:29.439948,#NEWMUN,66965
2023-04-03,00:09:29.440005,#IPL23,16791
2023-04-03,00:09:29.440060,Mumbai Indians,20188
2023-04-03,00:09:29.440116,Rohit,56539
2023-04-03,00:09:29.440170,Newcastle,135622
2023-04-03,00:09:29.440225,Archer,43647
2023-04-03,00:09:29.440278,Casemiro,25906
2023-04-03,00:09:29.440332,Chinnaswamy,32172
2023-04-03,00:09:29.440385,McTominay,19458
2023-04-03,00:09:29.440438,Sancho,16640
2023-04-03,00:09:29.440499,Siraj,11878
2023-04-03,00:09:29.440547,Sanath J,None
2023-04-03,00:09:29.440597,Ten Hag,59802
2023-04-03,00:09:29.440645,Weghorst,30653
2023-04-03,00:09:29.440694,Antony,37767
2023-04-03,00:09:29.440743,Rashford,33311
2023-04-03,00:09:29.440792,Eriksen,None
2023-04-03,00:09:29.440840,Martial,25231
2023-04-03,00:09:29.440897,D-Day,718362
2023-04-03,00:09:29.440939,Manchester United,97898
2023-04-03,00:09:29.440990,Top 4,128045
2023-04-03,00:09:29.441027,De Gea,18454
2023-04-03,00:09:29.441063,Maxwell,34974
2023-04-03,00:09:29.441099,SARA AT SHEHNAAZ SHOW,67744
2023-04-03,00:09:29.441135,SUGA,961260
2023-04-03,00:09:29.441172,Willock,18377
2023-04-03,00:09:29.441208,Ishan,None
2023-04-03,00:09:29.441244,राजस्थान विधानसभा,None
2023-04-03,00:09:29.441282,Piyush Chawla,None
2023-04-03,00:09:29.441318,Dalot,17093
2023-04-03,00:09:29.441355,तिलक वर्मा,None
2023-04-03,00:09:29.441393,Arshad Khan,None
2023-04-03,00:09:29.441429,Varane,None
2023-04-03,00:09:29.441465,Topley,None
2023-04-03,00:09:29.441501,Bracewell,None
2023-04-03,00:09:29.441538,Hazard,47214
2023-04-03,00:09:29.441587,Vinay K,None
2023-04-03,00:09:29.441625,Harshal,None
2023-04-03,00:09:29.441664,MIN YOONGI,21804
2023-04-03,00:09:29.441701,Man United,48062
2023-04-03,00:09:29.441738,Tim David,None
2023-04-03,00:09:29.441784,Chris G,None
2023-04-03,00:09:29.441924,Martinez,75759
2023-04-03,00:09:29.441983,#indianidol13,None
2023-04-03,00:09:29.442038,#RishiSingh,None
2023-04-03,00:09:29.442091,#RoyalChallengersBangalore,None
