2023-04-27,00:03:23.810594,#RCBvKKR,33276
2023-04-27,00:03:23.811519,Dinesh Karthik,None
2023-04-27,00:03:23.811610,Lampard,24544
2023-04-27,00:03:23.811666,Lomror,None
2023-04-27,00:03:23.811765,#LokmatMaharashtrianOfTheYear,None
2023-04-27,00:03:23.811818,Russell,49288
2023-04-27,00:03:23.811870,#MCIARS,44646
2023-04-27,00:03:23.811922,Shahbaz,None
2023-04-27,00:03:23.811972,Chinnaswamy,11599
2023-04-27,00:03:23.812022,#PMAtRepublicSummit,18012
2023-04-27,00:03:23.812070,#Adiyae,None
2023-04-27,00:03:23.812119,Suyash,None
2023-04-27,00:03:23.812166,Haarcb,None
2023-04-27,00:03:23.812214,Arsenal,391133
2023-04-27,00:03:23.812262,Willey,None
2023-04-27,00:03:23.812310,S Samson,None
2023-04-27,00:03:23.812358,Harshal,None
2023-04-27,00:03:23.812410,Nitish Rana,None
2023-04-27,00:03:23.812458,Narine,None
2023-04-27,00:03:23.812509,Siraj,12045
2023-04-27,00:03:23.812560,EMIWAY HITS 20 MILLI SUBS,20662
2023-04-27,00:03:23.812608,D Sammy,None
2023-04-27,00:03:23.812670,M Morkel,None
2023-04-27,00:03:23.812720,Varun,None
2023-04-27,00:03:23.813075,Jason Roy,None
2023-04-27,00:03:23.813128,Hasaranga,None
2023-04-27,00:03:23.813172,Rinku,None
2023-04-27,00:03:23.813215,A. Great 5G Connectivity,None
2023-04-27,00:03:23.813258,P Valthaty,None
2023-04-27,00:03:23.813302,Anukul Roy,None
2023-04-27,00:03:23.813344,Wiese,None
2023-04-27,00:03:23.813386,Venkatesh Iyer,None
2023-04-27,00:03:23.813448,Brentford,18700
2023-04-27,00:03:23.813495,Venky,None
2023-04-27,00:03:23.813543,Jagadeesan,None
2023-04-27,00:03:23.813590,Jaggi,None
2023-04-27,00:03:23.813637,TAEHYUN,35547
2023-04-27,00:03:23.813685,जवान शहीद,18620
2023-04-27,00:03:23.813735,सीमा भाभी,None
2023-04-27,00:03:23.813786,Vyshak,None
2023-04-27,00:03:23.813834,GRADE PAY 3600,46221
2023-04-27,00:03:23.813882,ISIS,40222
2023-04-27,00:03:23.813930,Chase,51085
2023-04-27,00:03:23.813975,GIVE US TEASER MUNAWAR,42102
2023-04-27,00:03:23.814042,बिलकिस बानो,None
2023-04-27,00:03:23.814092,Umesh Yadav,None
2023-04-27,00:03:23.814139,MBBS,None
2023-04-27,00:03:23.814186,Israel,148022
2023-04-27,00:03:23.814233,PROMISING RISING STAR AYESHA,21052
2023-04-27,00:03:23.814280,Maoist,None
2023-04-27,00:10:02.679793,#RCBvKKR,33730
2023-04-27,00:10:02.680320,Dinesh Karthik,None
2023-04-27,00:10:02.680424,Lampard,26006
2023-04-27,00:10:02.680511,#MCIARS,46260
2023-04-27,00:10:02.680594,#LokmatMaharashtrianOfTheYear,None
2023-04-27,00:10:02.680674,Lomror,None
2023-04-27,00:10:02.680752,Russell,49658
2023-04-27,00:10:02.680832,Arsenal,397623
2023-04-27,00:10:02.680909,Shahbaz,None
2023-04-27,00:10:02.680987,Chinnaswamy,11712
2023-04-27,00:10:02.681065,#PMAtRepublicSummit,18201
2023-04-27,00:10:02.681154,#Adiyae,None
2023-04-27,00:10:02.681233,Suyash,None
2023-04-27,00:10:02.681311,Haarcb,None
2023-04-27,00:10:02.681387,Willey,None
2023-04-27,00:10:02.681463,S Samson,None
2023-04-27,00:10:02.681540,Nitish Rana,None
2023-04-27,00:10:02.681617,Narine,None
2023-04-27,00:10:02.681692,Harshal,None
2023-04-27,00:10:02.681770,Siraj,12120
2023-04-27,00:10:02.681851,M Morkel,None
2023-04-27,00:10:02.681930,EMIWAY HITS 20 MILLI SUBS,20747
2023-04-27,00:10:02.682054,D Sammy,None
2023-04-27,00:10:02.682134,Varun,None
2023-04-27,00:10:02.682212,Jason Roy,None
2023-04-27,00:10:02.682291,Sterling,18174
2023-04-27,00:10:02.682368,Hasaranga,None
2023-04-27,00:10:02.682443,Rinku,None
2023-04-27,00:10:02.682518,A. Great 5G Connectivity,None
2023-04-27,00:10:02.682596,P Valthaty,None
2023-04-27,00:10:02.682672,Anukul Roy,None
2023-04-27,00:10:02.682748,Wiese,None
2023-04-27,00:10:02.682823,Venkatesh Iyer,None
2023-04-27,00:10:02.682899,Brentford,20232
2023-04-27,00:10:02.682977,Venky,None
2023-04-27,00:10:02.683052,Jagadeesan,None
2023-04-27,00:10:02.683128,Jaggi,None
2023-04-27,00:10:02.683204,जवान शहीद,18655
2023-04-27,00:10:02.683282,सीमा भाभी,None
2023-04-27,00:10:02.683362,TAEHYUN,35732
2023-04-27,00:10:02.683440,Vyshak,None
2023-04-27,00:10:02.683516,GRADE PAY 3600,46257
2023-04-27,00:10:02.683599,ISIS,40399
2023-04-27,00:10:02.683678,Chase,51410
2023-04-27,00:10:02.683773,Israel,149111
2023-04-27,00:10:02.683854,GIVE US TEASER MUNAWAR,42118
2023-04-27,00:10:02.683932,बिलकिस बानो,None
2023-04-27,00:10:02.684012,MBBS,None
2023-04-27,00:10:02.684089,PROMISING RISING STAR AYESHA,21052
2023-04-27,00:10:02.684166,Happy Independence,12198
2023-04-27,00:16:50.376747,#RCBvKKR,33992
2023-04-27,00:16:50.377226,Dinesh Karthik,None
2023-04-27,00:16:50.377362,Lampard,27196
2023-04-27,00:16:50.377442,#MCIARS,50287
2023-04-27,00:16:50.377524,Arsenal,408478
2023-04-27,00:16:50.377588,#LokmatMaharashtrianOfTheYear,None
2023-04-27,00:16:50.377685,Lomror,None
2023-04-27,00:16:50.377784,Shahbaz,None
2023-04-27,00:16:50.377848,Russell,50008
2023-04-27,00:16:50.377919,Chinnaswamy,11868
2023-04-27,00:16:50.377984,#PMAtRepublicSummit,18410
2023-04-27,00:16:50.378050,#Adiyae,None
2023-04-27,00:16:50.378144,Suyash,None
2023-04-27,00:16:50.378206,Haarcb,None
2023-04-27,00:16:50.378267,Willey,None
2023-04-27,00:16:50.378328,S Samson,None
2023-04-27,00:16:50.378390,Nitish Rana,None
2023-04-27,00:16:50.378451,Narine,None
2023-04-27,00:16:50.378511,Harshal,None
2023-04-27,00:16:50.378573,Siraj,12187
2023-04-27,00:16:50.378653,M Morkel,None
2023-04-27,00:16:50.378715,EMIWAY HITS 20 MILLI SUBS,20648
2023-04-27,00:16:50.378776,D Sammy,None
2023-04-27,00:16:50.378835,Varun,None
2023-04-27,00:16:50.378931,Sterling,18310
2023-04-27,00:16:50.378994,Jason Roy,None
2023-04-27,00:16:50.379056,Hasaranga,None
2023-04-27,00:16:50.379117,Rinku,None
2023-04-27,00:16:50.379179,A. Great 5G Connectivity,None
2023-04-27,00:16:50.379273,P Valthaty,None
2023-04-27,00:16:50.379333,Brentford,23381
2023-04-27,00:16:50.379409,Anukul Roy,None
2023-04-27,00:16:50.379470,Wiese,None
2023-04-27,00:16:50.379530,Venkatesh Iyer,None
2023-04-27,00:16:50.379616,Venky,None
2023-04-27,00:16:50.379678,Jagadeesan,None
2023-04-27,00:16:50.379739,Jaggi,None
2023-04-27,00:16:50.379834,जवान शहीद,18695
2023-04-27,00:16:50.379897,TAEHYUN,35912
2023-04-27,00:16:50.379961,Vyshak,None
2023-04-27,00:16:50.380056,सीमा भाभी,None
2023-04-27,00:16:50.380122,GRADE PAY 3600,46261
2023-04-27,00:16:50.380205,ISIS,40621
2023-04-27,00:16:50.380268,Chase,51848
2023-04-27,00:16:50.380332,Israel,149868
2023-04-27,00:16:50.380424,GIVE US TEASER MUNAWAR,42103
2023-04-27,00:16:50.380483,बिलकिस बानो,None
2023-04-27,00:16:50.380544,MBBS,None
2023-04-27,00:16:50.380603,PROMISING RISING STAR AYESHA,21056
2023-04-27,00:16:50.380661,Arnab,None
