2023-04-01,00:02:53.247141,#IPL2023,117993
2023-04-01,00:02:53.247566,#GTvsCSK,25498
2023-04-01,00:02:53.247638,#IPLonJioCinema,23803
2023-04-01,00:02:53.247692,#TheGreatIndianMusical,None
2023-04-01,00:02:53.247742,#FairplayChahiye,None
2023-04-01,00:02:53.247790,Gill,47233
2023-04-01,00:02:53.247839,Vijay Shankar,None
2023-04-01,00:02:53.247888,Rashid Khan,None
2023-04-01,00:02:53.247935,Dube,10099
2023-04-01,00:02:53.247983,Tushar Deshpande,None
2023-04-01,00:02:53.248029,Tewatia,None
2023-04-01,00:02:53.248077,Bhojpuri,11024
2023-04-01,00:02:53.248123,Impact,207039
2023-04-01,00:02:53.249135,Thala,37523
2023-04-01,00:02:53.249224,Nita Ambani,None
2023-04-01,00:02:53.249281,Gigi,21113
2023-04-01,00:02:53.249332,zendaya,13731
2023-04-01,00:02:53.249381,Wide,95189
2023-04-01,00:02:53.249430,Aryan,10103
2023-04-01,00:02:53.249479,Kane Williamson,None
2023-04-01,00:02:53.249541,Degree,98803
2023-04-01,00:02:53.249605,Chahar,None
2023-04-01,00:02:53.249656,Rayudu,None
2023-04-01,00:02:53.249713,Stokes,13285
2023-04-01,00:02:53.249761,Hangargekar,None
2023-04-01,00:02:53.249809,Bowling,26259
2023-04-01,00:02:53.249857,Saha,11107
2023-04-01,00:02:53.249903,Match,265452
2023-04-01,00:02:53.249950,Santner,None
2023-04-01,00:02:53.249997,Conway,None
2023-04-01,00:02:53.250044,गुजरात यूनिवर्सिटी,None
2023-04-01,00:02:53.250094,Wicket,None
2023-04-01,00:02:53.250141,गुजरात कोर्ट,10103
2023-04-01,00:02:53.250189,Pretorius,None
2023-04-01,00:02:53.250238,Mahi,18517
2023-04-01,00:02:53.250285,Watching IPL,None
2023-04-01,00:02:53.250331,Gayle,None
2023-04-01,00:02:53.250377,Joshua Little,None
2023-04-01,00:02:53.250422,गुजरात हाई कोर्ट,None
2023-04-01,00:02:53.250471,#MSDhoni,23899
2023-04-01,00:02:53.250516,#JioCrash,None
2023-04-01,00:02:53.250561,#GujaratTitans,None
2023-04-01,00:02:53.250607,#RuturajGaikwad,None
2023-04-01,00:02:53.250656,#GTvsCHE,None
2023-04-01,00:02:53.250704,#staraikelungal,None
2023-04-01,00:02:53.250749,#NMACC,None
2023-04-01,00:02:53.250795,#ChennaiSuperKings,10313
2023-04-01,00:02:53.250840,#MasterChefIndia,None
2023-04-01,00:02:53.250886,#AskStar,None
2023-04-01,00:02:53.250930,#CSKTeam,None
2023-04-01,00:09:36.123650,#IPL2023,118858
2023-04-01,00:09:36.124163,#GTvsCSK,25723
2023-04-01,00:09:36.124245,#IPLonJioCinema,23949
2023-04-01,00:09:36.124309,#TheGreatIndianMusical,None
2023-04-01,00:09:36.124371,#FairplayChahiye,None
2023-04-01,00:09:36.124428,Gill,47525
2023-04-01,00:09:36.124483,Rashid Khan,None
2023-04-01,00:09:36.124538,Vijay Shankar,None
2023-04-01,00:09:36.124592,Dube,10229
2023-04-01,00:09:36.124648,Tushar Deshpande,None
2023-04-01,00:09:36.124702,Tewatia,None
2023-04-01,00:09:36.124757,Bhojpuri,11317
2023-04-01,00:09:36.124810,Impact,207878
2023-04-01,00:09:36.124865,Thala,37796
2023-04-01,00:09:36.124918,Nita Ambani,None
2023-04-01,00:09:36.124971,zendaya,13813
2023-04-01,00:09:36.125026,Gigi,21187
2023-04-01,00:09:36.125079,Wide,95616
2023-04-01,00:09:36.125132,Aryan,10210
2023-04-01,00:09:36.125187,Kane Williamson,None
2023-04-01,00:09:36.125239,Chahar,None
2023-04-01,00:09:36.125299,Rayudu,None
2023-04-01,00:09:36.125354,Degree,99861
2023-04-01,00:09:36.125407,Stokes,13413
2023-04-01,00:09:36.125461,Bowling,26536
2023-04-01,00:09:36.125515,Hangargekar,None
2023-04-01,00:09:36.125568,Saha,11228
2023-04-01,00:09:36.125621,Match,268461
2023-04-01,00:09:36.125674,Santner,None
2023-04-01,00:09:36.125727,Pretorius,None
2023-04-01,00:09:36.125781,Conway,None
2023-04-01,00:09:36.125834,गुजरात यूनिवर्सिटी,None
2023-04-01,00:09:36.125890,Wicket,10037
2023-04-01,00:09:36.125944,Mahi,18612
2023-04-01,00:09:36.125998,गुजरात कोर्ट,10266
2023-04-01,00:09:36.126053,Watching IPL,None
2023-04-01,00:09:36.126107,Moeen,None
2023-04-01,00:09:36.126159,Gayle,None
2023-04-01,00:09:36.126213,#MSDhoni,24188
2023-04-01,00:09:36.126277,#JioCrash,None
2023-04-01,00:09:36.126326,#GujaratTitans,None
2023-04-01,00:09:36.126375,#RuturajGaikwad,None
2023-04-01,00:09:36.126425,#GTvsCHE,None
2023-04-01,00:09:36.126489,#staraikelungal,None
2023-04-01,00:09:36.126542,#NMACC,None
2023-04-01,00:09:36.126592,#ChennaiSuperKings,10441
2023-04-01,00:09:36.126641,#MasterChefIndia,None
2023-04-01,00:09:36.126691,#AskStar,None
2023-04-01,00:09:36.126740,#CSKTeam,None
2023-04-01,00:09:36.126790,#csk2023,None
