2023-03-26,13:15:05.081246,#MannKiBaat,43603
2023-03-26,13:15:05.081747,#BholaaAdvanceBookingOpen,None
2023-03-26,13:15:05.081830,#ISRO,None
2023-03-26,13:15:05.081890,#TBMuktHaryana,None
2023-03-26,13:15:05.081945,#GalaxyA54giveaway,16881
2023-03-26,13:15:05.081997,संकल्प सत्याग्रह,35458
2023-03-26,13:15:05.082052,Dis'Qualified MP,None
2023-03-26,13:15:05.082105,साबरमती जेल,None
2023-03-26,13:15:05.082156,आकांक्षा दुबे,None
2023-03-26,13:15:05.082209,महादेवी वर्मा,None
2023-03-26,13:15:05.082260,प्रियंका गांधी,11162
2023-03-26,13:15:05.082310,Sushant Butterfly Effect,16454
2023-03-26,13:15:05.082390,भगवान राम,None
2023-03-26,13:15:05.082442,Rajghat,None
2023-03-26,13:15:05.082492,WE LOVE YOU ALICE,None
2023-03-26,13:15:05.082542,श्री नरेंद्र मोदी,10029
2023-03-26,13:15:05.082613,सतीश धवन अंतरिक्ष केंद्र,None
2023-03-26,13:15:05.082667,सदा देवी,15045
2023-03-26,13:15:05.082721,पंचम स्वरूप,None
2023-03-26,13:15:05.082775,आधुनिक मीरा,None
2023-03-26,13:15:05.082829,Lord Ram,None
2023-03-26,13:15:05.082882,भारतीय अंतरिक्ष अनुसंधान संगठन,None
2023-03-26,13:15:05.082937,सिसोदिया समाज,None
2023-03-26,13:15:05.082990,Sabka Mangal Sabka Bhala,76445
2023-03-26,13:15:05.083044,लोकप्रिय कार्यक्रम,None
2023-03-26,13:15:05.083099,Selfless Services,75719
2023-03-26,13:15:05.083152,The Saffron Warriors,18768
2023-03-26,13:15:05.083210,हिन्दी साहित्य,None
2023-03-26,13:15:05.083265,चार प्रमुख,None
2023-03-26,13:15:05.083320,प्रेस क्लब,None
2023-03-26,13:15:05.083374,आधुनिक युग,None
2023-03-26,13:15:05.083427,Sant Shri Asharamji Bapu,97804
2023-03-26,13:15:05.083480,सूर्य देव,None
2023-03-26,13:15:05.083533,HBD SUPER SHAHEERA,22538
2023-03-26,13:15:05.083586,लोक आस्था,None
2023-03-26,13:15:05.083640,Rajdeep,21531
2023-03-26,13:15:05.083694,सूर्य उपासना,None
2023-03-26,13:15:05.083747,Godi,20870
2023-03-26,13:15:05.083800,Press,245586
2023-03-26,13:15:05.083854,प्रदेश मंत्री,13265
2023-03-26,13:15:05.083907,Brazil,98069
2023-03-26,13:15:05.083959,Hon'ble PM Shri,None
2023-03-26,13:15:05.084012,कृपा दृष्टि,None
2023-03-26,13:15:05.084066,Journalist,95886
2023-03-26,13:15:05.084121,राजीव गांधी,None
2023-03-26,13:15:05.084175,OBCs,13016
2023-03-26,13:15:05.084228,Ravi,33436
2023-03-26,13:15:05.084280,#AmpYourAwesome,16880
2023-03-26,13:15:05.084333,#मन_की_बात,None
2023-03-26,13:15:05.084386,#AwesomeIsForEveryone,16122
