2023-04-09,00:02:24.505258,#CSKvsMI,40739
2023-04-09,00:02:24.505738,Rahane,62567
2023-04-09,00:02:24.505826,Dhoni,99560
2023-04-09,00:02:24.505890,#MumbaiIndians,13516
2023-04-09,00:02:24.505950,#WhistlePodu,81143
2023-04-09,00:02:24.506007,Rohit,48887
2023-04-09,00:02:24.506062,#Yellove,51401
2023-04-09,00:02:24.506117,#ChennaiSuperKings,None
2023-04-09,00:02:24.506174,SRK KA JHANT AKSHAY,37971
2023-04-09,00:02:24.506228,Wankhede,30013
2023-04-09,00:02:24.506281,Fastest 50,None
2023-04-09,00:02:24.506335,Bumrah,None
2023-04-09,00:02:24.506389,THARKI BUDDHA KHILODA,52204
2023-04-09,00:02:24.506444,AKKIANS KI ITEM SRK,None
2023-04-09,00:02:24.506497,Jinx,11387
2023-04-09,00:02:24.506551,KUTTE KI LENDI SRK,12918
2023-04-09,00:02:24.506605,Haaland,90838
2023-04-09,00:02:24.506658,SRKIANS KE BAAP AKKIANS,None
2023-04-09,00:02:24.506713,SRK KA BAAP AKSHAY,None
2023-04-09,00:02:24.506770,Happy Easter,190602
2023-04-09,00:02:24.506823,Conway,None
2023-04-09,00:02:24.506877,Mahi,14710
2023-04-09,00:02:24.506935,HAAFIZ KI RAAN HAKLODA,20929
2023-04-09,00:02:24.506990,Jinks,None
2023-04-09,00:02:24.507043,SANDAS CLEANER AKSHAY KUMAR,13656
2023-04-09,00:02:24.507097,CSK CSK,105960
2023-04-09,00:02:24.507151,Tim David,None
2023-04-09,00:02:24.507204,Southampton,36045
2023-04-09,00:02:24.507257,BAWASIR MARIZ SAHROOK,15356
2023-04-09,00:02:24.507311,Billy D,None
2023-04-09,00:02:24.507364,Rayudu,None
2023-04-09,00:02:24.507417,Grealish,15264
2023-04-09,00:02:24.507470,SRKIANS KA MOOT AKSHAY,18746
2023-04-09,00:02:24.507523,Arjun Tendulkar,None
2023-04-09,00:02:24.507577,SUPER CHARMING DIVA SHEHNAAZ,105456
2023-04-09,00:02:24.507631,CANADIAN DOG AKKI,40134
2023-04-09,00:02:24.507684,Lampard,100795
2023-04-09,00:02:24.507737,WE WANT BAWAAL POSTER,15052
2023-04-09,00:02:24.507789,Arshad,17618
2023-04-09,00:02:24.507843,Pandya,None
2023-04-09,00:02:24.507896,Nandini,None
2023-04-09,00:02:24.507955,Stubbs,None
2023-04-09,00:02:24.508009,MAKEUP QUEEN SRK,17439
2023-04-09,00:02:24.508062,Santner,None
2023-04-09,00:02:24.508116,Tushar Deshpande,None
2023-04-09,00:02:24.508170,Jaddu,None
2023-04-09,00:02:24.508227,Brighton,66550
2023-04-09,00:02:24.508281,CANADIAN RAAN AKKI,19836
2023-04-09,00:02:24.508333,Rutu,None
2023-04-09,00:02:24.508386,ABD Villiers,None
