
2023-03-16,12:12:10.098498,#NationalVaccinationDay,None
2023-03-16,12:12:10.098686,जनरल बिपिन रावत,13116
2023-03-16,12:12:10.098760,#BipinRawat,None
2023-03-16,12:12:10.098821,#HBDayCRPaatil,11825
2023-03-16,12:12:10.098877,#RetailSamvad,None
2023-03-16,12:12:10.098933,#earthquake,None
2023-03-16,12:12:10.098989,Justice4SSR Longest Satyagraha,15054
2023-03-16,12:12:10.099043,प्रथम रक्षा प्रमुख,None
2023-03-16,12:12:10.099099,Request To GOI,76898
2023-03-16,12:12:10.099153,Release Innocent Saint,76884
2023-03-16,12:12:10.099208,Asharamji Bapu Case,76946
2023-03-16,12:12:10.099263,श्री हरि,42800
2023-03-16,12:12:10.099322,KIM TAEHYUNG,145507
2023-03-16,12:12:10.099376,India TV,None
2023-03-16,12:12:10.099431,Saint Rampal Ji,35967
2023-03-16,12:12:10.099484,होल्कर वंश,None
2023-03-16,12:12:10.099543,रजत शर्मा,None
2023-03-16,12:12:10.099597,इंडिया टीवी,None
2023-03-16,12:12:10.099652,मराठा साम्राज्य,None
2023-03-16,12:12:10.099707,नमो नारायण,None
2023-03-16,12:12:10.099760,Steph,58949
2023-03-16,12:12:10.099813,V ON ELLE KOREA,235274
2023-03-16,12:12:10.099867,बिहार पुलिस,18011
2023-03-16,12:12:10.099920,Suprabhat,None
2023-03-16,12:12:10.099972,Swiss,57345
2023-03-16,12:12:10.100053,राम मंदिर,19041
2023-03-16,12:12:10.100109,Amethi,None
2023-03-16,12:12:10.100163,Governor,199521
2023-03-16,12:12:10.100216,Klopp,52434
2023-03-16,12:12:10.100269,#PowerOfPositivity,75966
2023-03-16,12:12:10.100322,#thursdaymorning,None
2023-03-16,12:12:10.100376,#MehboobaMufti,None
2023-03-16,12:12:10.100429,#PublicSabJantiHai,78108
2023-03-16,12:12:10.100482,#ThursdayMotivation,None
2023-03-16,12:12:10.100536,#NewZealand,None
2023-03-16,12:12:10.100590,#DavidWarner,None
2023-03-16,12:12:10.100644,#IPL2023,None
2023-03-16,12:12:10.100696,#राष्ट्रीय_टीकाकरण_दिवस,None
2023-03-16,12:12:10.100750,#TeacherStrike,None
2023-03-16,12:12:10.100803,#Tsunami,None
2023-03-16,12:12:10.100856,#thursdayvibes,None
2023-03-16,12:12:10.100909,#ThursdayThoughts,None
2023-03-16,12:12:10.100961,#RamMandir,None
2023-03-16,12:12:10.101013,#OMG2,None
2023-03-16,12:12:10.101067,#Ayodhya,None
2023-03-16,12:12:10.101120,#NobelPeacePrize,None
2023-03-16,12:12:10.101172,#MalharRaoHolkar,None
2023-03-16,12:12:10.101225,#Nifty,None
2023-03-16,12:12:10.101278,#OrangeFireIdhi,None
2023-03-16,12:12:10.101331,#SachinTendulkar,None
2023-03-16,20:13:14.229460,#HNETakingCharge,34069
2023-03-16,20:13:14.229677,#LGSaxenaGundaNumber1,11615
2023-03-16,20:13:14.229758,#SayNoToPensionStrike,None
2023-03-16,20:13:14.229845,#PrideOfIndiaRamCharan,None
2023-03-16,20:13:14.229913,#CustodyTeaser,22515
2023-03-16,20:13:14.229979,Rajesh Gopinathan,None
2023-03-16,20:13:14.230044,MUNAWAR X JASSIE MV OUT TMRW,82525
2023-03-16,20:13:14.230108,Jairam Ramesh,10172
2023-03-16,20:13:14.230173,Ben Affleck,None
2023-03-16,20:13:14.230237,Parliament,103258
2023-03-16,20:13:14.230301,EVIL EYES OFF SUMAAN,70663
2023-03-16,20:13:14.230365,अरुणाचल प्रदेश,None
2023-03-16,20:13:14.230433,Patrick French,None
2023-03-16,20:13:14.230503,Nepal,22477
2023-03-16,20:13:14.230570,hanbin,50904
2023-03-16,20:13:14.230634,Gunn,25033
2023-03-16,20:13:14.230699,Sher,10417
2023-03-16,20:13:14.230763,Mandala,None
2023-03-16,20:13:14.230827,विद्युत आपूर्ति,None
2023-03-16,20:13:14.230894,Pyaar,None
2023-03-16,20:13:14.230958,Rani Mukherjee,None
2023-03-16,20:13:14.231021,प्रेस कांफ्रेंस,None
2023-03-16,20:13:14.231087,Bomdila,None
2023-03-16,20:13:14.231151,Asle Toje,None
2023-03-16,20:13:14.231215,Bandar,None
2023-03-16,20:13:14.231280,कोल्ड स्टोर,None
2023-03-16,20:13:14.231345,angoor,None
2023-03-16,20:13:14.231409,Norway,13741
2023-03-16,20:13:14.231473,बिजली विभाग,None
2023-03-16,20:13:14.231539,Press,248104
2023-03-16,20:13:14.231604,National Vaccination Day,None
2023-03-16,20:13:14.231678,स्वामी प्रसाद मौर्य,None
2023-03-16,20:13:14.231746,Justice4SSR Longest Satyagraha,39381
2023-03-16,20:13:14.231835,Prayers,76869
2023-03-16,20:13:14.231898,भारतीय सेना,None
2023-03-16,20:13:14.231959,AIIMS,None
2023-03-16,20:13:14.232017,#MaharashtraForOrphans,None
2023-03-16,20:13:14.232076,#ICICIBandhan,None
2023-03-16,20:13:14.232153,#JayPandaLies,None
2023-03-16,20:13:14.232217,#1DayToGoForMrsChatterjee,None
2023-03-16,20:13:14.232280,#ETTravelTourism,None
2023-03-16,20:13:14.232343,#KhayaalJoGharKoGharBanaye,None
2023-03-16,20:13:14.232407,#MissionAceTheIndex,10118
2023-03-16,20:13:14.232470,#HappyBirthdayDrPRK,11562
2023-03-16,20:13:14.232535,#PowerStarBdayCDP,11177
2023-03-16,20:13:14.232599,#ImpeccableInspirationAppu,11125
2023-03-16,20:13:14.232662,#shankhamogarba,None
2023-03-16,20:13:14.232726,#RahulGandhi,16038
2023-03-16,20:13:14.232789,#Savetheweavers,None
2023-03-16,20:13:14.232852,#AskGurudevHoysala,None
