2023-04-25,00:00:50.764575,#SRHvsDC,None
2023-04-25,00:00:50.765008,#tarekfatah,27646
2023-04-25,00:00:50.765081,Om Shanti,32566
2023-04-25,00:00:50.765135,तारिक फतेह,10466
2023-04-25,00:00:50.765187,Warner,49561
2023-04-25,00:00:50.765235,Mukesh Kumar,None
2023-04-25,00:00:50.765282,Tucker Carlson,551069
2023-04-25,00:00:50.765329,#PakvsNz,None
2023-04-25,00:00:50.765376,#AMYGDALA_MV,87172
2023-04-25,00:00:50.765424,Sundar,None
2023-04-25,00:00:50.765470,Rizwan,10834
2023-04-25,00:00:50.765517,P Valthaty,None
2023-04-25,00:00:50.765562,Delhi Capitals,None
2023-04-25,00:00:50.765609,Avesh K,None
2023-04-25,00:00:50.765655,Fox News,214479
2023-04-25,00:00:50.765701,S Tanvir,None
2023-04-25,00:00:50.765748,J Faulkner,None
2023-04-25,00:00:50.765794,WE ARE PROUD OF YOU YOONGI,83146
2023-04-25,00:00:50.765839,आनंद मोहन,None
2023-04-25,00:00:50.765885,Tripathi,None
2023-04-25,00:00:50.765931,#HappyBirthdayArijitSingh,None
2023-04-25,00:00:50.765980,Kerala,60178
2023-04-25,00:00:50.766026,Axar Patel,None
2023-04-25,00:00:50.766071,Rest in Peace,38709
2023-04-25,00:00:50.766116,Ishant,None
2023-04-25,00:00:50.766162,P Shaw,None
2023-04-25,00:00:50.766207,Bhuvi,None
2023-04-25,00:00:50.766252,WE LOVE YOU YOONGI,37655
2023-04-25,00:00:50.766298,Player of the Season,17922
2023-04-25,00:00:50.766344,Most Improved Player,None
2023-04-25,00:00:50.766390,Abhishek S,None
2023-04-25,00:00:50.766436,Unsung Hero,None
2023-04-25,00:00:50.766483,Markram,None
2023-04-25,00:00:50.766528,Flop of the Season,None
2023-04-25,00:00:50.766574,Sunrisers Hyderabad,None
2023-04-25,00:00:50.766620,Signing of the Season,None
2023-04-25,00:00:50.766666,GLORIOUS 500 OF ABHIRA,32327
2023-04-25,00:00:50.766712,Kathmandu,None
2023-04-25,00:00:50.766759,Jansen,None
2023-04-25,00:00:50.766805,WE ARE PROUD OF YOU SUGA,50674
2023-04-25,00:00:50.766850,jungkook,824728
2023-04-25,00:00:50.766897,Son of Hindustan,None
2023-04-25,00:00:50.766943,Marsh,16877
2023-04-25,00:00:50.766988,Min Yoongi,76163
2023-04-25,00:00:50.767040,The MV,158002
2023-04-25,00:00:50.767087,RIP Sir,None
2023-04-25,00:00:50.767132,I Kishan,None
2023-04-25,00:00:50.767179,Mohit S,None
2023-04-25,00:00:50.767225,Manish Pandey,None
2023-04-25,00:00:50.767271,namjoon,111000
