2023-04-16,00:03:28.259879,#AtiqueAhmed,52268
2023-04-16,00:03:28.260257,#Prayagraj,13726
2023-04-16,00:03:28.260327,#UPPolice,11992
2023-04-16,00:03:28.260381,#рдЕрддреАрдХ_рдЕрд╣рдордж,None
2023-04-16,00:03:28.260433,#LSGvPBKS,None
2023-04-16,00:03:28.260483,рдЕрд╢рд░рдл рдЕрд╣рдордж,38643
2023-04-16,00:03:28.260531,рдкреБрд▓рд┐рд╕ рд╕реБрд░рдХреНрд╖рд╛,20648
2023-04-16,00:03:28.260581,рдореЗрдбрд┐рдХрд▓ рдХреЙрд▓реЗрдЬ,None
2023-04-16,00:03:28.260628,рдЕрд░реБрдг рдореМрд░реНрдп,None
2023-04-16,00:03:28.260676,Bishnoi,None
2023-04-16,00:03:28.260724,KL Rahul,None
2023-04-16,00:03:28.260772,Shahrukh Khan,None
2023-04-16,00:03:28.260818,рдкрд╛рдк рдкреБрдгреНрдп,None
2023-04-16,00:03:28.260866,Mitti,None
2023-04-16,00:03:28.260913,рдЙрддреНрддрд░ рдкреНрд░рджреЗрд╢ рдкреБрд▓рд┐рд╕,None
2023-04-16,00:03:28.260959,Ganguly,19011
2023-04-16,00:03:28.261005,Live TV,135319
2023-04-16,00:03:28.261050,Mukhtar Ansari,None
2023-04-16,00:03:28.261097,Spurs,51273
2023-04-16,00:03:28.261143,рд╕рддреНрдпрдкрд╛рд▓ рдорд▓рд┐рдХ,197257
2023-04-16,00:03:28.261189,Mafia,100291
2023-04-16,00:03:28.261235,Chelsea,295657
2023-04-16,00:03:28.261281,Law and Order,12394
2023-04-16,00:03:28.261330,Brighton,136178
2023-04-16,00:03:28.261375,Haaland,92373
2023-04-16,00:03:28.261421,Akhilesh,None
2023-04-16,00:03:28.261466,Guddu Muslim,None
2023-04-16,00:03:28.261512,King in the North,None
2023-04-16,00:03:28.261558,рдЙрдореЗрд╢ рдкрд╛рд▓,11854
2023-04-16,00:03:28.261606,рдореБрдЦреНрддрд╛рд░ рдЕрдВрд╕рд╛рд░реА,None
2023-04-16,00:03:28.261652,рдореМрдд рдорд╛рд░рд╛,None
2023-04-16,00:03:28.261699,Bournemouth,50971
2023-04-16,00:03:28.261745,Leicester,51703
2023-04-16,00:03:28.261791,рд╕реАрдПрдо рдЖрд╡рд╛рд╕,None
2023-04-16,00:03:28.261838,Accused,61318
2023-04-16,00:03:28.261883,shawn,43395
2023-04-16,00:03:28.261930,Lampard,59207
2023-04-16,00:03:28.261975,Law & Order,21061
2023-04-16,00:03:28.262020,Mirzapur,None
2023-04-16,00:03:28.262066,R Taylor,None
2023-04-16,00:03:28.262112,Rule of Law,28041
2023-04-16,00:03:28.262158,M Shami,None
2023-04-16,00:03:28.262203,Tottenham,54182
2023-04-16,00:03:28.262254,рдкреНрд░рд╢рд╛рдВрдд рдХреБрдорд╛рд░,None
2023-04-16,00:03:28.262302,рдорд╛рдлрд┐рдпрд╛ рдбреЙрди,None
2023-04-16,00:03:28.262349,Justice,322722
2023-04-16,00:03:28.262397,#YogiAdityanath,None
2023-04-16,00:03:28.262444,#UttarPradesh,None
2023-04-16,00:03:28.262489,#рдкреНрд░рдпрд╛рдЧрд░рд╛рдЬ,None
2023-04-16,00:03:28.262536,#BabarAzamЁУГ╡,19375
