2023-04-24,00:04:15.613440,#KKRvsCSK,11888
2023-04-24,00:04:15.613909,#FACup,105381
2023-04-24,00:04:15.613993,Rahane,64373
2023-04-24,00:04:15.614058,Rahane,64373
2023-04-24,00:04:15.614118,#MUFC,125554
2023-04-24,00:04:15.614176,Dhoni,86397
2023-04-24,00:04:15.614232,#WhistlePodu,71659
2023-04-24,00:04:15.614289,Brighton,158371
2023-04-24,00:04:15.614345,#HappyBirthdaySachin,None
2023-04-24,00:04:15.614403,De Gea,None
2023-04-24,00:04:15.614457,Manchester Derby,15129
2023-04-24,00:04:15.614513,Jason Roy,None
2023-04-24,00:04:15.614568,Table Toppers,None
2023-04-24,00:04:15.614623,Russell,67995
2023-04-24,00:04:15.614678,Lindelof,27139
2023-04-24,00:04:15.614732,Solly,None
2023-04-24,00:04:15.614787,Wembley,52308
2023-04-24,00:04:15.614842,Pathirana,None
2023-04-24,00:04:15.614896,Eden Gardens,19890
2023-04-24,00:04:15.614951,बरेली जेल,None
2023-04-24,00:04:15.615008,Mitoma,29129
2023-04-24,00:04:15.615063,नेशनल पार्क,None
2023-04-24,00:04:15.615123,Rinku,None
2023-04-24,00:04:15.615179,Lewandowski,23369
2023-04-24,00:04:15.615232,Casemiro,20437
2023-04-24,00:04:15.615288,S Gill,11446
2023-04-24,00:04:15.615342,The Legend,53823
2023-04-24,00:04:15.615426,Weghorst,None
2023-04-24,00:04:15.615482,OUR FOREVER ARTIST JUNGKOOK,72992
2023-04-24,00:04:15.615538,Conway,14809
2023-04-24,00:04:15.615593,The Myth,15580
2023-04-24,00:04:15.615647,DUBAI AWAITS MC STAN,29482
2023-04-24,00:04:15.615702,Sanchez,78119
2023-04-24,00:04:15.615756,Narine,None
2023-04-24,00:04:15.615811,Chinnaswamy Stadium,None
2023-04-24,00:04:15.615866,Farewell,21477
2023-04-24,00:04:15.615920,Bar Council of India,None
2023-04-24,00:04:15.615974,The Man,702706
2023-04-24,00:04:15.616028,सुनीता दयाल,None
2023-04-24,00:04:15.616085,Deshpande,None
2023-04-24,00:04:15.616140,चीता उदय,None
2023-04-24,00:04:15.616196,Rashford,26358
2023-04-24,00:04:15.616251,Spurs,131279
2023-04-24,00:04:15.616306,अर्चना वर्मा,None
2023-04-24,00:04:15.616363,Caicedo,12463
2023-04-24,00:04:15.616423,स्वास्थ्य मंत्री,None
2023-04-24,00:04:15.616480,Raphinha,27060
2023-04-24,00:04:15.616534,R Ashwin,None
2023-04-24,00:04:15.616597,Jaddu,None
2023-04-24,00:04:15.616645,Newcastle,171171
