2023-04-15,00:03:40.294472,#KKRvSRH,26412
2023-04-15,00:03:40.294892,#HarryBrook,None
2023-04-15,00:03:40.294970,hobi,410383
2023-04-15,00:03:40.295024,Nitish Rana,None
2023-04-15,00:03:40.295073,Russell,35185
2023-04-15,00:03:40.295129,#JioCinema,None
2023-04-15,00:03:40.295177,सत्यपाल मलिक,25963
2023-04-15,00:03:40.295228,#AskStar,None
2023-04-15,00:03:40.295276,#Satyapalmalik,None
2023-04-15,00:03:40.295325,Pradeep Bhandari,12349
2023-04-15,00:03:40.295372,Pulwama,25300
2023-04-15,00:03:40.295421,C Sharma,None
2023-04-15,00:03:40.295467,Wriddhiman S,None
2023-04-15,00:03:40.295513,KBKJ ARRIVES IN ONE WEEK,29540
2023-04-15,00:03:40.295561,Rinku,19585
2023-04-15,00:03:40.295605,S Marsh,None
2023-04-15,00:03:40.295651,Karan Thapar,13202
2023-04-15,00:03:40.295696,Lockie,None
2023-04-15,00:03:40.295742,Markram,None
2023-04-15,00:03:40.295789,Lendl S,None
2023-04-15,00:03:40.295834,Happy Vishu,None
2023-04-15,00:03:40.295880,Bhuvi,None
2023-04-15,00:03:40.295929,Holkar Cricket Stadium,None
2023-04-15,00:03:40.295974,Jason Roy,None
2023-04-15,00:03:40.296021,Billy B,None
2023-04-15,00:03:40.296067,Steven S,None
2023-04-15,00:03:40.296112,Shardul,None
2023-04-15,00:03:40.296158,तिहाड़ जेल,None
2023-04-15,00:03:40.296206,Eden,149599
2023-04-15,00:03:40.296253,Jansen,None
2023-04-15,00:03:40.296300,youngji,None
2023-04-15,00:03:40.296372,Wiese,None
2023-04-15,00:03:40.296422,Dr. Reddy Cricket Stadium,None
2023-04-15,00:03:40.296470,Narine,None
2023-04-15,00:03:40.296518,PETA,63933
2023-04-15,00:03:40.296564,हैरी ब्रूक,None
2023-04-15,00:03:40.296612,Abhishek,None
2023-04-15,00:03:40.296659,Gurbaz,None
2023-04-15,00:03:40.296705,Sundar,None
2023-04-15,00:03:40.296752,प्रिंस तेवतिया,None
2023-04-15,00:03:40.296799,NO LEAP IN ANUPAMAA,10526
2023-04-15,00:03:40.296846,अरविंद केजरीवाल,23990
2023-04-15,00:03:40.296893,जम्मू कश्मीर,18643
2023-04-15,00:03:40.296939,Tripathi,None
2023-04-15,00:03:40.296986,Mayank,None
2023-04-15,00:03:40.297035,Kennedy,47847
2023-04-15,00:03:40.297081,Anurag Kashyap,None
2023-04-15,00:03:40.297127,NATION WAITING FOR BMCM,None
2023-04-15,00:03:40.297173,Oppenheimer,14166
2023-04-15,00:03:40.297219,संजय सिंह,None
2023-04-15,00:10:11.402509,#KKRvSRH,26729
2023-04-15,00:10:11.403004,#AmbedkarJayanti,143064
2023-04-15,00:10:11.403087,भारत रत्न,151122
2023-04-15,00:10:11.403154,Rinku,19898
2023-04-15,00:10:11.403216,#JaiBhim,101625
2023-04-15,00:10:11.403274,भीमराव अंबेडकर,158828
2023-04-15,00:10:11.403333,#HarryBrook,None
2023-04-15,00:10:11.403390,#HiddenSecretsInQuran,409622
2023-04-15,00:10:11.403446,Allah Kabir,412133
2023-04-15,00:10:11.403501,सत्यपाल मलिक,26696
2023-04-15,00:10:11.403556,Russell,35299
2023-04-15,00:10:11.403611,Pulwama,25790
2023-04-15,00:10:11.403666,उमेश पाल,19436
2023-04-15,00:10:11.403721,Lockie,None
2023-04-15,00:10:11.403775,hobi,412731
2023-04-15,00:10:11.403829,Bhuvi,None
2023-04-15,00:10:11.403885,Karan Thapar,13358
2023-04-15,00:10:11.403938,Wriddhiman S,None
2023-04-15,00:10:11.403992,Indian Constitution,27637
2023-04-15,00:10:11.404047,Jason Roy,None
2023-04-15,00:10:11.404101,Kaeya,None
2023-04-15,00:10:11.404156,जलियांवाला बाग,None
2023-04-15,00:10:11.404218,Shardul,None
2023-04-15,00:10:11.404274,S Marsh,None
2023-04-15,00:10:11.404328,Wiese,None
2023-04-15,00:10:11.404384,youngji,None
2023-04-15,00:10:11.404438,C Sharma,None
2023-04-15,00:10:11.404492,Markram,None
2023-04-15,00:10:11.404546,Happy Vishu,None
2023-04-15,00:10:11.404601,Lendl S,None
2023-04-15,00:10:11.404655,KBKJ ARRIVES IN ONE WEEK,29713
2023-04-15,00:10:11.404710,आधुनिक भारत,13391
2023-04-15,00:10:11.404765,विकास दुबे,11053
2023-04-15,00:10:11.404820,Gurbaz,None
2023-04-15,00:10:11.404876,असद अहमद,37728
2023-04-15,00:10:11.404931,Billy B,None
2023-04-15,00:10:11.404986,Ferguson,17480
2023-04-15,00:10:11.405041,Fielding,11037
2023-04-15,00:10:11.405104,हजरत मुहम्मद,53577
2023-04-15,00:10:11.405162,Ganesha,None
2023-04-15,00:10:11.405216,Raneji Make Pendrive Public,53501
2023-04-15,00:10:11.405272,Jansen,None
2023-04-15,00:10:11.405326,आदित्य राणा,None
2023-04-15,00:10:11.405382,Umesh Pal,28987
2023-04-15,00:10:11.405438,Litton,None
2023-04-15,00:10:11.405497,Bowlers,None
2023-04-15,00:10:11.405552,Vikas Dubey,None
2023-04-15,00:10:11.405607,CRPF,23150
2023-04-15,00:10:11.405660,Well Played,14348
2023-04-15,00:10:11.405714,PETA,64260
2023-04-15,00:17:03.255245,#KKRvSRH,26971
2023-04-15,00:17:03.256011,#HarryBrook,None
2023-04-15,00:17:03.256154,hobi,415178
2023-04-15,00:17:03.256267,Nitish Rana,None
2023-04-15,00:17:03.256373,#JioCinema,None
2023-04-15,00:17:03.256473,सत्यपाल मलिक,27676
2023-04-15,00:17:03.256577,Russell,35564
2023-04-15,00:17:03.256676,#Satyapalmalik,None
2023-04-15,00:17:03.256773,#Satyapalmalik,None
2023-04-15,00:17:03.256871,Pulwama,26533
2023-04-15,00:17:03.256967,Pradeep Bhandari,12372
2023-04-15,00:17:03.257064,C Sharma,None
2023-04-15,00:17:03.257160,Wriddhiman S,None
2023-04-15,00:17:03.257257,Happy Vishu,None
2023-04-15,00:17:03.257352,Rinku,20130
2023-04-15,00:17:03.257448,Karan Thapar,13600
2023-04-15,00:17:03.257545,KBKJ ARRIVES IN ONE WEEK,29846
2023-04-15,00:17:03.257641,S Marsh,None
2023-04-15,00:17:03.257736,Lockie,None
2023-04-15,00:17:03.257832,Markram,None
2023-04-15,00:17:03.257927,Lendl S,None
2023-04-15,00:17:03.258031,Bhuvi,None
2023-04-15,00:17:03.258127,Holkar Cricket Stadium,None
2023-04-15,00:17:03.258224,Jason Roy,None
2023-04-15,00:17:03.258319,Billy B,None
2023-04-15,00:17:03.258417,Steven S,None
2023-04-15,00:17:03.258512,Shardul,None
2023-04-15,00:17:03.258609,तिहाड़ जेल,None
2023-04-15,00:17:03.258708,Eden,152256
2023-04-15,00:17:03.258805,Wiese,None
2023-04-15,00:17:03.258901,Jansen,None
2023-04-15,00:17:03.258996,youngji,None
2023-04-15,00:17:03.259093,हैरी ब्रूक,None
2023-04-15,00:17:03.259223,Narine,None
2023-04-15,00:17:03.259323,PETA,64758
2023-04-15,00:17:03.259420,Dr. Reddy Cricket Stadium,None
2023-04-15,00:17:03.259518,Abhishek,None
2023-04-15,00:17:03.259616,Gurbaz,None
2023-04-15,00:17:03.259712,Sundar,None
2023-04-15,00:17:03.259810,प्रिंस तेवतिया,None
2023-04-15,00:17:03.259910,NO LEAP IN ANUPAMAA,10603
2023-04-15,00:17:03.259983,अरविंद केजरीवाल,24221
2023-04-15,00:17:03.260033,जम्मू कश्मीर,19261
2023-04-15,00:17:03.260084,Tripathi,None
2023-04-15,00:17:03.260140,Oppenheimer,14533
2023-04-15,00:17:03.260190,संजय सिंह,None
2023-04-15,00:17:03.260242,hoseok,77694
2023-04-15,00:17:03.260291,Mayank,None
2023-04-15,00:17:03.260341,पुष्प अर्पित,None
2023-04-15,00:17:03.260392,Umesh,33581
2023-04-15,00:23:48.715890,#KKRvSRH,27180
2023-04-15,00:23:48.716555,#HarryBrook,None
2023-04-15,00:23:48.716675,hobi,417815
2023-04-15,00:23:48.716773,Nitish Rana,None
2023-04-15,00:23:48.716867,#JioCinema,None
2023-04-15,00:23:48.716941,सत्यपाल मलिक,28742
2023-04-15,00:23:48.717034,Russell,35798
2023-04-15,00:23:48.717109,#Satyapalmalik,None
2023-04-15,00:23:48.717368,#Satyapalmalik,None
2023-04-15,00:23:48.717465,Pulwama,26952
2023-04-15,00:23:48.717655,Pradeep Bhandari,12384
2023-04-15,00:23:48.717787,C Sharma,None
2023-04-15,00:23:48.717864,Wriddhiman S,None
2023-04-15,00:23:48.717956,Happy Vishu,None
2023-04-15,00:23:48.718027,Rinku,20333
2023-04-15,00:23:48.718096,S Marsh,None
2023-04-15,00:23:48.718167,Karan Thapar,13923
2023-04-15,00:23:48.718235,KBKJ ARRIVES IN ONE WEEK,29958
2023-04-15,00:23:48.718303,Lockie,None
2023-04-15,00:23:48.718374,Markram,None
2023-04-15,00:23:48.718442,Lendl S,None
2023-04-15,00:23:48.718522,Bhuvi,None
2023-04-15,00:23:48.718593,Holkar Cricket Stadium,None
2023-04-15,00:23:48.718661,Jason Roy,None
2023-04-15,00:23:48.718728,Billy B,None
2023-04-15,00:23:48.718797,Steven S,None
2023-04-15,00:23:48.718864,Shardul,None
2023-04-15,00:23:48.718945,Eden,153213
2023-04-15,00:23:48.719017,तिहाड़ जेल,None
2023-04-15,00:23:48.719090,youngji,None
2023-04-15,00:23:48.719170,Wiese,None
2023-04-15,00:23:48.719235,हैरी ब्रूक,None
2023-04-15,00:23:48.719302,Jansen,None
2023-04-15,00:23:48.719368,Narine,None
2023-04-15,00:23:48.719436,Dr. Reddy Cricket Stadium,None
2023-04-15,00:23:48.719503,PETA,65011
2023-04-15,00:23:48.719568,Abhishek,None
2023-04-15,00:23:48.719634,Gurbaz,None
2023-04-15,00:23:48.719699,Sundar,None
2023-04-15,00:23:48.719766,प्रिंस तेवतिया,None
2023-04-15,00:23:48.719832,NO LEAP IN ANUPAMAA,10634
2023-04-15,00:23:48.719918,अरविंद केजरीवाल,24321
2023-04-15,00:23:48.720003,जम्मू कश्मीर,19601
2023-04-15,00:23:48.720093,Tripathi,None
2023-04-15,00:23:48.720169,Oppenheimer,14831
2023-04-15,00:23:48.720237,संजय सिंह,None
2023-04-15,00:23:48.720305,hoseok,78194
2023-04-15,00:23:48.720425,Mayank,None
2023-04-15,00:23:48.720517,पुष्प अर्पित,None
2023-04-15,00:23:48.720586,Umesh,33690
2023-04-15,00:30:22.869909,#KKRvSRH,27341
2023-04-15,00:30:22.870555,#HarryBrook,None
2023-04-15,00:30:22.870660,hobi,419494
2023-04-15,00:30:22.870767,सत्यपाल मलिक,29233
2023-04-15,00:30:22.870948,Nitish Rana,None
2023-04-15,00:30:22.871028,#Satyapalmalik,None
2023-04-15,00:30:22.871100,#Satyapalmalik,None
2023-04-15,00:30:22.871171,#JioCinema,None
2023-04-15,00:30:22.871293,Russell,36014
2023-04-15,00:30:22.871423,Pulwama,27330
2023-04-15,00:30:22.871496,Pradeep Bhandari,12399
2023-04-15,00:30:22.871570,Happy Vishu,None
2023-04-15,00:30:22.871641,C Sharma,None
2023-04-15,00:30:22.871726,Rinku,20540
2023-04-15,00:30:22.871800,Wriddhiman S,None
2023-04-15,00:30:22.871870,S Marsh,None
2023-04-15,00:30:22.871943,Karan Thapar,14070
2023-04-15,00:30:22.872014,KBKJ ARRIVES IN ONE WEEK,30003
2023-04-15,00:30:22.872085,Lockie,None
2023-04-15,00:30:22.872158,Markram,None
2023-04-15,00:30:22.872245,Bhuvi,None
2023-04-15,00:30:22.872325,youngji,None
2023-04-15,00:30:22.872396,Lendl S,None
2023-04-15,00:30:22.872465,Holkar Cricket Stadium,None
2023-04-15,00:30:22.872625,Jason Roy,None
2023-04-15,00:30:22.872728,Billy B,None
2023-04-15,00:30:22.872798,Shardul,None
2023-04-15,00:30:22.872868,Steven S,None
2023-04-15,00:30:22.872935,Eden,154124
2023-04-15,00:30:22.873005,तिहाड़ जेल,None
2023-04-15,00:30:22.873074,Wiese,None
2023-04-15,00:30:22.873141,हैरी ब्रूक,None
2023-04-15,00:30:22.873210,PETA,65265
2023-04-15,00:30:22.873296,Jansen,None
2023-04-15,00:30:22.873400,Narine,None
2023-04-15,00:30:22.873521,Dr. Reddy Cricket Stadium,None
2023-04-15,00:30:22.873610,Abhishek,None
2023-04-15,00:30:22.873715,Gurbaz,None
2023-04-15,00:30:22.873783,Sundar,None
2023-04-15,00:30:22.873887,प्रिंस तेवतिया,None
2023-04-15,00:30:22.873960,जम्मू कश्मीर,19766
2023-04-15,00:30:22.874131,NO LEAP IN ANUPAMAA,10652
2023-04-15,00:30:22.874208,अरविंद केजरीवाल,24405
2023-04-15,00:30:22.874281,Tripathi,None
2023-04-15,00:30:22.874366,Oppenheimer,14912
2023-04-15,00:30:22.874468,संजय सिंह,None
2023-04-15,00:30:22.874580,Mayank,None
2023-04-15,00:30:22.874673,hoseok,78553
2023-04-15,00:30:22.874761,पुष्प अर्पित,None
2023-04-15,00:30:22.874834,Umesh,33734
2023-04-15,00:42:28.119356,#KKRvSRH,27666
2023-04-15,00:42:28.119869,#HarryBrook,None
2023-04-15,00:42:28.119954,hobi,421359
2023-04-15,00:42:28.120018,#Satyapalmalik,None
2023-04-15,00:42:28.120078,#Satyapalmalik,None
2023-04-15,00:42:28.120135,सत्यपाल मलिक,30339
2023-04-15,00:42:28.120193,Nitish Rana,None
2023-04-15,00:42:28.120249,#JioCinema,None
2023-04-15,00:42:28.120303,Russell,34957
2023-04-15,00:42:28.120358,Pulwama,28257
2023-04-15,00:42:28.120411,Happy Vishu,None
2023-04-15,00:42:28.120465,Pradeep Bhandari,12410
2023-04-15,00:42:28.120519,Wriddhiman S,None
2023-04-15,00:42:28.120573,C Sharma,None
2023-04-15,00:42:28.120635,Karan Thapar,14391
2023-04-15,00:42:28.120690,Rinku,20646
2023-04-15,00:42:28.120744,S Marsh,None
2023-04-15,00:42:28.120798,youngji,None
2023-04-15,00:42:28.120850,KBKJ ARRIVES IN ONE WEEK,30152
2023-04-15,00:42:28.120905,Lockie,None
2023-04-15,00:42:28.120958,Markram,None
2023-04-15,00:42:28.121017,Lendl S,None
2023-04-15,00:42:28.121079,Bhuvi,None
2023-04-15,00:42:28.121133,Holkar Cricket Stadium,None
2023-04-15,00:42:28.121187,Steven S,None
2023-04-15,00:42:28.121242,Jason Roy,None
2023-04-15,00:42:28.121295,Billy B,None
2023-04-15,00:42:28.121349,PETA,65370
2023-04-15,00:42:28.121402,Ferguson,16359
2023-04-15,00:42:28.121456,Shardul,None
2023-04-15,00:42:28.121509,तिहाड़ जेल,None
2023-04-15,00:42:28.121564,Eden Gardens,None
2023-04-15,00:42:28.121617,हैरी ब्रूक,None
2023-04-15,00:42:28.121673,Wiese,None
2023-04-15,00:42:28.121728,Jansen,None
2023-04-15,00:42:28.121782,जम्मू कश्मीर,20160
2023-04-15,00:42:28.121836,Narine,None
2023-04-15,00:42:28.121889,Dr. Reddy Cricket Stadium,None
2023-04-15,00:42:28.121943,Abhishek,None
2023-04-15,00:42:28.121998,Gurbaz,None
2023-04-15,00:42:28.122051,Sundar,None
2023-04-15,00:42:28.122104,प्रिंस तेवतिया,None
2023-04-15,00:42:28.122158,NO LEAP IN ANUPAMAA,10210
2023-04-15,00:42:28.122212,अरविंद केजरीवाल,24334
2023-04-15,00:42:28.122272,Tripathi,None
2023-04-15,00:42:28.122327,Mayank,None
2023-04-15,00:42:28.122381,Oppenheimer,15202
2023-04-15,00:42:28.122434,संजय सिंह,None
2023-04-15,00:42:28.122489,Hakimi,510199
2023-04-15,00:42:28.122572,hoseok,78322
2023-04-15,00:49:09.931824,#KKRvSRH,27774
2023-04-15,00:49:09.932242,#HarryBrook,None
2023-04-15,00:49:09.932340,hobi,423720
2023-04-15,00:49:09.932419,#Satyapalmalik,None
2023-04-15,00:49:09.932508,सत्यपाल मलिक,31132
2023-04-15,00:49:09.932582,Nitish Rana,None
2023-04-15,00:49:09.932652,#JioCinema,None
2023-04-15,00:49:09.932731,Russell,35213
2023-04-15,00:49:09.932794,#AskStar,None
2023-04-15,00:49:09.932859,Pulwama,28551
2023-04-15,00:49:09.932921,Happy Vishu,None
2023-04-15,00:49:09.932984,Pradeep Bhandari,12424
2023-04-15,00:49:09.933046,Karan Thapar,14600
2023-04-15,00:49:09.933110,Wriddhiman S,None
2023-04-15,00:49:09.933172,C Sharma,None
2023-04-15,00:49:09.933233,Rinku,20826
2023-04-15,00:49:09.933296,S Marsh,None
2023-04-15,00:49:09.933368,youngji,None
2023-04-15,00:49:09.933431,KBKJ ARRIVES IN ONE WEEK,30222
2023-04-15,00:49:09.933495,Markram,None
2023-04-15,00:49:09.933557,Lockie,None
2023-04-15,00:49:09.933627,Lendl S,None
2023-04-15,00:49:09.933691,Bhuvi,None
2023-04-15,00:49:09.933753,Holkar Cricket Stadium,None
2023-04-15,00:49:09.933858,Steven S,None
2023-04-15,00:49:09.933931,Jason Roy,None
2023-04-15,00:49:09.933997,Billy B,None
2023-04-15,00:49:09.934062,PETA,65600
2023-04-15,00:49:09.934137,Ferguson,17253
2023-04-15,00:49:09.934201,Shardul,None
2023-04-15,00:49:09.934263,तिहाड़ जेल,None
2023-04-15,00:49:09.934327,Eden Gardens,None
2023-04-15,00:49:09.934389,हैरी ब्रूक,None
2023-04-15,00:49:09.934452,Wiese,None
2023-04-15,00:49:09.934516,Jansen,None
2023-04-15,00:49:09.934578,जम्मू कश्मीर,20345
2023-04-15,00:49:09.934642,Narine,None
2023-04-15,00:49:09.934703,Dr. Reddy Cricket Stadium,None
2023-04-15,00:49:09.934766,Abhishek,None
2023-04-15,00:49:09.934830,Gurbaz,None
2023-04-15,00:49:09.934892,Sundar,None
2023-04-15,00:49:09.934954,प्रिंस तेवतिया,None
2023-04-15,00:49:09.935016,अरविंद केजरीवाल,24414
2023-04-15,00:49:09.935078,NO LEAP IN ANUPAMAA,10738
2023-04-15,00:49:09.935151,Tripathi,None
2023-04-15,00:49:09.935214,Mayank,None
2023-04-15,00:49:09.935277,संजय सिंह,None
2023-04-15,00:49:09.935340,Hakimi,514848
2023-04-15,00:49:09.935402,पुष्प अर्पित,None
2023-04-15,00:49:09.935464,Umesh,33194
2023-04-15,00:55:51.272519,#AmbedkarJayanti,142766
2023-04-15,00:55:51.273199,#KKRvSRH,27892
2023-04-15,00:55:51.273289,भारत रत्न,151151
2023-04-15,00:55:51.273377,#JaiBhim,99371
2023-04-15,00:55:51.273450,भीमराव अंबेडकर,159059
2023-04-15,00:55:51.273519,#HarryBrook,None
2023-04-15,00:55:51.273587,#HiddenSecretsInQuran,410203
2023-04-15,00:55:51.273653,Allah Kabir,412474
2023-04-15,00:55:51.273718,Rinku Singh,11873
2023-04-15,00:55:51.273784,सत्यपाल मलिक,31828
2023-04-15,00:55:51.273849,Pulwama,28983
2023-04-15,00:55:51.273924,उमेश पाल,18680
2023-04-15,00:55:51.273991,Happy Vishu,None
2023-04-15,00:55:51.274058,hobi,424737
2023-04-15,00:55:51.274124,Russell,35452
2023-04-15,00:55:51.274187,Karan Thapar,14813
2023-04-15,00:55:51.274252,Indian Constitution,27651
2023-04-15,00:55:51.274316,youngji,None
2023-04-15,00:55:51.274380,Kaeya,None
2023-04-15,00:55:51.274445,Shardul,None
2023-04-15,00:55:51.274509,Lockie,None
2023-04-15,00:55:51.274573,Wriddhiman S,None
2023-04-15,00:55:51.274660,Jason Roy,None
2023-04-15,00:55:51.274722,Markram,None
2023-04-15,00:55:51.274784,S Marsh,None
2023-04-15,00:55:51.274871,आधुनिक भारत,13332
2023-04-15,00:55:51.275071,विकास दुबे,10727
2023-04-15,00:55:51.275157,Bhuvi,None
2023-04-15,00:55:51.275232,असद अहमद,36459
2023-04-15,00:55:51.275335,C Sharma,None
2023-04-15,00:55:51.275399,Lendl S,None
2023-04-15,00:55:51.275462,Ferguson,17356
2023-04-15,00:55:51.275526,Billy B,None
2023-04-15,00:55:51.275589,Fielding,11079
2023-04-15,00:55:51.275654,Gurbaz,None
2023-04-15,00:55:51.275736,PETA,65867
2023-04-15,00:55:51.275817,हैरी ब्रूक,None
2023-04-15,00:55:51.275886,Wiese,None
2023-04-15,00:55:51.275951,हजरत मुहम्मद,53624
2023-04-15,00:55:51.276018,जलियांवाला बाग,None
2023-04-15,00:55:51.276084,CRPF,25514
2023-04-15,00:55:51.276208,KBKJ ARRIVES IN ONE WEEK,30270
2023-04-15,00:55:51.276277,Ganesha,None
2023-04-15,00:55:51.276342,Raneji Make Pendrive Public,54216
2023-04-15,00:55:51.276408,Jansen,None
2023-04-15,00:55:51.276480,Litton,None
2023-04-15,00:55:51.276543,Umesh Pal,28633
2023-04-15,00:55:51.276606,Bowlers,None
2023-04-15,00:55:51.276670,आदित्य राणा,None
2023-04-15,00:55:51.276735,जम्मू कश्मीर,20592
2023-04-15,01:02:40.655638,#KKRvSRH,28030
2023-04-15,01:02:40.656089,#HarryBrook,None
2023-04-15,01:02:40.656181,#Satyapalmalik,None
2023-04-15,01:02:40.656259,hobi,425808
2023-04-15,01:02:40.656332,सत्यपाल मलिक,32468
2023-04-15,01:02:40.656406,Nitish Rana,None
2023-04-15,01:02:40.656476,#JioCinema,None
2023-04-15,01:02:40.656546,#AskStar,None
2023-04-15,01:02:40.656614,Russell,35564
2023-04-15,01:02:40.656683,Happy Vishu,None
2023-04-15,01:02:40.656751,Karan Thapar,14972
2023-04-15,01:02:40.656820,Pradeep Bhandari,12440
2023-04-15,01:02:40.656887,Wriddhiman S,None
2023-04-15,01:02:40.656955,C Sharma,None
2023-04-15,01:02:40.657021,Rinku,21031
2023-04-15,01:02:40.657087,S Marsh,None
2023-04-15,01:02:40.657155,youngji,None
2023-04-15,01:02:40.657221,KBKJ ARRIVES IN ONE WEEK,30339
2023-04-15,01:02:40.657287,Lockie,None
2023-04-15,01:02:40.657354,Markram,None
2023-04-15,01:02:40.657420,Lendl S,None
2023-04-15,01:02:40.657494,Bhuvi,None
2023-04-15,01:02:40.657561,Holkar Cricket Stadium,None
2023-04-15,01:02:40.657627,Steven S,None
2023-04-15,01:02:40.657692,Jason Roy,None
2023-04-15,01:02:40.657759,Billy B,None
2023-04-15,01:02:40.657823,PETA,66155
2023-04-15,01:02:40.657888,Ferguson,17459
2023-04-15,01:02:40.657952,जम्मू कश्मीर,20797
2023-04-15,01:02:40.658020,Shardul,None
2023-04-15,01:02:40.658086,हैरी ब्रूक,None
2023-04-15,01:02:40.658152,Wiese,None
2023-04-15,01:02:40.658218,Eden Gardens,None
2023-04-15,01:02:40.658283,Jansen,None
2023-04-15,01:02:40.658350,Narine,None
2023-04-15,01:02:40.658415,Dr. Reddy Cricket Stadium,None
2023-04-15,01:02:40.658481,तिहाड़ जेल,None
2023-04-15,01:02:40.658548,Abhishek,None
2023-04-15,01:02:40.658614,Gurbaz,None
2023-04-15,01:02:40.658681,Sundar,None
2023-04-15,01:02:40.658757,प्रिंस तेवतिया,None
2023-04-15,01:02:40.658829,अरविंद केजरीवाल,24529
2023-04-15,01:02:40.658896,NO LEAP IN ANUPAMAA,10801
2023-04-15,01:02:40.658962,Tripathi,None
2023-04-15,01:02:40.659040,संजय सिंह,None
2023-04-15,01:02:40.659108,Mayank,None
2023-04-15,01:02:40.659175,Hakimi,521452
2023-04-15,01:02:40.659261,पुष्प अर्पित,None
2023-04-15,01:02:40.659338,Umesh,33298
2023-04-15,01:02:40.659406,Guwahati,37630
2023-04-15,01:09:22.067043,#AmbedkarJayanti,143006
2023-04-15,01:09:22.067520,#KKRvSRH,28141
2023-04-15,01:09:22.067593,भारत रत्न,151351
2023-04-15,01:09:22.067650,#JaiBhim,99648
2023-04-15,01:09:22.067703,भीमराव अंबेडकर,159295
2023-04-15,01:09:22.067755,#HiddenSecretsInQuran,410393
2023-04-15,01:09:22.067805,#Baisakhi,31633
2023-04-15,01:09:22.067854,Allah Kabir,412640
2023-04-15,01:09:22.067902,Rinku Singh,12006
2023-04-15,01:09:22.067950,सत्यपाल मलिक,32890
2023-04-15,01:09:22.067998,उमेश पाल,18703
2023-04-15,01:09:22.068047,Happy Vishu,None
2023-04-15,01:09:22.068096,Russell,35829
2023-04-15,01:09:22.068143,hobi,428324
2023-04-15,01:09:22.068189,Karan Thapar,15132
2023-04-15,01:09:22.068235,Indian Constitution,27712
2023-04-15,01:09:22.068283,Kaeya,None
2023-04-15,01:09:22.068329,Shardul,None
2023-04-15,01:09:22.068375,youngji,None
2023-04-15,01:09:22.068423,Lockie,None
2023-04-15,01:09:22.068469,Wriddhiman S,None
2023-04-15,01:09:22.068516,Jason Roy,None
2023-04-15,01:09:22.068568,S Marsh,None
2023-04-15,01:09:22.068616,आधुनिक भारत,13359
2023-04-15,01:09:22.068664,विकास दुबे,10750
2023-04-15,01:09:22.068713,Bhuvi,None
2023-04-15,01:09:22.068761,C Sharma,None
2023-04-15,01:09:22.068808,असद अहमद,36566
2023-04-15,01:09:22.068855,Lendl S,None
2023-04-15,01:09:22.068903,Markram,None
2023-04-15,01:09:22.068949,Ferguson,17555
2023-04-15,01:09:22.068996,Billy B,None
2023-04-15,01:09:22.069042,Fielding,11195
2023-04-15,01:09:22.069089,Gurbaz,None
2023-04-15,01:09:22.069136,PETA,66393
2023-04-15,01:09:22.069183,हैरी ब्रूक,None
2023-04-15,01:09:22.069231,Wiese,None
2023-04-15,01:09:22.069278,हजरत मुहम्मद,53646
2023-04-15,01:09:22.069326,जलियांवाला बाग,None
2023-04-15,01:09:22.069374,CRPF,26140
2023-04-15,01:09:22.069421,KBKJ ARRIVES IN ONE WEEK,30402
2023-04-15,01:09:22.069468,Raneji Make Pendrive Public,54755
2023-04-15,01:09:22.069515,जम्मू कश्मीर,21039
2023-04-15,01:09:22.069562,Jansen,None
2023-04-15,01:09:22.069648,Litton,None
2023-04-15,01:09:22.069701,Umesh Pal,28716
2023-04-15,01:09:22.069748,Bowlers,None
2023-04-15,01:09:22.069795,आदित्य राणा,None
2023-04-15,01:09:22.069842,Ganesha,None
2023-04-15,01:09:22.069889,Dr. Reddy Cricket Stadium,None
2023-04-15,01:16:03.002922,#AmbedkarJayanti,143068
2023-04-15,01:16:03.003327,#KKRvSRH,28241
2023-04-15,01:16:03.003398,भारत रत्न,151427
2023-04-15,01:16:03.003453,#JaiBhim,99709
2023-04-15,01:16:03.003503,भीमराव अंबेडकर,159367
2023-04-15,01:16:03.003554,#HiddenSecretsInQuran,410497
2023-04-15,01:16:03.003602,#HarryBrook,None
2023-04-15,01:16:03.003651,Allah Kabir,412746
2023-04-15,01:16:03.003698,Rinku Singh,12084
2023-04-15,01:16:03.003746,सत्यपाल मलिक,33446
2023-04-15,01:16:03.003794,उमेश पाल,18713
2023-04-15,01:16:03.003841,Happy Vishu,None
2023-04-15,01:16:03.003888,Russell,35997
2023-04-15,01:16:03.003935,Karan Thapar,15247
2023-04-15,01:16:03.003980,hobi,429763
2023-04-15,01:16:03.004027,Indian Constitution,27727
2023-04-15,01:16:03.004073,Kaeya,None
2023-04-15,01:16:03.004119,Shardul,None
2023-04-15,01:16:03.004164,youngji,None
2023-04-15,01:16:03.004210,Lockie,None
2023-04-15,01:16:03.004256,Wriddhiman S,None
2023-04-15,01:16:03.004303,Jason Roy,None
2023-04-15,01:16:03.004353,S Marsh,None
2023-04-15,01:16:03.004399,आधुनिक भारत,13364
2023-04-15,01:16:03.004456,विकास दुबे,10763
2023-04-15,01:16:03.004506,Bhuvi,None
2023-04-15,01:16:03.004553,C Sharma,None
2023-04-15,01:16:03.004599,असद अहमद,36607
2023-04-15,01:16:03.004647,PETA,66665
2023-04-15,01:16:03.004694,Lendl S,None
2023-04-15,01:16:03.004740,Ferguson,17630
2023-04-15,01:16:03.004786,Markram,None
2023-04-15,01:16:03.004833,Billy B,None
2023-04-15,01:16:03.004879,Fielding,11261
2023-04-15,01:16:03.004926,Gurbaz,None
2023-04-15,01:16:03.004972,Wiese,None
2023-04-15,01:16:03.005018,हजरत मुहम्मद,53668
2023-04-15,01:16:03.005066,जलियांवाला बाग,None
2023-04-15,01:16:03.005112,CRPF,26522
2023-04-15,01:16:03.005159,KBKJ ARRIVES IN ONE WEEK,30452
2023-04-15,01:16:03.005207,Raneji Make Pendrive Public,54931
2023-04-15,01:16:03.005255,जम्मू कश्मीर,21266
2023-04-15,01:16:03.005302,Jansen,None
2023-04-15,01:16:03.005348,Litton,None
2023-04-15,01:16:03.005396,Umesh Pal,28754
2023-04-15,01:16:03.005446,Bowlers,None
2023-04-15,01:16:03.005492,हैरी ब्रूक,None
2023-04-15,01:16:03.005540,Wire,30624
2023-04-15,01:16:03.005586,आदित्य राणा,None
2023-04-15,01:16:03.005633,Ganesha,None
2023-04-15,01:22:38.441978,#AmbedkarJayanti,143140
2023-04-15,01:22:38.442447,#KKRvSRH,28319
2023-04-15,01:22:38.442558,भारत रत्न,151476
2023-04-15,01:22:38.442651,#JaiBhim,99791
2023-04-15,01:22:38.442729,भीमराव अंबेडकर,159462
2023-04-15,01:22:38.442805,#HiddenSecretsInQuran,410557
2023-04-15,01:22:38.442879,#HarryBrook,None
2023-04-15,01:22:38.442955,Allah Kabir,412798
2023-04-15,01:22:38.443028,सत्यपाल मलिक,33796
2023-04-15,01:22:38.443104,Rinku Singh,12122
2023-04-15,01:22:38.443175,उमेश पाल,18727
2023-04-15,01:22:38.443250,Happy Vishu,None
2023-04-15,01:22:38.443321,hobi,429060
2023-04-15,01:22:38.443393,Karan Thapar,15418
2023-04-15,01:22:38.443464,Russell,36278
2023-04-15,01:22:38.443534,Indian Constitution,27752
2023-04-15,01:22:38.443607,Kaeya,None
2023-04-15,01:22:38.443679,Shardul,None
2023-04-15,01:22:38.443749,youngji,None
2023-04-15,01:22:38.443822,Lockie,None
2023-04-15,01:22:38.443892,Jason Roy,None
2023-04-15,01:22:38.443962,S Marsh,None
2023-04-15,01:22:38.444087,आधुनिक भारत,13373
2023-04-15,01:22:38.444163,विकास दुबे,10769
2023-04-15,01:22:38.444237,Bhuvi,None
2023-04-15,01:22:38.444312,C Sharma,None
2023-04-15,01:22:38.444383,असद अहमद,36656
2023-04-15,01:22:38.444455,PETA,66851
2023-04-15,01:22:38.444527,Lendl S,None
2023-04-15,01:22:38.444599,Wriddhiman S,None
2023-04-15,01:22:38.444670,Ferguson,17738
2023-04-15,01:22:38.444739,Billy B,None
2023-04-15,01:22:38.444810,Markram,None
2023-04-15,01:22:38.444880,Fielding,11300
2023-04-15,01:22:38.444952,Gurbaz,None
2023-04-15,01:22:38.445023,Wiese,None
2023-04-15,01:22:38.445093,हजरत मुहम्मद,53672
2023-04-15,01:22:38.445165,जलियांवाला बाग,None
2023-04-15,01:22:38.445237,CRPF,26608
2023-04-15,01:22:38.445310,KBKJ ARRIVES IN ONE WEEK,30485
2023-04-15,01:22:38.445381,Raneji Make Pendrive Public,55014
2023-04-15,01:22:38.445452,Jansen,None
2023-04-15,01:22:38.445524,Litton,None
2023-04-15,01:22:38.445593,Umesh Pal,28802
2023-04-15,01:22:38.445672,Bowlers,None
2023-04-15,01:22:38.445746,हैरी ब्रूक,None
2023-04-15,01:22:38.445818,Wire,30748
2023-04-15,01:22:38.445889,आदित्य राणा,None
2023-04-15,01:22:38.445961,Ganesha,None
2023-04-15,01:22:38.446031,जम्मू कश्मीर,21406
2023-04-15,01:29:15.387545,#KKRvSRH,28382
2023-04-15,01:29:15.388168,#HarryBrook,None
2023-04-15,01:29:15.388270,#Satyapalmalik,None
2023-04-15,01:29:15.388353,सत्यपाल मलिक,34328
2023-04-15,01:29:15.388432,hobi,433554
2023-04-15,01:29:15.388507,#PulwamaAttack,None
2023-04-15,01:29:15.388580,Nitish Rana,None
2023-04-15,01:29:15.388652,Russell,36443
2023-04-15,01:29:15.388723,#JioCinema,None
2023-04-15,01:29:15.388795,Happy Vishu,None
2023-04-15,01:29:15.388978,Karan Thapar,15580
2023-04-15,01:29:15.389067,Pradeep Bhandari,12465
2023-04-15,01:29:15.389142,C Sharma,None
2023-04-15,01:29:15.389218,Rinku,21360
2023-04-15,01:29:15.389290,youngji,None
2023-04-15,01:29:15.389362,Wriddhiman S,None
2023-04-15,01:29:15.389435,S Marsh,None
2023-04-15,01:29:15.389507,KBKJ ARRIVES IN ONE WEEK,30517
2023-04-15,01:29:15.389579,Lockie,None
2023-04-15,01:29:15.389651,PETA,67103
2023-04-15,01:29:15.389722,Bhuvi,None
2023-04-15,01:29:15.389801,Lendl S,None
2023-04-15,01:29:15.389873,Markram,None
2023-04-15,01:29:15.389945,Holkar Cricket Stadium,None
2023-04-15,01:29:15.390016,Steven S,None
2023-04-15,01:29:15.390089,Jason Roy,None
2023-04-15,01:29:15.390159,Billy B,None
2023-04-15,01:29:15.390230,Ferguson,17836
2023-04-15,01:29:15.390301,Shardul,None
2023-04-15,01:29:15.390373,Wire,30947
2023-04-15,01:29:15.390443,जम्मू कश्मीर,21553
2023-04-15,01:29:15.390516,हैरी ब्रूक,None
2023-04-15,01:29:15.390588,Wiese,None
2023-04-15,01:29:15.390660,Eden Gardens,None
2023-04-15,01:29:15.390732,Jansen,None
2023-04-15,01:29:15.390900,Dr. Reddy Cricket Stadium,None
2023-04-15,01:29:15.390991,तिहाड़ जेल,None
2023-04-15,01:29:15.391068,Narine,None
2023-04-15,01:29:15.391142,Gurbaz,None
2023-04-15,01:29:15.391249,Sundar,None
2023-04-15,01:29:15.391322,Abhishek Sharma,None
2023-04-15,01:29:15.391394,प्रिंस तेवतिया,None
2023-04-15,01:29:15.391466,अरविंद केजरीवाल,24793
2023-04-15,01:29:15.391546,NO LEAP IN ANUPAMAA,11089
2023-04-15,01:29:15.391621,Tripathi,None
2023-04-15,01:29:15.391693,संजय सिंह,None
2023-04-15,01:29:15.391765,Mayank,None
2023-04-15,01:29:15.391837,Cannes,69665
2023-04-15,01:29:15.391908,Sunny Leone,None
2023-04-15,01:29:15.391979,Hakimi,534923
2023-04-15,01:44:21.446977,#AmbedkarJayanti,142506
2023-04-15,01:44:21.447372,भारत रत्न,151350
2023-04-15,01:44:21.447444,#KKRvSRH,28459
2023-04-15,01:44:21.447497,#JaiBhim,98605
2023-04-15,01:44:21.447546,भीमराव अंबेडकर,159374
2023-04-15,01:44:21.447597,#HiddenSecretsInQuran,410685
2023-04-15,01:44:21.447646,#SatyapalMalik,None
2023-04-15,01:44:21.447696,Allah Kabir,412741
2023-04-15,01:44:21.447743,सत्यपाल मलिक,34951
2023-04-15,01:44:21.447791,Rinku,21383
2023-04-15,01:44:21.447839,उमेश पाल,18309
2023-04-15,01:44:21.447888,Happy Vishu,None
2023-04-15,01:44:21.447934,hobi,435644
2023-04-15,01:44:21.447982,Indian Constitution,27694
2023-04-15,01:44:21.448028,Karan Thapar,15816
2023-04-15,01:44:21.448075,youngji,None
2023-04-15,01:44:21.448121,Russell,35432
2023-04-15,01:44:21.448168,Lockie,None
2023-04-15,01:44:21.448215,Jason Roy,None
2023-04-15,01:44:21.448261,S Marsh,None
2023-04-15,01:44:21.448307,आधुनिक भारत,13352
2023-04-15,01:44:21.448355,विकास दुबे,10581
2023-04-15,01:44:21.448407,Bhuvi,None
2023-04-15,01:44:21.448453,असद अहमद,35900
2023-04-15,01:44:21.448501,PETA,66861
2023-04-15,01:44:21.448548,Ferguson,17356
2023-04-15,01:44:21.448593,Yogi,34414
2023-04-15,01:44:21.448639,Billy B,None
2023-04-15,01:44:21.448684,Wriddhiman S,None
2023-04-15,01:44:21.448730,Gurbaz,None
2023-04-15,01:44:21.448776,Wiese,None
2023-04-15,01:44:21.448822,Markram,None
2023-04-15,01:44:21.448867,जलियांवाला बाग,None
2023-04-15,01:44:21.448913,Shardul,None
2023-04-15,01:44:21.448960,हजरत मुहम्मद,53683
2023-04-15,01:44:21.449006,KBKJ ARRIVES IN ONE WEEK,30578
2023-04-15,01:44:21.449053,Raneji Make Pendrive Public,55231
2023-04-15,01:44:21.449099,C Sharma,None
2023-04-15,01:44:21.449146,Jansen,None
2023-04-15,01:44:21.449193,CRPF,27405
2023-04-15,01:44:21.449239,Umesh Pal,28486
2023-04-15,01:44:21.449285,हैरी ब्रूक,None
2023-04-15,01:44:21.449331,Wire,29326
2023-04-15,01:44:21.449378,आदित्य राणा,None
2023-04-15,01:44:21.449426,Lord Ganesha,None
2023-04-15,01:44:21.449475,Lendl S,None
2023-04-15,01:44:21.449530,Dr. Reddy Cricket Stadium,None
2023-04-15,01:44:21.449578,जम्मू कश्मीर,21888
2023-04-15,01:44:21.449625,Thakur,None
2023-04-15,01:44:21.449672,Nattu,None
2023-04-15,01:54:34.189241,#AmbedkarJayanti,142580
2023-04-15,01:54:34.189702,भारत रत्न,151438
2023-04-15,01:54:34.189785,#KKRvSRH,28535
2023-04-15,01:54:34.189849,#JaiBhim,98617
2023-04-15,01:54:34.189909,भीमराव अंबेडकर,159470
2023-04-15,01:54:34.189968,#HiddenSecretsInQuran,410707
2023-04-15,01:54:34.190024,#SatyapalMalik,None
2023-04-15,01:54:34.190081,Allah Kabir,412764
2023-04-15,01:54:34.190135,सत्यपाल मलिक,35550
2023-04-15,01:54:34.190192,Rinku,21468
2023-04-15,01:54:34.190246,उमेश पाल,18324
2023-04-15,01:54:34.190302,Happy Vishu,None
2023-04-15,01:54:34.190356,hobi,437669
2023-04-15,01:54:34.190410,Indian Constitution,27721
2023-04-15,01:54:34.190464,Karan Thapar,15972
2023-04-15,01:54:34.190518,youngji,None
2023-04-15,01:54:34.190573,Russell,35709
2023-04-15,01:54:34.190627,Lockie,None
2023-04-15,01:54:34.190680,Jason Roy,None
2023-04-15,01:54:34.190735,S Marsh,None
2023-04-15,01:54:34.190788,आधुनिक भारत,13359
2023-04-15,01:54:34.190843,Bhuvi,None
2023-04-15,01:54:34.190902,विकास दुबे,10588
2023-04-15,01:54:34.190958,PETA,67154
2023-04-15,01:54:34.191012,असद अहमद,35949
2023-04-15,01:54:34.191068,Ferguson,17479
2023-04-15,01:54:34.191121,Yogi,34495
2023-04-15,01:54:34.191174,Billy B,None
2023-04-15,01:54:34.191227,Wriddhiman S,None
2023-04-15,01:54:34.191282,Gurbaz,None
2023-04-15,01:54:34.191335,Wiese,None
2023-04-15,01:54:34.191389,जलियांवाला बाग,None
2023-04-15,01:54:34.191443,Markram,None
2023-04-15,01:54:34.191496,हजरत मुहम्मद,53692
2023-04-15,01:54:34.191551,KBKJ ARRIVES IN ONE WEEK,30649
2023-04-15,01:54:34.191605,Raneji Make Pendrive Public,55297
2023-04-15,01:54:34.191658,C Sharma,None
2023-04-15,01:54:34.191712,CRPF,27592
2023-04-15,01:54:34.191765,Umesh Pal,28548
2023-04-15,01:54:34.191818,हैरी ब्रूक,None
2023-04-15,01:54:34.191872,Wire,29537
2023-04-15,01:54:34.191925,Lendl S,None
2023-04-15,01:54:34.191978,Dr. Reddy Cricket Stadium,None
2023-04-15,01:54:34.192031,जम्मू कश्मीर,22055
2023-04-15,01:54:34.192087,Thakur,None
2023-04-15,01:54:34.192142,Ganesha,None
2023-04-15,01:54:34.192200,Shardul,None
2023-04-15,01:54:34.192254,Sundar,None
2023-04-15,01:54:34.192308,अमरनाथ यात्रा,None
2023-04-15,01:54:34.192362,Narine,None
2023-04-15,02:01:36.512666,#AmbedkarJayanti,142657
2023-04-15,02:01:36.513223,भारत रत्न,151470
2023-04-15,02:01:36.513308,#JaiBhim,98661
2023-04-15,02:01:36.513372,भीमराव अंबेडकर,159502
2023-04-15,02:01:36.513432,#KKRvSRH,28614
2023-04-15,02:01:36.513490,#HiddenSecretsInQuran,410737
2023-04-15,02:01:36.513547,#Baisakhi,31700
2023-04-15,02:01:36.513601,Allah Kabir,412780
2023-04-15,02:01:36.513655,सत्यपाल मलिक,35735
2023-04-15,02:01:36.513711,Rinku Singh,12276
2023-04-15,02:01:36.513764,उमेश पाल,18332
2023-04-15,02:01:36.513819,Happy Vishu,None
2023-04-15,02:01:36.513873,hobi,439579
2023-04-15,02:01:36.513928,Indian Constitution,27741
2023-04-15,02:01:36.513981,Karan Thapar,16090
2023-04-15,02:01:36.514034,youngji,None
2023-04-15,02:01:36.514088,Jason Roy,None
2023-04-15,02:01:36.514141,S Marsh,None
2023-04-15,02:01:36.514194,Russell,35853
2023-04-15,02:01:36.514249,आधुनिक भारत,13360
2023-04-15,02:01:36.514302,Bhuvi,None
2023-04-15,02:01:36.514355,विकास दुबे,10593
2023-04-15,02:01:36.514415,असद अहमद,35983
2023-04-15,02:01:36.514470,Ferguson,17609
2023-04-15,02:01:36.514532,Billy B,None
2023-04-15,02:01:36.514580,Wriddhiman S,None
2023-04-15,02:01:36.514625,Yogi,34535
2023-04-15,02:01:36.514672,Wiese,None
2023-04-15,02:01:36.514717,Lockie,None
2023-04-15,02:01:36.514764,जलियांवाला बाग,None
2023-04-15,02:01:36.514822,PETA,67432
2023-04-15,02:01:36.514869,Gurbaz,None
2023-04-15,02:01:36.514914,हजरत मुहम्मद,53696
2023-04-15,02:01:36.514960,KBKJ ARRIVES IN ONE WEEK,30726
2023-04-15,02:01:36.515007,Raneji Make Pendrive Public,55347
2023-04-15,02:01:36.515053,C Sharma,None
2023-04-15,02:01:36.515099,CRPF,27790
2023-04-15,02:01:36.515144,Umesh Pal,28579
2023-04-15,02:01:36.515196,हैरी ब्रूक,None
2023-04-15,02:01:36.515244,Markram,None
2023-04-15,02:01:36.515290,Lendl S,None
2023-04-15,02:01:36.515337,Dr. Reddy Cricket Stadium,None
2023-04-15,02:01:36.515383,Wire,29643
2023-04-15,02:01:36.515429,जम्मू कश्मीर,22166
2023-04-15,02:01:36.515477,Ganesha,None
2023-04-15,02:01:36.515527,Drogba,None
2023-04-15,02:01:36.515573,Shardul,None
2023-04-15,02:01:36.515619,Henry,66360
2023-04-15,02:01:36.515664,Sundar,None
2023-04-15,02:01:36.515709,Lindelof,11499
2023-04-15,02:08:28.542957,#AmbedkarJayanti,142699
2023-04-15,02:08:28.543489,भारत रत्न,151507
2023-04-15,02:08:28.543585,#JaiBhim,98744
2023-04-15,02:08:28.543659,भीमराव अंबेडकर,159565
2023-04-15,02:08:28.543729,#KKRvSRH,28659
2023-04-15,02:08:28.543794,#SatyapalMalik,None
2023-04-15,02:08:28.543860,#HiddenSecretsInQuran,410777
2023-04-15,02:08:28.543923,Allah Kabir,412806
2023-04-15,02:08:28.543985,सत्यपाल मलिक,36005
2023-04-15,02:08:28.544049,उमेश पाल,18334
2023-04-15,02:08:28.544112,Rinku Singh,12304
2023-04-15,02:08:28.544174,hobi,439644
2023-04-15,02:08:28.544235,Happy Vishu,None
2023-04-15,02:08:28.544297,Indian Constitution,27761
2023-04-15,02:08:28.544359,youngji,None
2023-04-15,02:08:28.544420,Karan Thapar,16167
2023-04-15,02:08:28.544482,S Marsh,None
2023-04-15,02:08:28.544542,Russell,36037
2023-04-15,02:08:28.544603,आधुनिक भारत,13361
2023-04-15,02:08:28.544665,Bhuvi,None
2023-04-15,02:08:28.544726,विकास दुबे,10597
2023-04-15,02:08:28.544790,असद अहमद,36003
2023-04-15,02:08:28.544860,Ferguson,17734
2023-04-15,02:08:28.544923,Billy B,None
2023-04-15,02:08:28.544984,Wriddhiman S,None
2023-04-15,02:08:28.545048,Yogi,34590
2023-04-15,02:08:28.545109,Wiese,None
2023-04-15,02:08:28.545170,Lockie,None
2023-04-15,02:08:28.545232,जलियांवाला बाग,None
2023-04-15,02:08:28.545296,PETA,67588
2023-04-15,02:08:28.545358,Gurbaz,None
2023-04-15,02:08:28.545419,हजरत मुहम्मद,53706
2023-04-15,02:08:28.545481,KBKJ ARRIVES IN ONE WEEK,30748
2023-04-15,02:08:28.545542,CRPF,27994
2023-04-15,02:08:28.545604,Raneji Make Pendrive Public,55428
2023-04-15,02:08:28.545665,Jason Roy,None
2023-04-15,02:08:28.545758,C Sharma,None
2023-04-15,02:08:28.545847,Umesh Pal,28608
2023-04-15,02:08:28.545913,हैरी ब्रूक,None
2023-04-15,02:08:28.545978,Markram,None
2023-04-15,02:08:28.546039,Lendl S,None
2023-04-15,02:08:28.546101,Dr. Reddy Cricket Stadium,None
2023-04-15,02:08:28.546162,Wire,29797
2023-04-15,02:08:28.546222,जम्मू कश्मीर,22269
2023-04-15,02:08:28.546285,Henry,66698
2023-04-15,02:08:28.546352,Ganesha,None
2023-04-15,02:08:28.546413,Drogba,None
2023-04-15,02:08:28.546474,Shardul,None
2023-04-15,02:08:28.546535,Lindelof,11611
2023-04-15,02:08:28.546595,Narine,None
2023-04-15,02:15:04.227310,#KKRvSRH,28696
2023-04-15,02:15:04.227714,#SatyapalMalik,None
2023-04-15,02:15:04.227787,#HarryBrook,None
2023-04-15,02:15:04.227841,#PulwamaAttack,None
2023-04-15,02:15:04.227892,सत्यपाल मलिक,36171
2023-04-15,02:15:04.227944,hobi,443204
2023-04-15,02:15:04.227992,Nitish Rana,None
2023-04-15,02:15:04.228041,Happy Vishu,None
2023-04-15,02:15:04.228089,Russell,36203
2023-04-15,02:15:04.228137,Karan Thapar,16254
2023-04-15,02:15:04.228184,#JioCinema,None
2023-04-15,02:15:04.228232,Pradeep Bhandari,12481
2023-04-15,02:15:04.228279,Rinku,21633
2023-04-15,02:15:04.228325,Wriddhiman S,None
2023-04-15,02:15:04.228371,youngji,None
2023-04-15,02:15:04.228416,C Sharma,None
2023-04-15,02:15:04.228463,S Marsh,None
2023-04-15,02:15:04.228508,KBKJ ARRIVES IN ONE WEEK,30766
2023-04-15,02:15:04.228563,Lockie,None
2023-04-15,02:15:04.228610,Bhuvi,None
2023-04-15,02:15:04.228655,Lendl S,None
2023-04-15,02:15:04.228704,PETA,67746
2023-04-15,02:15:04.228749,Markram,None
2023-04-15,02:15:04.228795,Steven S,None
2023-04-15,02:15:04.228841,Jason Roy,None
2023-04-15,02:15:04.228886,Billy B,None
2023-04-15,02:15:04.228931,Ferguson,17802
2023-04-15,02:15:04.228976,Holkar Cricket Stadium,None
2023-04-15,02:15:04.229021,Wire,29884
2023-04-15,02:15:04.229068,जम्मू कश्मीर,22325
2023-04-15,02:15:04.229114,हैरी ब्रूक,None
2023-04-15,02:15:04.229161,Wiese,None
2023-04-15,02:15:04.229206,Eden Gardens,None
2023-04-15,02:15:04.229252,Shardul,None
2023-04-15,02:15:04.229298,Dr. Reddy Cricket Stadium,None
2023-04-15,02:15:04.229344,Narine,None
2023-04-15,02:15:04.229389,तिहाड़ जेल,None
2023-04-15,02:15:04.229436,Abhishek,None
2023-04-15,02:15:04.229482,प्रिंस तेवतिया,None
2023-04-15,02:15:04.229529,अरविंद केजरीवाल,24936
2023-04-15,02:15:04.229575,NO LEAP IN ANUPAMAA,11233
2023-04-15,02:15:04.229620,Babar,29064
2023-04-15,02:15:04.229666,Tripathi,None
2023-04-15,02:15:04.229712,संजय सिंह,None
2023-04-15,02:15:04.229763,Mayank,None
2023-04-15,02:15:04.229809,Hakimi,546546
2023-04-15,02:15:04.229855,Umesh,33315
2023-04-15,02:15:04.229901,पूर्व मंत्री,None
2023-04-15,02:15:04.229947,#7YearsOfFan,None
2023-04-15,02:15:04.229994,#PAKvNZ,22296
2023-04-15,02:21:36.430691,#AmbedkarJayanti,142794
2023-04-15,02:21:36.431280,भारत रत्न,151519
2023-04-15,02:21:36.431363,#JaiBhim,98771
2023-04-15,02:21:36.431427,भीमराव अंबेडकर,159568
2023-04-15,02:21:36.431488,#KKRvSRH,28745
2023-04-15,02:21:36.431545,#HiddenSecretsInQuran,410848
2023-04-15,02:21:36.431601,#Baisakhi,31715
2023-04-15,02:21:36.431656,Allah Kabir,412862
2023-04-15,02:21:36.431710,सत्यपाल मलिक,36419
2023-04-15,02:21:36.431766,उमेश पाल,18353
2023-04-15,02:21:36.431820,Rinku Singh,12350
2023-04-15,02:21:36.431875,Happy Vishu,None
2023-04-15,02:21:36.431930,hobi,444878
2023-04-15,02:21:36.431984,Indian Constitution,27786
2023-04-15,02:21:36.432037,Karan Thapar,16366
2023-04-15,02:21:36.432090,S Marsh,None
2023-04-15,02:21:36.432144,Russell,36326
2023-04-15,02:21:36.432198,आधुनिक भारत,13371
2023-04-15,02:21:36.432252,Bhuvi,None
2023-04-15,02:21:36.432308,विकास दुबे,10604
2023-04-15,02:21:36.432362,youngji,None
2023-04-15,02:21:36.432416,असद अहमद,36072
2023-04-15,02:21:36.432476,Ferguson,17885
2023-04-15,02:21:36.432530,Billy B,None
2023-04-15,02:21:36.432583,Wriddhiman S,None
2023-04-15,02:21:36.432637,Yogi,34670
2023-04-15,02:21:36.432700,Wiese,None
2023-04-15,02:21:36.432746,Lockie,None
2023-04-15,02:21:36.432792,जलियांवाला बाग,None
2023-04-15,02:21:36.432840,हजरत मुहम्मद,53716
2023-04-15,02:21:36.432886,PETA,67985
2023-04-15,02:21:36.432932,KBKJ ARRIVES IN ONE WEEK,30799
2023-04-15,02:21:36.432977,CRPF,28318
2023-04-15,02:21:36.433023,Jason Roy,None
2023-04-15,02:21:36.433071,C Sharma,None
2023-04-15,02:21:36.433117,Raneji Make Pendrive Public,55740
2023-04-15,02:21:36.433163,Umesh Pal,28659
2023-04-15,02:21:36.433210,हैरी ब्रूक,None
2023-04-15,02:21:36.433257,Markram,None
2023-04-15,02:21:36.433304,Lendl S,None
2023-04-15,02:21:36.433350,Dr. Reddy Cricket Stadium,None
2023-04-15,02:21:36.433396,Henry,67629
2023-04-15,02:21:36.433442,Wire,30033
2023-04-15,02:21:36.433495,Ganesha,None
2023-04-15,02:21:36.433541,Drogba,None
2023-04-15,02:21:36.433592,Shardul,None
2023-04-15,02:21:36.433639,जम्मू कश्मीर,22444
2023-04-15,02:21:36.433685,Lindelof,11759
2023-04-15,02:21:36.433731,Narine,None
2023-04-15,02:21:36.433777,24H Volume,None
2023-04-15,02:28:19.131142,#AmbedkarJayanti,142845
2023-04-15,02:28:19.131603,भारत रत्न,151543
2023-04-15,02:28:19.131686,#JaiBhim,98809
2023-04-15,02:28:19.131762,भीमराव अंबेडकर,159601
2023-04-15,02:28:19.131825,#KKRvSRH,28754
2023-04-15,02:28:19.131883,#Baisakhi,31726
2023-04-15,02:28:19.131940,#SatyapalMalik,None
2023-04-15,02:28:19.131997,Allah Kabir,412871
2023-04-15,02:28:19.132052,सत्यपाल मलिक,36611
2023-04-15,02:28:19.132109,उमेश पाल,18357
2023-04-15,02:28:19.132164,Rinku,21708
2023-04-15,02:28:19.132219,hobi,445684
2023-04-15,02:28:19.132273,Happy Vishu,None
2023-04-15,02:28:19.132329,Indian Constitution,27804
2023-04-15,02:28:19.132384,Karan Thapar,16427
2023-04-15,02:28:19.132438,Russell,36559
2023-04-15,02:28:19.132501,आधुनिक भारत,13373
2023-04-15,02:28:19.132558,Bhuvi,None
2023-04-15,02:28:19.132613,विकास दुबे,10616
2023-04-15,02:28:19.132670,असद अहमद,36115
2023-04-15,02:28:19.132725,youngji,None
2023-04-15,02:28:19.132781,Ferguson,17974
2023-04-15,02:28:19.132842,Wriddhiman S,None
2023-04-15,02:28:19.132897,Yogi,34699
2023-04-15,02:28:19.132952,Wiese,None
2023-04-15,02:28:19.133008,Lockie,None
2023-04-15,02:28:19.133062,जलियांवाला बाग,None
2023-04-15,02:28:19.133116,हजरत मुहम्मद,53718
2023-04-15,02:28:19.133171,PETA,68116
2023-04-15,02:28:19.133225,KBKJ ARRIVES IN ONE WEEK,30840
2023-04-15,02:28:19.133279,CRPF,28447
2023-04-15,02:28:19.133333,Jason Roy,None
2023-04-15,02:28:19.133388,C Sharma,None
2023-04-15,02:28:19.133443,Raneji Make Pendrive Public,55770
2023-04-15,02:28:19.133499,Umesh Pal,28680
2023-04-15,02:28:19.133553,हैरी ब्रूक,None
2023-04-15,02:28:19.133609,Markram,None
2023-04-15,02:28:19.133664,Lendl S,None
2023-04-15,02:28:19.133718,Dr. Reddy Cricket Stadium,None
2023-04-15,02:28:19.133773,Henry,67933
2023-04-15,02:28:19.133828,Wire,30239
2023-04-15,02:28:19.133882,Ganesha,None
2023-04-15,02:28:19.133935,Drogba,None
2023-04-15,02:28:19.133989,जम्मू कश्मीर,22520
2023-04-15,02:28:19.134046,Shardul,None
2023-04-15,02:28:19.134103,Lindelof,11820
2023-04-15,02:28:19.134158,Narine,None
2023-04-15,02:28:19.134212,24H Volume,None
2023-04-15,02:28:19.134266,Tyagi,None
2023-04-15,02:28:19.134348,Rooney,None
2023-04-15,02:40:27.436042,#KKRvSRH,28795
2023-04-15,02:40:27.436678,#SatyapalMalik,None
2023-04-15,02:40:27.436789,#PulwamaAttack,None
2023-04-15,02:40:27.436874,#HarryBrook,None
2023-04-15,02:40:27.436953,सत्यपाल मलिक,36826
2023-04-15,02:40:27.437032,hobi,446956
2023-04-15,02:40:27.437106,Happy Vishu,None
2023-04-15,02:40:27.437178,Nitish Rana,None
2023-04-15,02:40:27.437250,Russell,35428
2023-04-15,02:40:27.437322,Karan Thapar,16573
2023-04-15,02:40:27.437393,#7YearsOfFan,None
2023-04-15,02:40:27.437464,Pradeep Bhandari,12481
2023-04-15,02:40:27.437534,Wriddhiman S,None
2023-04-15,02:40:27.437606,youngji,None
2023-04-15,02:40:27.437675,C Sharma,None
2023-04-15,02:40:27.437745,Rinku,21745
2023-04-15,02:40:27.437816,Lockie,None
2023-04-15,02:40:27.437886,Bhuvi,None
2023-04-15,02:40:27.437955,PETA,67737
2023-04-15,02:40:27.438025,Markram,None
2023-04-15,02:40:27.438099,Jason Roy,None
2023-04-15,02:40:27.438180,जम्मू कश्मीर,22640
2023-04-15,02:40:27.438254,Holkar Cricket Stadium,None
2023-04-15,02:40:27.438325,Wire,28513
2023-04-15,02:40:27.438395,Shardul,None
2023-04-15,02:40:27.438466,Eden,146119
2023-04-15,02:40:27.438536,Ferguson,16953
2023-04-15,02:40:27.438606,Dr. Reddy Cricket Stadium,None
2023-04-15,02:40:27.438676,Narine,None
2023-04-15,02:40:27.438746,तिहाड़ जेल,None
2023-04-15,02:40:27.438817,Abhishek,None
2023-04-15,02:40:27.438888,प्रिंस तेवतिया,None
2023-04-15,02:40:27.438962,NO LEAP IN ANUPAMAA,11338
2023-04-15,02:40:27.439263,Babar,29018
2023-04-15,02:40:27.439339,संजय सिंह,None
2023-04-15,02:40:27.439414,पूर्व मंत्री,None
2023-04-15,02:40:27.439486,#JioCinema,None
2023-04-15,02:40:27.439557,#PAKvNZ,22461
2023-04-15,02:40:27.439626,#OrangeArmy,None
2023-04-15,02:40:27.439697,#JanKiBaatKarnatakaPoll,12565
2023-04-15,02:40:27.439782,#OrangeFireIdhi,None
2023-04-15,02:40:27.439853,#SunrisersHyderabad,None
2023-04-15,02:40:27.440051,#KejriwalJhukegaNahi,None
2023-04-15,02:40:27.440131,#bengalinewyear,None
2023-04-15,02:40:27.440214,#SunnyLeoneAtCannes,None
2023-04-15,02:40:27.440288,#Arylie,None
2023-04-15,02:40:27.440361,#ArvindKejriwal,12494
2023-04-15,02:40:27.440433,#toasteed,None
2023-04-15,02:40:27.440504,#LiquorScam,None
2023-04-15,02:49:38.672879,#AmbedkarJayanti,136141
2023-04-15,02:49:38.673347,भारत रत्न,151467
2023-04-15,02:49:38.673432,#JaiBhim,98343
2023-04-15,02:49:38.673497,भीमराव अंबेडकर,159550
2023-04-15,02:49:38.673558,#KKRvSRH,28840
2023-04-15,02:49:38.673617,#Baisakhi,31727
2023-04-15,02:49:38.673673,#HiddenSecretsInQuran,410990
2023-04-15,02:49:38.673730,Allah Kabir,412790
2023-04-15,02:49:38.673785,सत्यपाल मलिक,37099
2023-04-15,02:49:38.673841,उमेश पाल,18133
2023-04-15,02:49:38.673896,Rinku Singh,12435
2023-04-15,02:49:38.673951,hobi,449461
2023-04-15,02:49:38.674005,Happy Vishu,None
2023-04-15,02:49:38.674062,Indian Constitution,27764
2023-04-15,02:49:38.674116,Karan Thapar,16669
2023-04-15,02:49:38.674169,Russell,35611
2023-04-15,02:49:38.674224,आधुनिक भारत,13358
2023-04-15,02:49:38.674279,Bhuvi,None
2023-04-15,02:49:38.674333,विकास दुबे,10409
2023-04-15,02:49:38.674389,असद अहमद,35536
2023-04-15,02:49:38.674444,Wriddhiman S,None
2023-04-15,02:49:38.674498,youngji,None
2023-04-15,02:49:38.674558,Yogi,34291
2023-04-15,02:49:38.674613,Wiese,None
2023-04-15,02:49:38.674676,जलियांवाला बाग,None
2023-04-15,02:49:38.674734,हजरत मुहम्मद,53709
2023-04-15,02:49:38.674789,Jason Roy,None
2023-04-15,02:49:38.674843,C Sharma,None
2023-04-15,02:49:38.674897,Raneji Make Pendrive Public,55859
2023-04-15,02:49:38.674987,CRPF,28848
2023-04-15,02:49:38.675042,Lockie,None
2023-04-15,02:49:38.675097,हैरी ब्रूक,None
2023-04-15,02:49:38.675153,PETA,68029
2023-04-15,02:49:38.675207,Markram,None
2023-04-15,02:49:38.675262,Umesh Pal,28532
2023-04-15,02:49:38.675317,Henry,65977
2023-04-15,02:49:38.675371,Lendl S,None
2023-04-15,02:49:38.675425,Dr. Reddy Cricket Stadium,None
2023-04-15,02:49:38.675480,Ganesha,None
2023-04-15,02:49:38.675536,Drogba,None
2023-04-15,02:49:38.675590,जम्मू कश्मीर,22746
2023-04-15,02:49:38.675646,Shardul,None
2023-04-15,02:49:38.675701,Ferguson,17032
2023-04-15,02:49:38.675754,Lindelof,None
2023-04-15,02:49:38.675810,Narine,None
2023-04-15,02:49:38.675869,24H Volume,None
2023-04-15,02:49:38.675923,Tyagi,None
2023-04-15,02:49:38.675977,Rooney,None
2023-04-15,02:49:38.676031,Well Played,14281
2023-04-15,02:49:38.676085,Litton,None
2023-04-15,02:56:23.887242,#AmbedkarJayanti,142608
2023-04-15,02:56:23.887934,भारत रत्न,151493
2023-04-15,02:56:23.888025,#JaiBhim,98392
2023-04-15,02:56:23.888099,भीमराव अंबेडकर,159578
2023-04-15,02:56:23.888185,#KKRvSRH,28857
2023-04-15,02:56:23.888267,#Baisakhi,31729
2023-04-15,02:56:23.888332,#HiddenSecretsInQuran,411032
2023-04-15,02:56:23.888396,Allah Kabir,412817
2023-04-15,02:56:23.888458,सत्यपाल मलिक,37267
2023-04-15,02:56:23.888521,उमेश पाल,18140
2023-04-15,02:56:23.888601,Rinku Singh,12449
2023-04-15,02:56:23.888665,hobi,450765
2023-04-15,02:56:23.888727,Happy Vishu,None
2023-04-15,02:56:23.888792,Indian Constitution,27771
2023-04-15,02:56:23.888854,Karan Thapar,16727
2023-04-15,02:56:23.888917,Russell,35793
2023-04-15,02:56:23.888981,आधुनिक भारत,13364
2023-04-15,02:56:23.889066,Bhuvi,None
2023-04-15,02:56:23.889165,विकास दुबे,10415
2023-04-15,02:56:23.889250,असद अहमद,35557
2023-04-15,02:56:23.889317,Wriddhiman S,None
2023-04-15,02:56:23.889384,youngji,None
2023-04-15,02:56:23.889496,Yogi,34331
2023-04-15,02:56:23.889560,जलियांवाला बाग,None
2023-04-15,02:56:23.889625,हजरत मुहम्मद,53715
2023-04-15,02:56:23.889702,Jason Roy,None
2023-04-15,02:56:23.889768,Raneji Make Pendrive Public,55884
2023-04-15,02:56:23.889832,CRPF,28975
2023-04-15,02:56:23.889894,Lockie,None
2023-04-15,02:56:23.889959,हैरी ब्रूक,None
2023-04-15,02:56:23.890023,Markram,None
2023-04-15,02:56:23.890112,Umesh Pal,28557
2023-04-15,02:56:23.890175,PETA,68296
2023-04-15,02:56:23.890238,Henry,66247
2023-04-15,02:56:23.890304,Dr. Reddy Cricket Stadium,None
2023-04-15,02:56:23.890369,Ganesha,None
2023-04-15,02:56:23.890456,David Wiese,None
2023-04-15,02:56:23.890523,C Sharma,None
2023-04-15,02:56:23.890587,जम्मू कश्मीर,22808
2023-04-15,02:56:23.890654,Shardul,None
2023-04-15,02:56:23.890752,Ferguson,17129
2023-04-15,02:56:23.890813,Drogba,None
2023-04-15,02:56:23.890874,Lendl S,None
2023-04-15,02:56:23.890936,Lindelof,None
2023-04-15,02:56:23.891020,Narine,None
2023-04-15,02:56:23.891091,24H Volume,None
2023-04-15,02:56:23.891157,Tyagi,None
2023-04-15,02:56:23.891222,Rooney,None
2023-04-15,02:56:23.891302,Litton,None
2023-04-15,02:56:23.891380,Market Cap,24031
2023-04-15,03:03:13.412568,#AmbedkarJayanti,142665
2023-04-15,03:03:13.413041,भारत रत्न,151526
2023-04-15,03:03:13.413126,#JaiBhim,98437
2023-04-15,03:03:13.413189,भीमराव अंबेडकर,159617
2023-04-15,03:03:13.413250,#Baisakhi,31740
2023-04-15,03:03:13.413308,#HiddenSecretsInQuran,411100
2023-04-15,03:03:13.413365,#KKRvSRH,28878
2023-04-15,03:03:13.413420,Allah Kabir,412896
2023-04-15,03:03:13.413474,सत्यपाल मलिक,37462
2023-04-15,03:03:13.413530,उमेश पाल,18149
2023-04-15,03:03:13.413585,Rinku Singh,12457
2023-04-15,03:03:13.413639,hobi,448812
2023-04-15,03:03:13.413692,Indian Constitution,27776
2023-04-15,03:03:13.413746,Happy Vishu,None
2023-04-15,03:03:13.413800,Karan Thapar,16802
2023-04-15,03:03:13.413853,Russell,35925
2023-04-15,03:03:13.413906,आधुनिक भारत,13368
2023-04-15,03:03:13.413961,Bhuvi,None
2023-04-15,03:03:13.414016,विकास दुबे,10423
2023-04-15,03:03:13.414072,असद अहमद,35602
2023-04-15,03:03:13.414126,Wriddhiman S,None
2023-04-15,03:03:13.414180,Yogi,34369
2023-04-15,03:03:13.414239,जलियांवाला बाग,None
2023-04-15,03:03:13.414294,youngji,None
2023-04-15,03:03:13.414348,हजरत मुहम्मद,53728
2023-04-15,03:03:13.414403,Jason Roy,None
2023-04-15,03:03:13.414456,Raneji Make Pendrive Public,55917
2023-04-15,03:03:13.414510,CRPF,29088
2023-04-15,03:03:13.414563,Lockie,None
2023-04-15,03:03:13.414618,हैरी ब्रूक,None
2023-04-15,03:03:13.414672,PETA,68454
2023-04-15,03:03:13.414726,Sunrisers Hyderabad,None
2023-04-15,03:03:13.414780,Markram,None
2023-04-15,03:03:13.414835,Umesh Pal,28581
2023-04-15,03:03:13.414889,Henry,66721
2023-04-15,03:03:13.414970,Dr. Reddy Cricket Stadium,None
2023-04-15,03:03:13.415029,Ganesha,None
2023-04-15,03:03:13.415083,David Wiese,None
2023-04-15,03:03:13.415136,C Sharma,None
2023-04-15,03:03:13.415192,जम्मू कश्मीर,22859
2023-04-15,03:03:13.415247,Shardul,None
2023-04-15,03:03:13.415301,Ferguson,17205
2023-04-15,03:03:13.415354,Drogba,None
2023-04-15,03:03:13.415408,Lendl S,None
2023-04-15,03:03:13.415463,Narine,None
2023-04-15,03:03:13.415524,24H Volume,None
2023-04-15,03:03:13.415571,Tyagi,None
2023-04-15,03:03:13.415618,Rooney,None
2023-04-15,03:03:13.415664,Litton,None
2023-04-15,03:03:13.415709,Market Cap,24141
2023-04-15,03:10:04.178187,#KKRvSRH,28905
2023-04-15,03:10:04.178585,#SatyapalMalik,None
2023-04-15,03:10:04.178655,#PulwamaAttack,None
2023-04-15,03:10:04.178708,सत्यपाल मलिक,37611
2023-04-15,03:10:04.178760,#HarryBrook,None
2023-04-15,03:10:04.178809,hobi,454171
2023-04-15,03:10:04.178857,Happy Vishu,None
2023-04-15,03:10:04.178905,Nitish Rana,None
2023-04-15,03:10:04.178951,Russell,36129
2023-04-15,03:10:04.178998,Karan Thapar,16870
2023-04-15,03:10:04.179044,#7YearsOfFan,None
2023-04-15,03:10:04.179089,Umran,None
2023-04-15,03:10:04.179135,Wriddhiman S,None
2023-04-15,03:10:04.179189,youngji,None
2023-04-15,03:10:04.179236,C Sharma,None
2023-04-15,03:10:04.179283,PETA,68666
2023-04-15,03:10:04.179330,Rinku,21865
2023-04-15,03:10:04.179376,Lockie,None
2023-04-15,03:10:04.179422,Markram,None
2023-04-15,03:10:04.179468,Bhuvi,None
2023-04-15,03:10:04.179515,Jason Roy,None
2023-04-15,03:10:04.179563,जम्मू कश्मीर,22777
2023-04-15,03:10:04.179611,Holkar Cricket Stadium,None
2023-04-15,03:10:04.179658,Wire,29203
2023-04-15,03:10:04.179704,Shardul,None
2023-04-15,03:10:04.179751,Eden,150974
2023-04-15,03:10:04.179796,Ferguson,17300
2023-04-15,03:10:04.179842,Dr. Reddy Cricket Stadium,None
2023-04-15,03:10:04.179888,Narine,None
2023-04-15,03:10:04.179935,Abhishek,None
2023-04-15,03:10:04.179981,Babar,29500
2023-04-15,03:10:04.180025,#JioCinema,None
2023-04-15,03:10:04.180069,#PAKvNZ,22895
2023-04-15,03:10:04.180114,#OrangeArmy,None
2023-04-15,03:10:04.180159,#JanKiBaatKarnatakaPoll,12584
2023-04-15,03:10:04.180204,#SunrisersHyderabad,None
2023-04-15,03:10:04.180250,#KejriwalJhukegaNahi,None
2023-04-15,03:10:04.180297,#bengalinewyear,None
2023-04-15,03:10:04.180344,#SunnyLeoneAtCannes,None
2023-04-15,03:10:04.180391,#Arylie,None
2023-04-15,03:10:04.180437,#ArvindKejriwal,12564
2023-04-15,03:10:04.180482,#toasteed,None
2023-04-15,03:16:43.825304,#AmbedkarJayanti,142730
2023-04-15,03:16:43.825751,भारत रत्न,151635
2023-04-15,03:16:43.825826,#JaiBhim,98498
2023-04-15,03:16:43.825882,भीमराव अंबेडकर,159685
2023-04-15,03:16:43.825935,#Baisakhi,31752
2023-04-15,03:16:43.825985,#HiddenSecretsInQuran,411185
2023-04-15,03:16:43.826034,Allah Kabir,412963
2023-04-15,03:16:43.826083,#KKRvsSRH,12600
2023-04-15,03:16:43.826130,सत्यपाल मलिक,37741
2023-04-15,03:16:43.826179,उमेश पाल,18159
2023-04-15,03:16:43.826227,hobi,455367
2023-04-15,03:16:43.826275,Happy Vishu,None
2023-04-15,03:16:43.826323,Indian Constitution,27796
2023-04-15,03:16:43.826371,Karan Thapar,16936
2023-04-15,03:16:43.826417,Russell,36286
2023-04-15,03:16:43.826463,आधुनिक भारत,13372
2023-04-15,03:16:43.826512,विकास दुबे,10428
2023-04-15,03:16:43.826559,असद अहमद,35664
2023-04-15,03:16:43.826606,Yogi,34449
2023-04-15,03:16:43.826654,जलियांवाला बाग,None
2023-04-15,03:16:43.826701,youngji,None
2023-04-15,03:16:43.826748,हजरत मुहम्मद,53740
2023-04-15,03:16:43.826795,Jason Roy,None
2023-04-15,03:16:43.826847,Lockie,None
2023-04-15,03:16:43.826893,Raneji Make Pendrive Public,56008
2023-04-15,03:16:43.826941,PETA,68939
2023-04-15,03:16:43.826989,Markram,None
2023-04-15,03:16:43.827036,Umran,None
2023-04-15,03:16:43.827083,Umesh Pal,28627
2023-04-15,03:16:43.827130,CRPF,29304
2023-04-15,03:16:43.827177,Henry,67514
2023-04-15,03:16:43.827223,Ganesha,None
2023-04-15,03:16:43.827270,C Sharma,None
2023-04-15,03:16:43.827317,David Wiese,None
2023-04-15,03:16:43.827365,Wriddhiman S,None
2023-04-15,03:16:43.827412,जम्मू कश्मीर,22960
2023-04-15,03:16:43.827460,Shardul,None
2023-04-15,03:16:43.827506,Ferguson,17362
2023-04-15,03:16:43.827552,Lendl S,None
2023-04-15,03:16:43.827600,Drogba,None
2023-04-15,03:16:43.827646,Dr. Reddy Cricket Stadium,None
2023-04-15,03:16:43.827693,24H Volume,None
2023-04-15,03:16:43.827740,S Marsh,None
2023-04-15,03:16:43.827787,Litton,None
2023-04-15,03:16:43.827835,Davinder Singh,None
2023-04-15,03:16:43.827885,Market Cap,24266
2023-04-15,03:16:43.827932,Rooney,None
2023-04-15,03:16:43.827979,Governor,148495
2023-04-15,03:16:43.828026,Lindelof,None
2023-04-15,03:16:43.828072,Billy B,None
2023-04-15,03:23:32.557952,#AmbedkarJayanti,142754
2023-04-15,03:23:32.558361,भारत रत्न,151658
2023-04-15,03:23:32.558436,भीमराव अंबेडकर,159731
2023-04-15,03:23:32.558492,#JaiBhim,98543
2023-04-15,03:23:32.558544,#Baisakhi,31754
2023-04-15,03:23:32.558594,#HiddenSecretsInQuran,411190
2023-04-15,03:23:32.558642,Allah Kabir,412976
2023-04-15,03:23:32.558690,#KKRvsSRH,12602
2023-04-15,03:23:32.558746,सत्यपाल मलिक,37848
2023-04-15,03:23:32.558797,उमेश पाल,18163
2023-04-15,03:23:32.558845,hobi,457310
2023-04-15,03:23:32.558894,Happy Vishu,None
2023-04-15,03:23:32.558942,Indian Constitution,27808
2023-04-15,03:23:32.559019,Russell,36501
2023-04-15,03:23:32.559068,आधुनिक भारत,13379
2023-04-15,03:23:32.559115,विकास दुबे,10433
2023-04-15,03:23:32.559165,Karan Thapar,17019
2023-04-15,03:23:32.559211,असद अहमद,35709
2023-04-15,03:23:32.559259,जलियांवाला बाग,None
2023-04-15,03:23:32.559308,youngji,None
2023-04-15,03:23:32.559356,हजरत मुहम्मद,53742
2023-04-15,03:23:32.559403,Jason Roy,None
2023-04-15,03:23:32.559451,Lockie,None
2023-04-15,03:23:32.559502,Raneji Make Pendrive Public,56088
2023-04-15,03:23:32.559552,PETA,69174
2023-04-15,03:23:32.559601,Umesh Pal,28636
2023-04-15,03:23:32.559648,Henry,67972
2023-04-15,03:23:32.559693,CRPF,29426
2023-04-15,03:23:32.559739,Umran,None
2023-04-15,03:23:32.559785,Ganesha,None
2023-04-15,03:23:32.559830,C Sharma,None
2023-04-15,03:23:32.559876,David Wiese,None
2023-04-15,03:23:32.559921,Wriddhiman S,None
2023-04-15,03:23:32.559967,जम्मू कश्मीर,23034
2023-04-15,03:23:32.560014,Shardul,None
2023-04-15,03:23:32.560060,Ferguson,17461
2023-04-15,03:23:32.560106,Lendl S,None
2023-04-15,03:23:32.560152,Drogba,None
2023-04-15,03:23:32.560199,Dr. Reddy Cricket Stadium,None
2023-04-15,03:23:32.560246,Markram,None
2023-04-15,03:23:32.560293,24H Volume,None
2023-04-15,03:23:32.560339,S Marsh,None
2023-04-15,03:23:32.560384,Litton,None
2023-04-15,03:23:32.560430,Davinder Singh,None
2023-04-15,03:23:32.560477,Market Cap,24382
2023-04-15,03:23:32.560525,Rooney,None
2023-04-15,03:23:32.560571,Governor,149084
2023-04-15,03:23:32.560616,Lindelof,None
2023-04-15,03:23:32.560661,Billy B,None
2023-04-15,03:23:32.560706,Hakimi,585451
2023-04-15,03:30:14.904103,#KKRvSRH,28947
2023-04-15,03:30:14.904610,#PulwamaAttack,None
2023-04-15,03:30:14.904698,#SatyapalMalik,None
2023-04-15,03:30:14.904763,सत्यपाल मलिक,37979
2023-04-15,03:30:14.904832,#HarryBrook,None
2023-04-15,03:30:14.904891,hobi,458575
2023-04-15,03:30:14.904948,Happy Vishu,None
2023-04-15,03:30:14.905004,Nitish Rana,None
2023-04-15,03:30:14.905059,Karan Thapar,17055
2023-04-15,03:30:14.905281,Russell,36656
2023-04-15,03:30:14.905377,#7YearsOfFan,None
2023-04-15,03:30:14.905444,Umran,None
2023-04-15,03:30:14.905503,youngji,None
2023-04-15,03:30:14.905561,C Sharma,None
2023-04-15,03:30:14.905616,Wriddhiman S,None
2023-04-15,03:30:14.905670,PETA,69369
2023-04-15,03:30:14.905727,Rinku,21973
2023-04-15,03:30:14.905781,Lockie,None
2023-04-15,03:30:14.905836,Markram,None
2023-04-15,03:30:14.905890,Jason Roy,None
2023-04-15,03:30:14.905956,जम्मू कश्मीर,23053
2023-04-15,03:30:14.906014,Holkar Cricket Stadium,None
2023-04-15,03:30:14.906079,Shardul,None
2023-04-15,03:30:14.906134,Ferguson,17530
2023-04-15,03:30:14.906188,Eden Gardens,None
2023-04-15,03:30:14.906245,Narine,None
2023-04-15,03:30:14.906298,Abhishek Sharma,None
2023-04-15,03:30:14.906353,Babar,29795
2023-04-15,03:30:14.906406,Arvind Kejriwal,16486
2023-04-15,03:30:14.906462,#JioCinema,None
2023-04-15,03:30:14.906516,#PAKvNZ,23142
2023-04-15,03:30:14.906611,#OrangeArmy,None
2023-04-15,03:30:14.906666,#JanKiBaatKarnatakaPoll,12577
2023-04-15,03:30:14.906725,#SunrisersHyderabad,None
2023-04-15,03:30:14.906784,#OrangeFireIdhi,None
2023-04-15,03:30:14.906840,#KejriwalJhukegaNahi,None
2023-04-15,03:30:14.906895,#bengalinewyear,None
2023-04-15,03:30:14.906949,#SunnyLeoneAtCannes,None
2023-04-15,03:30:14.907004,#Arylie,None
2023-04-15,03:30:14.907065,#toasteed,None
2023-04-15,03:44:29.250303,#AmbedkarJayanti,142670
2023-04-15,03:44:29.250703,भारत रत्न,151582
2023-04-15,03:44:29.250774,#JaiBhim,98249
2023-04-15,03:44:29.250851,भीमराव अंबेडकर,159647
2023-04-15,03:44:29.250907,#Baisakhi,31751
2023-04-15,03:44:29.250956,#HiddenSecretsInQuran,411467
2023-04-15,03:44:29.251015,Allah Kabir,412858
2023-04-15,03:44:29.251065,#KKRvSRH,28995
2023-04-15,03:44:29.251112,सत्यपाल मलिक,38209
2023-04-15,03:44:29.251161,उमेश पाल,17938
2023-04-15,03:44:29.251208,Indian Constitution,27778
2023-04-15,03:44:29.251256,hobi,459769
2023-04-15,03:44:29.251304,Happy Vishu,None
2023-04-15,03:44:29.251352,Russell,35763
2023-04-15,03:44:29.251399,विकास दुबे,10303
2023-04-15,03:44:29.251447,आधुनिक भारत,13366
2023-04-15,03:44:29.251497,Karan Thapar,17213
2023-04-15,03:44:29.251544,असद अहमद,34716
2023-04-15,03:44:29.251591,Yogi,34007
2023-04-15,03:44:29.251638,जलियांवाला बाग,None
2023-04-15,03:44:29.251686,youngji,None
2023-04-15,03:44:29.251733,बाबासाहेब आंबेडकर,74547
2023-04-15,03:44:29.251780,हजरत मुहम्मद,53713
2023-04-15,03:44:29.251832,Lockie,None
2023-04-15,03:44:29.251879,Raneji Make Pendrive Public,56182
2023-04-15,03:44:29.251928,Henry,66244
2023-04-15,03:44:29.251975,Umesh,33202
2023-04-15,03:44:29.252021,PETA,69033
2023-04-15,03:44:29.252066,CRPF,29700
2023-04-15,03:44:29.252112,Umran,None
2023-04-15,03:44:29.252158,C Sharma,None
2023-04-15,03:44:29.252203,Wire,28326
2023-04-15,03:44:29.252248,Wriddhiman S,None
2023-04-15,03:44:29.252293,जम्मू कश्मीर,23162
2023-04-15,03:44:29.252339,Shardul,None
2023-04-15,03:44:29.252384,Ferguson,17022
2023-04-15,03:44:29.252429,Jason Roy,None
2023-04-15,03:44:29.252473,Lord Ganesha,None
2023-04-15,03:44:29.252518,Lendl S,None
2023-04-15,03:44:29.252564,Dr. Reddy Cricket Stadium,None
2023-04-15,03:44:29.252609,Markram,None
2023-04-15,03:44:29.252656,Drogba,None
2023-04-15,03:44:29.252701,Eden Gardens,None
2023-04-15,03:44:29.252746,Rooney,None
2023-04-15,03:44:29.252791,S Marsh,None
2023-04-15,03:44:29.252841,Klopp,23997
2023-04-15,03:44:29.252886,Davinder Singh,None
2023-04-15,03:44:29.252931,Governor,146097
2023-04-15,03:44:29.252977,Lindelof,None
2023-04-15,03:44:29.253023,Billy B,None
2023-04-15,03:55:35.206098,#AmbedkarJayanti,142724
2023-04-15,03:55:35.206562,भारत रत्न,151640
2023-04-15,03:55:35.206645,#JaiBhim,98289
2023-04-15,03:55:35.206709,भीमराव अंबेडकर,159711
2023-04-15,03:55:35.206771,#Baisakhi,31754
2023-04-15,03:55:35.206828,#HiddenSecretsInQuran,411717
2023-04-15,03:55:35.206885,Allah Kabir,413098
2023-04-15,03:55:35.206941,#KKRvSRH,29051
2023-04-15,03:55:35.206996,सत्यपाल मलिक,38432
2023-04-15,03:55:35.207052,उमेश पाल,17944
2023-04-15,03:55:35.207108,Indian Constitution,27789
2023-04-15,03:55:35.207163,hobi,462481
2023-04-15,03:55:35.207217,Russell,35988
2023-04-15,03:55:35.207272,Happy Vishu,None
2023-04-15,03:55:35.207333,विकास दुबे,10309
2023-04-15,03:55:35.207382,आधुनिक भारत,13372
2023-04-15,03:55:35.207431,Karan Thapar,17296
2023-04-15,03:55:35.207478,असद अहमद,34763
2023-04-15,03:55:35.207526,Yogi,34081
2023-04-15,03:55:35.207575,जलियांवाला बाग,None
2023-04-15,03:55:35.207623,youngji,None
2023-04-15,03:55:35.207670,बाबासाहेब आंबेडकर,74572
2023-04-15,03:55:35.207718,हजरत मुहम्मद,53759
2023-04-15,03:55:35.207770,Lockie,None
2023-04-15,03:55:35.207818,Raneji Make Pendrive Public,56226
2023-04-15,03:55:35.207866,Henry,66837
2023-04-15,03:55:35.207913,Umesh,33227
2023-04-15,03:55:35.207959,PETA,69329
2023-04-15,03:55:35.208006,CRPF,29856
2023-04-15,03:55:35.208054,Umran,None
2023-04-15,03:55:35.208101,C Sharma,None
2023-04-15,03:55:35.208147,24H Volume,None
2023-04-15,03:55:35.208193,Wire,28638
2023-04-15,03:55:35.208239,Wriddhiman S,None
2023-04-15,03:55:35.208286,जम्मू कश्मीर,23256
2023-04-15,03:55:35.208334,Ferguson,17150
2023-04-15,03:55:35.208380,Jason Roy,None
2023-04-15,03:55:35.208426,Lord Ganesha,None
2023-04-15,03:55:35.208473,Lendl S,None
2023-04-15,03:55:35.208521,Dr. Reddy Cricket Stadium,None
2023-04-15,03:55:35.208577,Market Cap,24135
2023-04-15,03:55:35.208625,Markram,None
2023-04-15,03:55:35.208672,Klopp,24459
2023-04-15,03:55:35.208719,Drogba,None
2023-04-15,03:55:35.208767,Eden Gardens,None
2023-04-15,03:55:35.208818,Rooney,None
2023-04-15,03:55:35.208865,S Marsh,None
2023-04-15,03:55:35.208912,Davinder Singh,None
2023-04-15,03:55:35.208959,Governor,147261
2023-04-15,03:55:35.209006,Lindelof,None
2023-04-15,04:02:32.782846,#AmbedkarJayanti,142746
2023-04-15,04:02:32.783223,भारत रत्न,151654
2023-04-15,04:02:32.783296,#JaiBhim,98311
2023-04-15,04:02:32.783350,भीमराव अंबेडकर,159716
2023-04-15,04:02:32.783402,#Baisakhi,31763
2023-04-15,04:02:32.783452,#HiddenSecretsInQuran,411827
2023-04-15,04:02:32.783502,Allah Kabir,413213
2023-04-15,04:02:32.783550,#KKRvSRH,29090
2023-04-15,04:02:32.783598,उमेश पाल,17947
2023-04-15,04:02:32.783647,सत्यपाल मलिक,38591
2023-04-15,04:02:32.783696,Indian Constitution,27791
2023-04-15,04:02:32.783744,hobi,463560
2023-04-15,04:02:32.783791,Rinku Singh,12587
2023-04-15,04:02:32.783840,Happy Vishu,None
2023-04-15,04:02:32.783887,विकास दुबे,10317
2023-04-15,04:02:32.783935,आधुनिक भारत,13373
2023-04-15,04:02:32.783984,Karan Thapar,17360
2023-04-15,04:02:32.784032,असद अहमद,34831
2023-04-15,04:02:32.784080,Nitish Rana,None
2023-04-15,04:02:32.784129,Yogi,34136
2023-04-15,04:02:32.784175,जलियांवाला बाग,None
2023-04-15,04:02:32.784223,youngji,None
2023-04-15,04:02:32.784270,बाबासाहेब आंबेडकर,74578
2023-04-15,04:02:32.784322,हजरत मुहम्मद,53787
2023-04-15,04:02:32.784370,Lockie,None
2023-04-15,04:02:32.784418,Raneji Make Pendrive Public,56245
2023-04-15,04:02:32.784466,Henry,67483
2023-04-15,04:02:32.784514,Umesh,33268
2023-04-15,04:02:32.784562,PETA,69552
2023-04-15,04:02:32.784608,CRPF,29981
2023-04-15,04:02:32.784655,Umran,None
2023-04-15,04:02:32.784701,24H Volume,None
2023-04-15,04:02:32.784747,C Sharma,None
2023-04-15,04:02:32.784794,Russell,36203
2023-04-15,04:02:32.784840,Wire,28775
2023-04-15,04:02:32.784886,Wriddhiman S,None
2023-04-15,04:02:32.784933,जम्मू कश्मीर,23332
2023-04-15,04:02:32.784979,Jason Roy,None
2023-04-15,04:02:32.785024,Klopp,24797
2023-04-15,04:02:32.785070,Market Cap,24181
2023-04-15,04:02:32.785116,Lord Ganesha,None
2023-04-15,04:02:32.785161,Lendl S,None
2023-04-15,04:02:32.785207,Dr. Reddy Cricket Stadium,None
2023-04-15,04:02:32.785254,Markram,None
2023-04-15,04:02:32.785302,Drogba,None
2023-04-15,04:02:32.785351,Eden Gardens,None
2023-04-15,04:02:32.785399,Rooney,None
2023-04-15,04:02:32.785445,S Marsh,None
2023-04-15,04:02:32.785491,$SFUND,None
2023-04-15,04:02:32.785537,Davinder Singh,None
2023-04-15,04:09:18.372579,#AmbedkarJayanti,142772
2023-04-15,04:09:18.373074,भारत रत्न,151683
2023-04-15,04:09:18.373159,#JaiBhim,98335
2023-04-15,04:09:18.373223,भीमराव अंबेडकर,159742
2023-04-15,04:09:18.373284,#HiddenSecretsInQuran,411940
2023-04-15,04:09:18.373342,#Baisakhi,31767
2023-04-15,04:09:18.373398,Allah Kabir,413316
2023-04-15,04:09:18.373454,#KKRvSRH,29113
2023-04-15,04:09:18.373508,उमेश पाल,17952
2023-04-15,04:09:18.373564,सत्यपाल मलिक,38724
2023-04-15,04:09:18.373618,Indian Constitution,27798
2023-04-15,04:09:18.373673,Rinku Singh,12618
2023-04-15,04:09:18.373727,Happy Vishu,None
2023-04-15,04:09:18.373783,hobi,464067
2023-04-15,04:09:18.373837,विकास दुबे,10321
2023-04-15,04:09:18.373892,आधुनिक भारत,13374
2023-04-15,04:09:18.373948,Karan Thapar,17414
2023-04-15,04:09:18.374002,असद अहमद,34894
2023-04-15,04:09:18.374057,Nitish Rana,None
2023-04-15,04:09:18.374112,Yogi,34170
2023-04-15,04:09:18.374172,जलियांवाला बाग,None
2023-04-15,04:09:18.374228,youngji,None
2023-04-15,04:09:18.374283,बाबासाहेब आंबेडकर,74596
2023-04-15,04:09:18.374343,हजरत मुहम्मद,53806
2023-04-15,04:09:18.374408,Lockie,None
2023-04-15,04:09:18.374464,Raneji Make Pendrive Public,56302
2023-04-15,04:09:18.374518,Henry,67844
2023-04-15,04:09:18.374571,Umesh,33280
2023-04-15,04:09:18.374625,PETA,69684
2023-04-15,04:09:18.374679,CRPF,30063
2023-04-15,04:09:18.374732,Umran,None
2023-04-15,04:09:18.374785,24H Volume,None
2023-04-15,04:09:18.374838,C Sharma,None
2023-04-15,04:09:18.374891,Russell,36410
2023-04-15,04:09:18.374944,Wire,28999
2023-04-15,04:09:18.374997,Wriddhiman S,None
2023-04-15,04:09:18.375050,जम्मू कश्मीर,23408
2023-04-15,04:09:18.375104,Jason Roy,None
2023-04-15,04:09:18.375157,Klopp,24995
2023-04-15,04:09:18.375211,Market Cap,24257
2023-04-15,04:09:18.375263,Lendl S,None
2023-04-15,04:09:18.375316,Dr. Reddy Cricket Stadium,None
2023-04-15,04:09:18.375370,Markram,None
2023-04-15,04:09:18.375423,Drogba,None
2023-04-15,04:09:18.375477,Eden Gardens,None
2023-04-15,04:09:18.375535,Rooney,None
2023-04-15,04:09:18.375590,S Marsh,None
2023-04-15,04:09:18.375643,$SFUND,None
2023-04-15,04:09:18.375696,Davinder Singh,None
2023-04-15,04:09:18.375749,Ganesha,None
2023-04-15,04:16:00.520669,#AmbedkarJayanti,142792
2023-04-15,04:16:00.521437,भारत रत्न,151713
2023-04-15,04:16:00.521581,#JaiBhim,98375
2023-04-15,04:16:00.521695,भीमराव अंबेडकर,159773
2023-04-15,04:16:00.521801,#HiddenSecretsInQuran,412075
2023-04-15,04:16:00.521903,#Baisakhi,31782
2023-04-15,04:16:00.522002,Allah Kabir,413469
2023-04-15,04:16:00.522099,#KKRvSRH,29168
2023-04-15,04:16:00.522196,उमेश पाल,17962
2023-04-15,04:16:00.522294,सत्यपाल मलिक,38886
2023-04-15,04:16:00.522391,Happy Vishu,None
2023-04-15,04:16:00.522488,Indian Constitution,27799
2023-04-15,04:16:00.522583,Rinku Singh,12634
2023-04-15,04:16:00.522679,hobi,466566
2023-04-15,04:16:00.522773,विकास दुबे,10322
2023-04-15,04:16:00.522869,आधुनिक भारत,13378
2023-04-15,04:16:00.522970,Karan Thapar,17479
2023-04-15,04:16:00.523075,असद अहमद,34960
2023-04-15,04:16:00.523213,Nitish Rana,None
2023-04-15,04:16:00.523317,Yogi,34231
2023-04-15,04:16:00.523412,जलियांवाला बाग,None
2023-04-15,04:16:00.523508,youngji,None
2023-04-15,04:16:00.523604,बाबासाहेब आंबेडकर,74610
2023-04-15,04:16:00.523709,हजरत मुहम्मद,53829
2023-04-15,04:16:00.523805,Lockie,None
2023-04-15,04:16:00.523902,Raneji Make Pendrive Public,56352
2023-04-15,04:16:00.523997,Henry,68145
2023-04-15,04:16:00.524092,PETA,69854
2023-04-15,04:16:00.524188,Umesh Pal,28578
2023-04-15,04:16:00.524284,CRPF,30169
2023-04-15,04:16:00.524379,Umran,None
2023-04-15,04:16:00.524474,24H Volume,None
2023-04-15,04:16:00.524570,C Sharma,None
2023-04-15,04:16:00.524665,Russell,36574
2023-04-15,04:16:00.524760,Wire,29215
2023-04-15,04:16:00.524854,Wriddhiman S,None
2023-04-15,04:16:00.524950,Jason Roy,None
2023-04-15,04:16:00.525048,Klopp,25157
2023-04-15,04:16:00.525100,Market Cap,24325
2023-04-15,04:16:00.525153,Lendl S,None
2023-04-15,04:16:00.525206,Dr. Reddy Cricket Stadium,None
2023-04-15,04:16:00.525268,Markram,None
2023-04-15,04:16:00.525317,Drogba,None
2023-04-15,04:16:00.525366,Eden Gardens,None
2023-04-15,04:16:00.525416,Rooney,None
2023-04-15,04:16:00.525470,S Marsh,None
2023-04-15,04:16:00.525518,$SFUND,None
2023-04-15,04:16:00.525567,Davinder Singh,None
2023-04-15,04:16:00.525616,Ganesha,None
2023-04-15,04:16:00.525664,KBKJ ARRIVES IN ONE WEEK,31225
2023-04-15,04:22:37.936800,#AmbedkarJayanti,142826
2023-04-15,04:22:37.937344,#KKRvSRH,29183
2023-04-15,04:22:37.937441,भारत रत्न,151726
2023-04-15,04:22:37.937520,भीमराव अंबेडकर,159797
2023-04-15,04:22:37.937592,#JaiBhim,98390
2023-04-15,04:22:37.937661,#HiddenSecretsInQuran,412228
2023-04-15,04:22:37.937728,Allah Kabir,413638
2023-04-15,04:22:37.937794,#Baisakhi,31786
2023-04-15,04:22:37.937859,Harry Brook,34665
2023-04-15,04:22:37.937924,hobi,467420
2023-04-15,04:22:37.937989,उमेश पाल,17966
2023-04-15,04:22:37.938068,सत्यपाल मलिक,39065
2023-04-15,04:22:37.938135,Pradeep Bhandari,12504
2023-04-15,04:22:37.938200,Indian Constitution,27802
2023-04-15,04:22:37.938265,Happy Vishu,None
2023-04-15,04:22:37.938331,KBKJ ARRIVES IN ONE WEEK,31237
2023-04-15,04:22:37.938396,आधुनिक भारत,13382
2023-04-15,04:22:37.938460,विकास दुबे,10324
2023-04-15,04:22:37.938524,हजरत मुहम्मद,53854
2023-04-15,04:22:37.938589,पुष्पांजलि अर्पित,17617
2023-04-15,04:22:37.938652,Nitish Rana,None
2023-04-15,04:22:37.938715,Russell,36732
2023-04-15,04:22:37.938779,Raneji Make Pendrive Public,56436
2023-04-15,04:22:37.938848,असद अहमद,35003
2023-04-15,04:22:37.938913,Yogi,34244
2023-04-15,04:22:37.938977,पुष्प अर्पित,None
2023-04-15,04:22:37.939042,Rinku Singh,12641
2023-04-15,04:22:37.939105,Karan Thapar,17535
2023-04-15,04:22:37.939168,youngji,None
2023-04-15,04:22:37.939232,Henry,68653
2023-04-15,04:22:37.939294,C Sharma,None
2023-04-15,04:22:37.939357,Wriddhiman S,None
2023-04-15,04:22:37.939421,Lockie,None
2023-04-15,04:22:37.939483,CRPF,30306
2023-04-15,04:22:37.939547,PETA,69976
2023-04-15,04:22:37.939610,Wire,29345
2023-04-15,04:22:37.939673,Lendl S,None
2023-04-15,04:22:37.939736,S Marsh,None
2023-04-15,04:22:37.939799,Jason Roy,None
2023-04-15,04:22:37.939863,Klopp,25327
2023-04-15,04:22:37.939926,Steven S,None
2023-04-15,04:22:37.939989,24H Volume,None
2023-04-15,04:22:37.940059,Eden Gardens,None
2023-04-15,04:22:37.940112,Drogba,None
2023-04-15,04:22:37.940166,Rooney,None
2023-04-15,04:22:37.940223,MetLife,30952
2023-04-15,04:22:37.940276,Holkar Cricket Stadium,None
2023-04-15,04:22:37.940330,Market Cap,24381
2023-04-15,04:22:37.940405,Dr. Reddy Cricket Stadium,None
2023-04-15,04:22:37.940460,Governor,150214
2023-04-15,04:29:12.899479,#AmbedkarJayanti,142839
2023-04-15,04:29:12.899964,भारत रत्न,151757
2023-04-15,04:29:12.900051,भीमराव अंबेडकर,159851
2023-04-15,04:29:12.900115,#JaiBhim,98408
2023-04-15,04:29:12.900176,#HiddenSecretsInQuran,412408
2023-04-15,04:29:12.900239,#Baisakhi,31790
2023-04-15,04:29:12.900294,Allah Kabir,413775
2023-04-15,04:29:12.900349,#KKRvSRH,29210
2023-04-15,04:29:12.900402,उमेश पाल,17972
2023-04-15,04:29:12.900457,सत्यपाल मलिक,39265
2023-04-15,04:29:12.900512,Happy Vishu,None
2023-04-15,04:29:12.900568,Indian Constitution,27807
2023-04-15,04:29:12.900622,Rinku Singh,12654
2023-04-15,04:29:12.900677,hobi,468554
2023-04-15,04:29:12.900730,विकास दुबे,10330
2023-04-15,04:29:12.900785,आधुनिक भारत,13385
2023-04-15,04:29:12.900840,Karan Thapar,17611
2023-04-15,04:29:12.900893,असद अहमद,35075
2023-04-15,04:29:12.900948,Nitish Rana,None
2023-04-15,04:29:12.901004,Yogi,34296
2023-04-15,04:29:12.901058,जलियांवाला बाग,None
2023-04-15,04:29:12.901113,youngji,None
2023-04-15,04:29:12.901167,बाबासाहेब आंबेडकर,74635
2023-04-15,04:29:12.901228,हजरत मुहम्मद,53882
2023-04-15,04:29:12.901283,Lockie,None
2023-04-15,04:29:12.901338,Raneji Make Pendrive Public,56447
2023-04-15,04:29:12.901392,Henry,68971
2023-04-15,04:29:12.901446,Umesh Pal,28624
2023-04-15,04:29:12.901500,CRPF,30420
2023-04-15,04:29:12.901554,24H Volume,None
2023-04-15,04:29:12.901608,C Sharma,None
2023-04-15,04:29:12.901662,Russell,36879
2023-04-15,04:29:12.901715,Wire,29499
2023-04-15,04:29:12.901768,Wriddhiman S,None
2023-04-15,04:29:12.901822,PETA,70251
2023-04-15,04:29:12.901876,Jason Roy,None
2023-04-15,04:29:12.901929,Klopp,25540
2023-04-15,04:29:12.901982,Market Cap,24406
2023-04-15,04:29:12.902035,Lendl S,None
2023-04-15,04:29:12.902089,Dr. Reddy Cricket Stadium,None
2023-04-15,04:29:12.902143,Drogba,None
2023-04-15,04:29:12.902196,Eden Gardens,None
2023-04-15,04:29:12.902250,Rooney,None
2023-04-15,04:29:12.902303,S Marsh,None
2023-04-15,04:29:12.902358,$SFUND,None
2023-04-15,04:29:12.902426,Markram,None
2023-04-15,04:29:12.902482,Davinder Singh,None
2023-04-15,04:29:12.902536,Ganesha,None
2023-04-15,04:29:12.902590,KBKJ ARRIVES IN ONE WEEK,31249
2023-04-15,04:29:12.902643,Lindelof,None
2023-04-15,04:43:28.570246,#AmbedkarJayanti,142600
2023-04-15,04:43:28.570739,भारत रत्न,151499
2023-04-15,04:43:28.570826,#JaiBhim,98016
2023-04-15,04:43:28.570892,भीमराव अंबेडकर,159606
2023-04-15,04:43:28.570954,#HiddenSecretsInQuran,412576
2023-04-15,04:43:28.571012,#Baisakhi,31781
2023-04-15,04:43:28.571070,Allah Kabir,412914
2023-04-15,04:43:28.571126,#KKRvSRH,29257
2023-04-15,04:43:28.571180,Happy Vishu,None
2023-04-15,04:43:28.571238,उमेश पाल,17673
2023-04-15,04:43:28.571293,सत्यपाल मलिक,39542
2023-04-15,04:43:28.572401,Indian Constitution,27762
2023-04-15,04:43:28.572576,Rinku Singh,12692
2023-04-15,04:43:28.572664,hobi,469758
2023-04-15,04:43:28.572736,आधुनिक भारत,13351
2023-04-15,04:43:28.572807,विकास दुबे,10139
2023-04-15,04:43:28.572905,Karan Thapar,17787
2023-04-15,04:43:28.572974,असद अहमद,33632
2023-04-15,04:43:28.573041,Nitish Rana,None
2023-04-15,04:43:28.573108,Yogi,33746
2023-04-15,04:43:28.573173,जलियांवाला बाग,None
2023-04-15,04:43:28.573239,youngji,None
2023-04-15,04:43:28.573304,बाबासाहेब आंबेडकर,74378
2023-04-15,04:43:28.573380,Lockie,None
2023-04-15,04:43:28.573446,हजरत मुहम्मद,53796
2023-04-15,04:43:28.573512,Raneji Make Pendrive Public,56530
2023-04-15,04:43:28.573577,Henry,67063
2023-04-15,04:43:28.573640,Umesh Pal,28402
2023-04-15,04:43:28.573704,CRPF,30661
2023-04-15,04:43:28.573769,C Sharma,None
2023-04-15,04:43:28.573833,Russell,35995
2023-04-15,04:43:28.573897,Wire,28381
2023-04-15,04:43:28.573960,Wriddhiman S,None
2023-04-15,04:43:28.574024,24H Volume,None
2023-04-15,04:43:28.574090,PETA,69766
2023-04-15,04:43:28.574153,Jason Roy,None
2023-04-15,04:43:28.574217,Klopp,25622
2023-04-15,04:43:28.574282,Lendl S,None
2023-04-15,04:43:28.574346,Dr. Reddy Cricket Stadium,None
2023-04-15,04:43:28.574411,Drogba,None
2023-04-15,04:43:28.574475,Market Cap,23956
2023-04-15,04:43:28.574539,Rooney,None
2023-04-15,04:43:28.574602,S Marsh,None
2023-04-15,04:43:28.574666,$SFUND,None
2023-04-15,04:43:28.574732,Markram,None
2023-04-15,04:43:28.574802,Davinder Singh,None
2023-04-15,04:43:28.574866,Ganesha,None
2023-04-15,04:43:28.574930,Punk,40031
2023-04-15,04:43:28.574994,Hakimi,602500
2023-04-15,04:43:28.575058,KBKJ ARRIVES IN ONE WEEK,31301
