2023-04-10,00:04:37.909696,#askmrunal,None
2023-04-10,00:04:37.910111,#RamBhaktEknath,None
2023-04-10,00:04:37.910185,#AyodhyaMeEknath,60182
2023-04-10,00:04:37.910238,Happy Easter,1541755
2023-04-10,00:04:37.910287,#MilletsNaturalFarming4Health,None
2023-04-10,00:04:37.910335,#छत्तीसगढ़_बनता_जिहादगढ़,14444
2023-04-10,00:04:37.910385,STUNNING JODI PRIYANKIT,104099
2023-04-10,00:04:37.910434,सचिन पायलट,26127
2023-04-10,00:04:37.910482,Sushant Singh Rajput Matters,54115
2023-04-10,00:04:37.910530,बांदीपुर टाइगर रिजर्व,11739
2023-04-10,00:04:37.910605,ENDLESS LOVE FOR MUNAWAR,78191
2023-04-10,00:04:37.910656,taylor,895192
2023-04-10,00:04:37.910703,The Elephant Whisperers,None
2023-04-10,00:04:37.910751,100 EPS OF AMRITA BRAR,11545
2023-04-10,00:04:37.910798,राजा बाबू,None
2023-04-10,00:04:37.910845,VEER EPITOME OF EMOTIONS,18488
2023-04-10,00:04:37.910893,Mahindra,None
2023-04-10,00:04:37.910940,DEMANDING YUKTI AS KARISHMA,30100
2023-04-10,00:04:37.910986,Eknath Shinde,16989
2023-04-10,00:04:37.911031,शहीद स्मारक,None
2023-04-10,00:04:37.911077,केंद्रीय रिजर्व पुलिस,None
2023-04-10,00:04:37.911123,भारतीय राष्ट्रीय छात्र संगठन,None
2023-04-10,00:04:37.911170,Supreme God Kabir,392998
2023-04-10,00:04:37.911216,ONE DAY FOR HUM,27480
2023-04-10,00:04:37.911261,CRPF,16994
2023-04-10,00:04:37.911311,वसुंधरा राजे,None
2023-04-10,00:04:37.911357,Joe Alwyn,211418
2023-04-10,00:04:37.911404,Jago Hindus Jago,23250
2023-04-10,00:04:37.911449,Amul,15832
2023-04-10,00:04:37.911496,राहुल सांकृत्यायन,None
2023-04-10,00:04:37.911542,Swag,26103
2023-04-10,00:04:37.911587,गहलोत सरकार,16566
2023-04-10,00:04:37.911632,Deepak Chahar,None
2023-04-10,00:04:37.911677,Prime Minister,72933
2023-04-10,00:04:37.911723,Valverde,213035
2023-04-10,00:04:37.911767,PM Shri,24636
2023-04-10,00:04:37.911811,Izzy,192102
2023-04-10,00:04:37.911856,Burnol,None
2023-04-10,00:04:37.911900,ईसा मसीह,None
2023-04-10,00:04:37.911946,दलित महिला,None
2023-04-10,00:04:37.911992,#GTvsKKR,33398
2023-04-10,00:04:37.912037,#SaveOshoLegacy,22639
2023-04-10,00:04:37.912081,#QuranForAll,None
2023-04-10,00:04:37.912125,#KPpunePoliceBrutality,14662
2023-04-10,00:04:37.912170,#RemoveOIFtrustees,14718
2023-04-10,00:04:37.912213,#TigerInKarnataka,38271
2023-04-10,00:04:37.912257,#ParimatchPeJeetKaTyohaar,None
2023-04-10,00:04:37.912301,#गुरु_हैं_चारों_धाम,15752
2023-04-10,00:04:37.912346,#NSUIFoundationDay,14118
2023-04-10,00:04:37.912394,#SachinPilot,None
2023-04-10,00:11:14.869654,#askmrunal,None
2023-04-10,00:11:14.870105,#ParimatchPeJeetKaTyohaar,None
2023-04-10,00:11:14.870185,#RamBhaktEknath,None
2023-04-10,00:11:14.870247,#AyodhyaMeEknath,60195
2023-04-10,00:11:14.870305,Happy Easter,1512430
2023-04-10,00:11:14.870362,#MilletsNaturalFarming4Health,None
2023-04-10,00:11:14.870419,STUNNING JODI PRIYANKIT,104183
2023-04-10,00:11:14.870505,सचिन पायलट,26249
2023-04-10,00:11:14.870564,Sushant Singh Rajput Matters,54364
2023-04-10,00:11:14.870620,बांदीपुर टाइगर रिजर्व,11748
2023-04-10,00:11:14.870676,taylor,897490
2023-04-10,00:11:14.870732,ENDLESS LOVE FOR MUNAWAR,78235
2023-04-10,00:11:14.870785,The Elephant Whisperers,None
2023-04-10,00:11:14.870845,100 EPS OF AMRITA BRAR,11546
2023-04-10,00:11:14.870899,राजा बाबू,None
2023-04-10,00:11:14.870954,Mahindra,None
2023-04-10,00:11:14.871010,VEER EPITOME OF EMOTIONS,18493
2023-04-10,00:11:14.871064,DEMANDING YUKTI AS KARISHMA,30101
2023-04-10,00:11:14.871118,Eknath Shinde,17005
2023-04-10,00:11:14.871173,शहीद स्मारक,None
2023-04-10,00:11:14.871228,केंद्रीय रिजर्व पुलिस,None
2023-04-10,00:11:14.871283,भारतीय राष्ट्रीय छात्र संगठन,None
2023-04-10,00:11:14.871350,Supreme God Kabir,393195
2023-04-10,00:11:14.871406,ONE DAY FOR HUM,27492
2023-04-10,00:11:14.871461,CRPF,17018
2023-04-10,00:11:14.871520,वसुंधरा राजे,None
2023-04-10,00:11:14.871575,Joe Alwyn,211797
2023-04-10,00:11:14.871629,Jago Hindus Jago,23256
2023-04-10,00:11:14.871683,राहुल सांकृत्यायन,None
2023-04-10,00:11:14.871739,Amul,15874
2023-04-10,00:11:14.871792,Swag,26165
2023-04-10,00:11:14.871845,गहलोत सरकार,16588
2023-04-10,00:11:14.871900,Deepak Chahar,None
2023-04-10,00:11:14.871954,Prime Minister,73276
2023-04-10,00:11:14.872008,Valverde,214101
2023-04-10,00:11:14.872062,PM Shri,24672
2023-04-10,00:11:14.872116,Izzy,192442
2023-04-10,00:11:14.872169,Burnol,None
2023-04-10,00:11:14.872223,ईसा मसीह,78297
2023-04-10,00:11:14.872278,दलित महिला,None
2023-04-10,00:11:14.872332,#छत्तीसगढ़_बनता_जिहादगढ़,14466
2023-04-10,00:11:14.872386,#GTvsKKR,33510
2023-04-10,00:11:14.872440,#SaveOshoLegacy,22640
2023-04-10,00:11:14.872493,#QuranForAll,None
2023-04-10,00:11:14.872548,#KPpunePoliceBrutality,14662
2023-04-10,00:11:14.872601,#RemoveOIFtrustees,14718
2023-04-10,00:11:14.872654,#TigerInKarnataka,38279
2023-04-10,00:11:14.872706,#गुरु_हैं_चारों_धाम,15752
2023-04-10,00:11:14.872760,#NSUIFoundationDay,14131
2023-04-10,00:11:14.872817,#SachinPilot,None
