2023-04-12,00:05:05.692032,#DCvMI,34835
2023-04-12,00:05:05.692517,#MIvsDC,18918
2023-04-12,00:05:05.692596,#PhantomVFold,None
2023-04-12,00:05:05.692651,Warner,29049
2023-04-12,00:05:05.692702,#JanNayakAshokGehlot,12504
2023-04-12,00:05:05.692752,Axar Patel,None
2023-04-12,00:05:05.692800,#SuryakumarYadav,None
2023-04-12,00:05:05.692849,yeonjun,324406
2023-04-12,00:05:05.692901,Chris G,None
2023-04-12,00:05:05.692948,Dinesh K,None
2023-04-12,00:05:05.692994,Piyush Chawla,None
2023-04-12,00:05:05.693041,Amethi,None
2023-04-12,00:05:05.693086,Barinder S,None
2023-04-12,00:05:05.693133,Harshal P,None
2023-04-12,00:05:05.693179,She is 19,None
2023-04-12,00:05:05.693225,हेमंत यादव,None
2023-04-12,00:05:05.693274,SHEHNAAZ AT KAPIL SHARMA SHOW,49273
2023-04-12,00:05:05.693320,Wayanad,49869
2023-04-12,00:05:05.693366,Powell,10005
2023-04-12,00:05:05.693413,दिव्या मदेरणा,None
2023-04-12,00:05:05.693461,Prithvi Shaw,None
2023-04-12,00:05:05.693511,सोनू सूद,None
2023-04-12,00:05:05.693560,Manish Pandey,None
2023-04-12,00:05:05.693605,Millie Bobby Brown,50480
2023-04-12,00:05:05.693652,Rajasthan,60572
2023-04-12,00:05:05.693699,taehyun,157294
2023-04-12,00:05:05.693744,Arif,21872
2023-04-12,00:05:05.693790,Continuous Betrayal InSSRCase,47762
2023-04-12,00:05:05.693836,Bayern,134593
2023-04-12,00:05:05.693882,Pilot,48098
2023-04-12,00:05:05.693928,Achcha,None
2023-04-12,00:05:05.693973,साबरमती जेल,None
2023-04-12,00:05:05.694020,प्रियंका गांधी,None
2023-04-12,00:05:05.694066,Muslims in India,19244
2023-04-12,00:05:05.694114,#KarnatakaElections2023,None
2023-04-12,00:05:05.694160,#30thSpringWithSEHUN,191203
2023-04-12,00:05:05.694207,#세훈이의_30번째_봄바람,176679
2023-04-12,00:05:05.694254,#TheMarvels,102302
2023-04-12,00:05:05.694300,#CFCNEUFC,None
2023-04-12,00:05:05.694347,#VersatileVishweshwarReddy,None
2023-04-12,00:05:05.694393,#PortfolioDay,115798
2023-04-12,00:05:05.694439,#Footpatrolling,None
2023-04-12,00:05:05.694485,#PriyankaGandhi,None
2023-04-12,00:05:05.694531,#vivoT2xgiveaway,26307
2023-04-12,00:05:05.694578,#AtiqueAhmed,None
2023-04-12,00:05:05.694628,#vivoT2Series,26012
2023-04-12,00:05:05.694674,#Simhadri4KOnMay20,20147
2023-04-12,00:05:05.694719,#bjpkarnataka,None
2023-04-12,00:05:05.694765,#RowdyRathore2,None
2023-04-12,00:05:05.694811,#TurboLife,24270
2023-04-12,00:11:49.038926,#MIvsDC,19291
2023-04-12,00:11:49.039400,#DCvMI,36295
2023-04-12,00:11:49.039481,#PhantomVFold,None
2023-04-12,00:11:49.039547,Warner,29209
2023-04-12,00:11:49.039607,#JanNayakAshokGehlot,12521
2023-04-12,00:11:49.039664,Axar Patel,None
2023-04-12,00:11:49.039720,#KarnatakaElections2023,None
2023-04-12,00:11:49.039776,Nortje,None
2023-04-12,00:11:49.039830,yeonjun,325999
2023-04-12,00:11:49.039885,Sundaram R & Chettithody S,None
2023-04-12,00:11:49.039938,Chris G,None
2023-04-12,00:11:49.039992,Dinesh K,None
2023-04-12,00:11:49.040045,Barinder S,None
2023-04-12,00:11:49.040098,Amethi,None
2023-04-12,00:11:49.040151,Harshal P,None
2023-04-12,00:11:49.040204,She is 19,None
2023-04-12,00:11:49.040258,Piyush Chawla,None
2023-04-12,00:11:49.040311,हेमंत यादव,None
2023-04-12,00:11:49.040367,SHEHNAAZ AT KAPIL SHARMA SHOW,50332
2023-04-12,00:11:49.040421,Wayanad,50194
2023-04-12,00:11:49.040474,दिव्या मदेरणा,None
2023-04-12,00:11:49.040529,Prithvi Shaw,None
2023-04-12,00:11:49.040587,सोनू सूद,None
2023-04-12,00:11:49.040642,Millie Bobby Brown,50984
2023-04-12,00:11:49.040696,taehyun,157879
2023-04-12,00:11:49.040751,Arif,21990
2023-04-12,00:11:49.040804,Continuous Betrayal InSSRCase,47881
2023-04-12,00:11:49.040858,Bayern,138407
2023-04-12,00:11:49.040911,साबरमती जेल,None
2023-04-12,00:11:49.040968,Sachin Pilot,11041
2023-04-12,00:11:49.041021,प्रियंका गांधी,None
2023-04-12,00:11:49.041076,#SuryakumarYadav,None
2023-04-12,00:11:49.041129,#30thSpringWithSEHUN,191887
2023-04-12,00:11:49.041183,#세훈이의_30번째_봄바람,177576
2023-04-12,00:11:49.041238,#Mumbaiindinas,None
2023-04-12,00:11:49.041303,#TheMarvels,102850
2023-04-12,00:11:49.041358,#CFCNEUFC,None
2023-04-12,00:11:49.041412,#VersatileVishweshwarReddy,None
2023-04-12,00:11:49.041465,#PortfolioDay,117843
2023-04-12,00:11:49.041519,#Footpatrolling,None
2023-04-12,00:11:49.041572,#vivoT2xgiveaway,26364
2023-04-12,00:11:49.041625,#vivoT2Series,26086
2023-04-12,00:11:49.041678,#AtiqueAhmed,None
2023-04-12,00:11:49.041731,#RajasthanPolitics,None
2023-04-12,00:11:49.041786,#Simhadri4KOnMay20,20190
2023-04-12,00:11:49.041839,#bjpkarnataka,None
2023-04-12,00:11:49.041897,#TurboLife,24347
2023-04-12,00:11:49.041950,#UdhayanidhiStalin,None
2023-04-12,00:11:49.042035,#CSKvsRR,None
2023-04-12,00:11:49.042090,#नियमावली_23_वापस_लो,25001
